2025-08-15T19:57:26.860+05:30  INFO [HOTEL-MANAGEMENT-APPLICATION-HOTELSERVICE,,] 10528 --- [HOTEL-MANAGEMENT-APPLICATION-HOTELSERVICE] [restartedMain] [                                                 ] c.w.m.h.h.HotelManagemntApplication      : Starting HotelManagemntApplication using Java 21.0.7 with PID 10528 (E:\Wipro\Microservices\Hotel-Management-Microservice\Hotel-Managemnt-Application-HotelService\target\classes started by Shobhit PC in E:\Wipro\Microservices\Hotel-Management-Microservice\Hotel-Managemnt-Application-HotelService)
2025-08-15T19:57:26.865+05:30  INFO [HOTEL-MANAGEMENT-APPLICATION-HOTELSERVICE,,] 10528 --- [HOTEL-MANAGEMENT-APPLICATION-HOTELSERVICE] [restartedMain] [                                                 ] c.w.m.h.h.HotelManagemntApplication      : No active profile set, falling back to 1 default profile: "default"
2025-08-15T19:57:26.907+05:30  INFO [HOTEL-MANAGEMENT-APPLICATION-HOTELSERVICE,,] 10528 --- [HOTEL-MANAGEMENT-APPLICATION-HOTELSERVICE] [restartedMain] [                                                 ] o.s.c.c.c.ConfigServerConfigDataLoader   : Fetching config from server at : http://localhost:9053
2025-08-15T19:57:26.908+05:30  INFO [HOTEL-MANAGEMENT-APPLICATION-HOTELSERVICE,,] 10528 --- [HOTEL-MANAGEMENT-APPLICATION-HOTELSERVICE] [restartedMain] [                                                 ] o.s.c.c.c.ConfigServerConfigDataLoader   : Located environment: name=HOTEL-MANAGEMENT-APPLICATION-HOTELSERVICE, profiles=[default], label=null, version=67dbd04e6efed51f737a4b0f2094eae5b4d304e5, state=
2025-08-15T19:57:26.910+05:30  INFO [HOTEL-MANAGEMENT-APPLICATION-HOTELSERVICE,,] 10528 --- [HOTEL-MANAGEMENT-APPLICATION-HOTELSERVICE] [restartedMain] [                                                 ] .e.DevToolsPropertyDefaultsPostProcessor : Devtools property defaults active! Set 'spring.devtools.add-properties' to 'false' to disable
2025-08-15T19:57:26.910+05:30  INFO [HOTEL-MANAGEMENT-APPLICATION-HOTELSERVICE,,] 10528 --- [HOTEL-MANAGEMENT-APPLICATION-HOTELSERVICE] [restartedMain] [                                                 ] .e.DevToolsPropertyDefaultsPostProcessor : For additional web related logging consider setting the 'logging.level.web' property to 'DEBUG'
2025-08-15T19:57:28.008+05:30  INFO [HOTEL-MANAGEMENT-APPLICATION-HOTELSERVICE,,] 10528 --- [HOTEL-MANAGEMENT-APPLICATION-HOTELSERVICE] [restartedMain] [                                                 ] .s.d.r.c.RepositoryConfigurationDelegate : Bootstrapping Spring Data JPA repositories in DEFAULT mode.
2025-08-15T19:57:28.124+05:30  INFO [HOTEL-MANAGEMENT-APPLICATION-HOTELSERVICE,,] 10528 --- [HOTEL-MANAGEMENT-APPLICATION-HOTELSERVICE] [restartedMain] [                                                 ] .s.d.r.c.RepositoryConfigurationDelegate : Finished Spring Data repository scanning in 109 ms. Found 1 JPA repository interface.
2025-08-15T19:57:28.400+05:30  INFO [HOTEL-MANAGEMENT-APPLICATION-HOTELSERVICE,,] 10528 --- [HOTEL-MANAGEMENT-APPLICATION-HOTELSERVICE] [restartedMain] [                                                 ] o.s.cloud.context.scope.GenericScope     : BeanFactory id=04329e40-c9d6-3d19-87d8-cb4d4685625a
2025-08-15T19:57:29.202+05:30  INFO [HOTEL-MANAGEMENT-APPLICATION-HOTELSERVICE,,] 10528 --- [HOTEL-MANAGEMENT-APPLICATION-HOTELSERVICE] [restartedMain] [                                                 ] o.s.b.w.embedded.tomcat.TomcatWebServer  : Tomcat initialized with port 9091 (http)
2025-08-15T19:57:29.214+05:30  INFO [HOTEL-MANAGEMENT-APPLICATION-HOTELSERVICE,,] 10528 --- [HOTEL-MANAGEMENT-APPLICATION-HOTELSERVICE] [restartedMain] [                                                 ] o.apache.catalina.core.StandardService   : Starting service [Tomcat]
2025-08-15T19:57:29.215+05:30  INFO [HOTEL-MANAGEMENT-APPLICATION-HOTELSERVICE,,] 10528 --- [HOTEL-MANAGEMENT-APPLICATION-HOTELSERVICE] [restartedMain] [                                                 ] o.apache.catalina.core.StandardEngine    : Starting Servlet engine: [Apache Tomcat/10.1.43]
2025-08-15T19:57:29.277+05:30  INFO [HOTEL-MANAGEMENT-APPLICATION-HOTELSERVICE,,] 10528 --- [HOTEL-MANAGEMENT-APPLICATION-HOTELSERVICE] [restartedMain] [                                                 ] o.a.c.c.C.[Tomcat].[localhost].[/]       : Initializing Spring embedded WebApplicationContext
2025-08-15T19:57:29.278+05:30  INFO [HOTEL-MANAGEMENT-APPLICATION-HOTELSERVICE,,] 10528 --- [HOTEL-MANAGEMENT-APPLICATION-HOTELSERVICE] [restartedMain] [                                                 ] w.s.c.ServletWebServerApplicationContext : Root WebApplicationContext: initialization completed in 2368 ms
2025-08-15T19:57:30.011+05:30  INFO [HOTEL-MANAGEMENT-APPLICATION-HOTELSERVICE,,] 10528 --- [HOTEL-MANAGEMENT-APPLICATION-HOTELSERVICE] [restartedMain] [                                                 ] o.hibernate.jpa.internal.util.LogHelper  : HHH000204: Processing PersistenceUnitInfo [name: default]
2025-08-15T19:57:30.082+05:30  INFO [HOTEL-MANAGEMENT-APPLICATION-HOTELSERVICE,,] 10528 --- [HOTEL-MANAGEMENT-APPLICATION-HOTELSERVICE] [restartedMain] [                                                 ] org.hibernate.Version                    : HHH000412: Hibernate ORM core version 6.6.22.Final
2025-08-15T19:57:30.118+05:30  INFO [HOTEL-MANAGEMENT-APPLICATION-HOTELSERVICE,,] 10528 --- [HOTEL-MANAGEMENT-APPLICATION-HOTELSERVICE] [restartedMain] [                                                 ] o.h.c.internal.RegionFactoryInitiator    : HHH000026: Second-level cache disabled
2025-08-15T19:57:30.363+05:30  INFO [HOTEL-MANAGEMENT-APPLICATION-HOTELSERVICE,,] 10528 --- [HOTEL-MANAGEMENT-APPLICATION-HOTELSERVICE] [restartedMain] [                                                 ] o.s.o.j.p.SpringPersistenceUnitInfo      : No LoadTimeWeaver setup: ignoring JPA class transformer
2025-08-15T19:57:30.393+05:30  INFO [HOTEL-MANAGEMENT-APPLICATION-HOTELSERVICE,,] 10528 --- [HOTEL-MANAGEMENT-APPLICATION-HOTELSERVICE] [restartedMain] [                                                 ] com.zaxxer.hikari.HikariDataSource       : HikariPool-1 - Starting...
2025-08-15T19:57:30.532+05:30  INFO [HOTEL-MANAGEMENT-APPLICATION-HOTELSERVICE,,] 10528 --- [HOTEL-MANAGEMENT-APPLICATION-HOTELSERVICE] [restartedMain] [                                                 ] com.zaxxer.hikari.pool.HikariPool        : HikariPool-1 - Added connection com.mysql.cj.jdbc.ConnectionImpl@65afde28
2025-08-15T19:57:30.534+05:30  INFO [HOTEL-MANAGEMENT-APPLICATION-HOTELSERVICE,,] 10528 --- [HOTEL-MANAGEMENT-APPLICATION-HOTELSERVICE] [restartedMain] [                                                 ] com.zaxxer.hikari.HikariDataSource       : HikariPool-1 - Start completed.
2025-08-15T19:57:30.570+05:30  WARN [HOTEL-MANAGEMENT-APPLICATION-HOTELSERVICE,,] 10528 --- [HOTEL-MANAGEMENT-APPLICATION-HOTELSERVICE] [restartedMain] [                                                 ] org.hibernate.dialect.Dialect            : HHH000511: The 5.5.27 version for [org.hibernate.dialect.MySQLDialect] is no longer supported, hence certain features may not work properly. The minimum supported version is 8.0.0. Check the community dialects project for available legacy versions.
2025-08-15T19:57:30.575+05:30  WARN [HOTEL-MANAGEMENT-APPLICATION-HOTELSERVICE,,] 10528 --- [HOTEL-MANAGEMENT-APPLICATION-HOTELSERVICE] [restartedMain] [                                                 ] org.hibernate.orm.deprecation            : HHH90000025: MySQLDialect does not need to be specified explicitly using 'hibernate.dialect' (remove the property setting and it will be selected by default)
2025-08-15T19:57:30.600+05:30  INFO [HOTEL-MANAGEMENT-APPLICATION-HOTELSERVICE,,] 10528 --- [HOTEL-MANAGEMENT-APPLICATION-HOTELSERVICE] [restartedMain] [                                                 ] org.hibernate.orm.connections.pooling    : HHH10001005: Database info:
	Database JDBC URL [Connecting through datasource 'HikariDataSource (HikariPool-1)']
	Database driver: undefined/unknown
	Database version: 5.5.27
	Autocommit mode: undefined/unknown
	Isolation level: undefined/unknown
	Minimum pool size: undefined/unknown
	Maximum pool size: undefined/unknown
2025-08-15T19:57:31.330+05:30  INFO [HOTEL-MANAGEMENT-APPLICATION-HOTELSERVICE,,] 10528 --- [HOTEL-MANAGEMENT-APPLICATION-HOTELSERVICE] [restartedMain] [                                                 ] o.h.e.t.j.p.i.JtaPlatformInitiator       : HHH000489: No JTA platform available (set 'hibernate.transaction.jta.platform' to enable JTA platform integration)
2025-08-15T19:57:31.374+05:30  INFO [HOTEL-MANAGEMENT-APPLICATION-HOTELSERVICE,,] 10528 --- [HOTEL-MANAGEMENT-APPLICATION-HOTELSERVICE] [restartedMain] [                                                 ] j.LocalContainerEntityManagerFactoryBean : Initialized JPA EntityManagerFactory for persistence unit 'default'
2025-08-15T19:57:31.784+05:30  WARN [HOTEL-MANAGEMENT-APPLICATION-HOTELSERVICE,,] 10528 --- [HOTEL-MANAGEMENT-APPLICATION-HOTELSERVICE] [restartedMain] [                                                 ] JpaBaseConfiguration$JpaWebConfiguration : spring.jpa.open-in-view is enabled by default. Therefore, database queries may be performed during view rendering. Explicitly configure spring.jpa.open-in-view to disable this warning
2025-08-15T19:57:33.405+05:30  WARN [HOTEL-MANAGEMENT-APPLICATION-HOTELSERVICE,,] 10528 --- [HOTEL-MANAGEMENT-APPLICATION-HOTELSERVICE] [restartedMain] [                                                 ] o.s.b.d.a.OptionalLiveReloadServer       : Unable to start LiveReload server
2025-08-15T19:57:33.472+05:30  INFO [HOTEL-MANAGEMENT-APPLICATION-HOTELSERVICE,,] 10528 --- [HOTEL-MANAGEMENT-APPLICATION-HOTELSERVICE] [restartedMain] [                                                 ] DiscoveryClientOptionalArgsConfiguration : Eureka HTTP Client uses RestTemplate.
2025-08-15T19:57:33.549+05:30  WARN [HOTEL-MANAGEMENT-APPLICATION-HOTELSERVICE,,] 10528 --- [HOTEL-MANAGEMENT-APPLICATION-HOTELSERVICE] [restartedMain] [                                                 ] iguration$LoadBalancerCaffeineWarnLogger : Spring Cloud LoadBalancer is currently working with the default cache. While this cache implementation is useful for development and tests, it's recommended to use Caffeine cache in production.You can switch to using Caffeine cache, by adding it and org.springframework.cache.caffeine.CaffeineCacheManager to the classpath.
2025-08-15T19:57:33.609+05:30  INFO [HOTEL-MANAGEMENT-APPLICATION-HOTELSERVICE,,] 10528 --- [HOTEL-MANAGEMENT-APPLICATION-HOTELSERVICE] [restartedMain] [                                                 ] o.s.b.a.e.web.EndpointLinksResolver      : Exposing 27 endpoints beneath base path '/actuator'
2025-08-15T19:57:33.713+05:30  INFO [HOTEL-MANAGEMENT-APPLICATION-HOTELSERVICE,,] 10528 --- [HOTEL-MANAGEMENT-APPLICATION-HOTELSERVICE] [restartedMain] [                                                 ] o.s.c.n.eureka.InstanceInfoFactory       : Setting initial instance status as: STARTING
2025-08-15T19:57:33.735+05:30  INFO [HOTEL-MANAGEMENT-APPLICATION-HOTELSERVICE,,] 10528 --- [HOTEL-MANAGEMENT-APPLICATION-HOTELSERVICE] [restartedMain] [                                                 ] com.netflix.discovery.DiscoveryClient    : Initializing Eureka in region us-east-1
2025-08-15T19:57:33.738+05:30  INFO [HOTEL-MANAGEMENT-APPLICATION-HOTELSERVICE,,] 10528 --- [HOTEL-MANAGEMENT-APPLICATION-HOTELSERVICE] [restartedMain] [                                                 ] c.n.d.s.r.aws.ConfigClusterResolver      : Resolving eureka endpoints via configuration
2025-08-15T19:57:33.745+05:30  INFO [HOTEL-MANAGEMENT-APPLICATION-HOTELSERVICE,,] 10528 --- [HOTEL-MANAGEMENT-APPLICATION-HOTELSERVICE] [restartedMain] [                                                 ] com.netflix.discovery.DiscoveryClient    : Disable delta property : false
2025-08-15T19:57:33.745+05:30  INFO [HOTEL-MANAGEMENT-APPLICATION-HOTELSERVICE,,] 10528 --- [HOTEL-MANAGEMENT-APPLICATION-HOTELSERVICE] [restartedMain] [                                                 ] com.netflix.discovery.DiscoveryClient    : Single vip registry refresh property : null
2025-08-15T19:57:33.745+05:30  INFO [HOTEL-MANAGEMENT-APPLICATION-HOTELSERVICE,,] 10528 --- [HOTEL-MANAGEMENT-APPLICATION-HOTELSERVICE] [restartedMain] [                                                 ] com.netflix.discovery.DiscoveryClient    : Force full registry fetch : false
2025-08-15T19:57:33.745+05:30  INFO [HOTEL-MANAGEMENT-APPLICATION-HOTELSERVICE,,] 10528 --- [HOTEL-MANAGEMENT-APPLICATION-HOTELSERVICE] [restartedMain] [                                                 ] com.netflix.discovery.DiscoveryClient    : Application is null : false
2025-08-15T19:57:33.745+05:30  INFO [HOTEL-MANAGEMENT-APPLICATION-HOTELSERVICE,,] 10528 --- [HOTEL-MANAGEMENT-APPLICATION-HOTELSERVICE] [restartedMain] [                                                 ] com.netflix.discovery.DiscoveryClient    : Registered Applications size is zero : true
2025-08-15T19:57:33.745+05:30  INFO [HOTEL-MANAGEMENT-APPLICATION-HOTELSERVICE,,] 10528 --- [HOTEL-MANAGEMENT-APPLICATION-HOTELSERVICE] [restartedMain] [                                                 ] com.netflix.discovery.DiscoveryClient    : Application version is -1: true
2025-08-15T19:57:33.745+05:30  INFO [HOTEL-MANAGEMENT-APPLICATION-HOTELSERVICE,,] 10528 --- [HOTEL-MANAGEMENT-APPLICATION-HOTELSERVICE] [restartedMain] [                                                 ] com.netflix.discovery.DiscoveryClient    : Getting all instance registry info from the eureka server
2025-08-15T19:57:33.938+05:30  INFO [HOTEL-MANAGEMENT-APPLICATION-HOTELSERVICE,,] 10528 --- [HOTEL-MANAGEMENT-APPLICATION-HOTELSERVICE] [restartedMain] [                                                 ] com.netflix.discovery.DiscoveryClient    : The response status is 200
2025-08-15T19:57:33.940+05:30  INFO [HOTEL-MANAGEMENT-APPLICATION-HOTELSERVICE,,] 10528 --- [HOTEL-MANAGEMENT-APPLICATION-HOTELSERVICE] [restartedMain] [                                                 ] com.netflix.discovery.DiscoveryClient    : Starting heartbeat executor: renew interval is: 30
2025-08-15T19:57:33.942+05:30  INFO [HOTEL-MANAGEMENT-APPLICATION-HOTELSERVICE,,] 10528 --- [HOTEL-MANAGEMENT-APPLICATION-HOTELSERVICE] [restartedMain] [                                                 ] c.n.discovery.InstanceInfoReplicator     : InstanceInfoReplicator onDemand update allowed rate per min is 4
2025-08-15T19:57:33.943+05:30  INFO [HOTEL-MANAGEMENT-APPLICATION-HOTELSERVICE,,] 10528 --- [HOTEL-MANAGEMENT-APPLICATION-HOTELSERVICE] [restartedMain] [                                                 ] com.netflix.discovery.DiscoveryClient    : Discovery Client initialized at timestamp 1755268053943 with initial instances count: 2
2025-08-15T19:57:33.955+05:30  INFO [HOTEL-MANAGEMENT-APPLICATION-HOTELSERVICE,,] 10528 --- [HOTEL-MANAGEMENT-APPLICATION-HOTELSERVICE] [restartedMain] [                                                 ] o.s.c.n.e.s.EurekaServiceRegistry        : Registering application HOTEL-MANAGEMENT-APPLICATION-HOTELSERVICE with eureka with status UP
2025-08-15T19:57:33.956+05:30  INFO [HOTEL-MANAGEMENT-APPLICATION-HOTELSERVICE,,] 10528 --- [HOTEL-MANAGEMENT-APPLICATION-HOTELSERVICE] [restartedMain] [                                                 ] com.netflix.discovery.DiscoveryClient    : Saw local status change event StatusChangeEvent [timestamp=1755268053956, current=UP, previous=STARTING]
2025-08-15T19:57:33.958+05:30  INFO [HOTEL-MANAGEMENT-APPLICATION-HOTELSERVICE,,] 10528 --- [HOTEL-MANAGEMENT-APPLICATION-HOTELSERVICE] [DiscoveryClient-InstanceInfoReplicator-%d] [                                                 ] com.netflix.discovery.DiscoveryClient    : DiscoveryClient_HOTEL-MANAGEMENT-APPLICATION-HOTELSERVICE/Shobhit:HOTEL-MANAGEMENT-APPLICATION-HOTELSERVICE:9091: registering service...
2025-08-15T19:57:33.970+05:30  INFO [HOTEL-MANAGEMENT-APPLICATION-HOTELSERVICE,,] 10528 --- [HOTEL-MANAGEMENT-APPLICATION-HOTELSERVICE] [restartedMain] [                                                 ] o.s.b.w.embedded.tomcat.TomcatWebServer  : Tomcat started on port 9091 (http) with context path '/'
2025-08-15T19:57:33.971+05:30  INFO [HOTEL-MANAGEMENT-APPLICATION-HOTELSERVICE,,] 10528 --- [HOTEL-MANAGEMENT-APPLICATION-HOTELSERVICE] [restartedMain] [                                                 ] .s.c.n.e.s.EurekaAutoServiceRegistration : Updating port to 9091
2025-08-15T19:57:33.999+05:30  INFO [HOTEL-MANAGEMENT-APPLICATION-HOTELSERVICE,,] 10528 --- [HOTEL-MANAGEMENT-APPLICATION-HOTELSERVICE] [restartedMain] [                                                 ] c.w.m.h.h.HotelManagemntApplication      : Started HotelManagemntApplication in 9.309 seconds (process running for 10.539)
2025-08-15T19:57:34.008+05:30  INFO [HOTEL-MANAGEMENT-APPLICATION-HOTELSERVICE,,] 10528 --- [HOTEL-MANAGEMENT-APPLICATION-HOTELSERVICE] [DiscoveryClient-InstanceInfoReplicator-%d] [                                                 ] com.netflix.discovery.DiscoveryClient    : DiscoveryClient_HOTEL-MANAGEMENT-APPLICATION-HOTELSERVICE/Shobhit:HOTEL-MANAGEMENT-APPLICATION-HOTELSERVICE:9091 - registration status: 204
2025-08-15T19:57:34.293+05:30  INFO [HOTEL-MANAGEMENT-APPLICATION-HOTELSERVICE,,] 10528 --- [HOTEL-MANAGEMENT-APPLICATION-HOTELSERVICE] [RMI TCP Connection(7)-127.0.0.1] [                                                 ] o.a.c.c.C.[Tomcat].[localhost].[/]       : Initializing Spring DispatcherServlet 'dispatcherServlet'
2025-08-15T19:57:34.295+05:30  INFO [HOTEL-MANAGEMENT-APPLICATION-HOTELSERVICE,,] 10528 --- [HOTEL-MANAGEMENT-APPLICATION-HOTELSERVICE] [RMI TCP Connection(7)-127.0.0.1] [                                                 ] o.s.web.servlet.DispatcherServlet        : Initializing Servlet 'dispatcherServlet'
2025-08-15T19:57:34.295+05:30  INFO [HOTEL-MANAGEMENT-APPLICATION-HOTELSERVICE,,] 10528 --- [HOTEL-MANAGEMENT-APPLICATION-HOTELSERVICE] [RMI TCP Connection(7)-127.0.0.1] [                                                 ] o.s.web.servlet.DispatcherServlet        : Completed initialization in 0 ms
2025-08-15T19:57:35.013+05:30  WARN [HOTEL-MANAGEMENT-APPLICATION-HOTELSERVICE,,] 10528 --- [HOTEL-MANAGEMENT-APPLICATION-HOTELSERVICE] [AsyncReporter{ZipkinHttpClientSender{http://localhost:9411/api/v2/spans}}] [                                                 ] z.r.i.AsyncReporter$BoundedAsyncReporter : Spans were dropped due to exceptions. All subsequent errors will be logged at FINE level.
2025-08-15T19:57:35.014+05:30  WARN [HOTEL-MANAGEMENT-APPLICATION-HOTELSERVICE,,] 10528 --- [HOTEL-MANAGEMENT-APPLICATION-HOTELSERVICE] [AsyncReporter{ZipkinHttpClientSender{http://localhost:9411/api/v2/spans}}] [                                                 ] z.r.i.AsyncReporter$BoundedAsyncReporter : Dropped 2 spans due to ConnectException()

java.net.ConnectException: null
	at java.net.http/jdk.internal.net.http.HttpClientImpl.send(HttpClientImpl.java:952) ~[java.net.http:na]
	at java.net.http/jdk.internal.net.http.HttpClientFacade.send(HttpClientFacade.java:133) ~[java.net.http:na]
	at org.springframework.boot.actuate.autoconfigure.tracing.zipkin.ZipkinHttpClientSender.postSpans(ZipkinHttpClientSender.java:60) ~[spring-boot-actuator-autoconfigure-3.5.4.jar:3.5.4]
	at org.springframework.boot.actuate.autoconfigure.tracing.zipkin.HttpSender.postSpans(HttpSender.java:69) ~[spring-boot-actuator-autoconfigure-3.5.4.jar:3.5.4]
	at org.springframework.boot.actuate.autoconfigure.tracing.zipkin.HttpSender.postSpans(HttpSender.java:41) ~[spring-boot-actuator-autoconfigure-3.5.4.jar:3.5.4]
	at zipkin2.reporter.BaseHttpSender.send(BaseHttpSender.java:123) ~[zipkin-reporter-3.5.1.jar:na]
	at zipkin2.reporter.internal.AsyncReporter$BoundedAsyncReporter.flush(AsyncReporter.java:266) ~[zipkin-reporter-3.5.1.jar:na]
	at zipkin2.reporter.internal.AsyncReporter$Flusher.run(AsyncReporter.java:352) ~[zipkin-reporter-3.5.1.jar:na]
	at java.base/java.lang.Thread.run(Thread.java:1583) ~[na:na]
Caused by: java.net.ConnectException: null
	at java.net.http/jdk.internal.net.http.common.Utils.toConnectException(Utils.java:1041) ~[java.net.http:na]
	at java.net.http/jdk.internal.net.http.PlainHttpConnection.connectAsync(PlainHttpConnection.java:227) ~[java.net.http:na]
	at java.net.http/jdk.internal.net.http.PlainHttpConnection.checkRetryConnect(PlainHttpConnection.java:280) ~[java.net.http:na]
	at java.net.http/jdk.internal.net.http.PlainHttpConnection.lambda$connectAsync$2(PlainHttpConnection.java:238) ~[java.net.http:na]
	at java.base/java.util.concurrent.CompletableFuture.uniHandle(CompletableFuture.java:934) ~[na:na]
	at java.base/java.util.concurrent.CompletableFuture$UniHandle.tryFire(CompletableFuture.java:911) ~[na:na]
	at java.base/java.util.concurrent.CompletableFuture.postComplete(CompletableFuture.java:510) ~[na:na]
	at java.base/java.util.concurrent.CompletableFuture$AsyncSupply.run(CompletableFuture.java:1773) ~[na:na]
	at java.base/java.util.concurrent.ThreadPoolExecutor.runWorker(ThreadPoolExecutor.java:1144) ~[na:na]
	at java.base/java.util.concurrent.ThreadPoolExecutor$Worker.run(ThreadPoolExecutor.java:642) ~[na:na]
	... 1 common frames omitted
Caused by: java.nio.channels.ClosedChannelException: null
	at java.base/sun.nio.ch.SocketChannelImpl.ensureOpen(SocketChannelImpl.java:202) ~[na:na]
	at java.base/sun.nio.ch.SocketChannelImpl.beginConnect(SocketChannelImpl.java:786) ~[na:na]
	at java.base/sun.nio.ch.SocketChannelImpl.connect(SocketChannelImpl.java:874) ~[na:na]
	at java.net.http/jdk.internal.net.http.PlainHttpConnection.lambda$connectAsync$1(PlainHttpConnection.java:210) ~[java.net.http:na]
	at java.base/java.security.AccessController.doPrivileged(AccessController.java:571) ~[na:na]
	at java.net.http/jdk.internal.net.http.PlainHttpConnection.connectAsync(PlainHttpConnection.java:212) ~[java.net.http:na]
	... 9 common frames omitted

2025-08-15T20:02:33.760+05:30  INFO [HOTEL-MANAGEMENT-APPLICATION-HOTELSERVICE,,] 10528 --- [HOTEL-MANAGEMENT-APPLICATION-HOTELSERVICE] [AsyncResolver-bootstrap-executor-%d] [                                                 ] c.n.d.s.r.aws.ConfigClusterResolver      : Resolving eureka endpoints via configuration
2025-08-15T20:07:33.825+05:30  INFO [HOTEL-MANAGEMENT-APPLICATION-HOTELSERVICE,,] 10528 --- [HOTEL-MANAGEMENT-APPLICATION-HOTELSERVICE] [AsyncResolver-bootstrap-executor-%d] [                                                 ] c.n.d.s.r.aws.ConfigClusterResolver      : Resolving eureka endpoints via configuration
2025-08-15T20:11:20.588+05:30  INFO [HOTEL-MANAGEMENT-APPLICATION-HOTELSERVICE,689f470f1f6d57102e6218989ba43d58,e156b10dffd8bb94] 10528 --- [HOTEL-MANAGEMENT-APPLICATION-HOTELSERVICE] [http-nio-9091-exec-1] [689f470f1f6d57102e6218989ba43d58-e156b10dffd8bb94] c.w.m.h.h.aop.HotelLoggingAspect         : Entering method: hotelExists with arguments: [3]
2025-08-15T20:11:21.688+05:30  INFO [HOTEL-MANAGEMENT-APPLICATION-HOTELSERVICE,689f470f1f6d57102e6218989ba43d58,e156b10dffd8bb94] 10528 --- [HOTEL-MANAGEMENT-APPLICATION-HOTELSERVICE] [http-nio-9091-exec-1] [689f470f1f6d57102e6218989ba43d58-e156b10dffd8bb94] c.w.m.h.h.aop.HotelLoggingAspect         : Exiting method: hotelExists
2025-08-15T20:12:33.829+05:30  INFO [HOTEL-MANAGEMENT-APPLICATION-HOTELSERVICE,,] 10528 --- [HOTEL-MANAGEMENT-APPLICATION-HOTELSERVICE] [AsyncResolver-bootstrap-executor-%d] [                                                 ] c.n.d.s.r.aws.ConfigClusterResolver      : Resolving eureka endpoints via configuration
2025-08-15T20:17:33.836+05:30  INFO [HOTEL-MANAGEMENT-APPLICATION-HOTELSERVICE,,] 10528 --- [HOTEL-MANAGEMENT-APPLICATION-HOTELSERVICE] [AsyncResolver-bootstrap-executor-%d] [                                                 ] c.n.d.s.r.aws.ConfigClusterResolver      : Resolving eureka endpoints via configuration
2025-08-15T20:22:33.840+05:30  INFO [HOTEL-MANAGEMENT-APPLICATION-HOTELSERVICE,,] 10528 --- [HOTEL-MANAGEMENT-APPLICATION-HOTELSERVICE] [AsyncResolver-bootstrap-executor-%d] [                                                 ] c.n.d.s.r.aws.ConfigClusterResolver      : Resolving eureka endpoints via configuration
2025-08-15T20:27:33.850+05:30  INFO [HOTEL-MANAGEMENT-APPLICATION-HOTELSERVICE,,] 10528 --- [HOTEL-MANAGEMENT-APPLICATION-HOTELSERVICE] [AsyncResolver-bootstrap-executor-%d] [                                                 ] c.n.d.s.r.aws.ConfigClusterResolver      : Resolving eureka endpoints via configuration
2025-08-15T20:32:33.854+05:30  INFO [HOTEL-MANAGEMENT-APPLICATION-HOTELSERVICE,,] 10528 --- [HOTEL-MANAGEMENT-APPLICATION-HOTELSERVICE] [AsyncResolver-bootstrap-executor-%d] [                                                 ] c.n.d.s.r.aws.ConfigClusterResolver      : Resolving eureka endpoints via configuration
2025-08-15T20:34:32.874+05:30  INFO [HOTEL-MANAGEMENT-APPLICATION-HOTELSERVICE,,] 10528 --- [HOTEL-MANAGEMENT-APPLICATION-HOTELSERVICE] [RMI TCP Connection(48)-127.0.0.1] [                                                 ] inMXBeanRegistrar$SpringApplicationAdmin : Application shutdown requested.
2025-08-15T20:34:32.993+05:30  INFO [HOTEL-MANAGEMENT-APPLICATION-HOTELSERVICE,,] 10528 --- [HOTEL-MANAGEMENT-APPLICATION-HOTELSERVICE] [RMI TCP Connection(48)-127.0.0.1] [                                                 ] o.s.c.n.e.s.EurekaServiceRegistry        : Unregistering application HOTEL-MANAGEMENT-APPLICATION-HOTELSERVICE with eureka with status DOWN
2025-08-15T20:34:32.994+05:30  INFO [HOTEL-MANAGEMENT-APPLICATION-HOTELSERVICE,,] 10528 --- [HOTEL-MANAGEMENT-APPLICATION-HOTELSERVICE] [RMI TCP Connection(48)-127.0.0.1] [                                                 ] com.netflix.discovery.DiscoveryClient    : Saw local status change event StatusChangeEvent [timestamp=1755270272994, current=DOWN, previous=UP]
2025-08-15T20:34:32.997+05:30  INFO [HOTEL-MANAGEMENT-APPLICATION-HOTELSERVICE,,] 10528 --- [HOTEL-MANAGEMENT-APPLICATION-HOTELSERVICE] [DiscoveryClient-InstanceInfoReplicator-%d] [                                                 ] com.netflix.discovery.DiscoveryClient    : DiscoveryClient_HOTEL-MANAGEMENT-APPLICATION-HOTELSERVICE/Shobhit:HOTEL-MANAGEMENT-APPLICATION-HOTELSERVICE:9091: registering service...
2025-08-15T20:34:33.038+05:30  INFO [HOTEL-MANAGEMENT-APPLICATION-HOTELSERVICE,,] 10528 --- [HOTEL-MANAGEMENT-APPLICATION-HOTELSERVICE] [DiscoveryClient-InstanceInfoReplicator-%d] [                                                 ] com.netflix.discovery.DiscoveryClient    : DiscoveryClient_HOTEL-MANAGEMENT-APPLICATION-HOTELSERVICE/Shobhit:HOTEL-MANAGEMENT-APPLICATION-HOTELSERVICE:9091 - registration status: 204
2025-08-15T20:34:33.146+05:30  INFO [HOTEL-MANAGEMENT-APPLICATION-HOTELSERVICE,,] 10528 --- [HOTEL-MANAGEMENT-APPLICATION-HOTELSERVICE] [RMI TCP Connection(48)-127.0.0.1] [                                                 ] o.s.b.w.e.tomcat.GracefulShutdown        : Commencing graceful shutdown. Waiting for active requests to complete
2025-08-15T20:34:33.187+05:30  INFO [HOTEL-MANAGEMENT-APPLICATION-HOTELSERVICE,,] 10528 --- [HOTEL-MANAGEMENT-APPLICATION-HOTELSERVICE] [tomcat-shutdown] [                                                 ] o.s.b.w.e.tomcat.GracefulShutdown        : Graceful shutdown complete
2025-08-15T20:34:33.259+05:30  INFO [HOTEL-MANAGEMENT-APPLICATION-HOTELSERVICE,,] 10528 --- [HOTEL-MANAGEMENT-APPLICATION-HOTELSERVICE] [RMI TCP Connection(48)-127.0.0.1] [                                                 ] j.LocalContainerEntityManagerFactoryBean : Closing JPA EntityManagerFactory for persistence unit 'default'
2025-08-15T20:34:33.340+05:30  INFO [HOTEL-MANAGEMENT-APPLICATION-HOTELSERVICE,,] 10528 --- [HOTEL-MANAGEMENT-APPLICATION-HOTELSERVICE] [RMI TCP Connection(48)-127.0.0.1] [                                                 ] com.zaxxer.hikari.HikariDataSource       : HikariPool-1 - Shutdown initiated...
2025-08-15T20:34:33.348+05:30  INFO [HOTEL-MANAGEMENT-APPLICATION-HOTELSERVICE,,] 10528 --- [HOTEL-MANAGEMENT-APPLICATION-HOTELSERVICE] [RMI TCP Connection(48)-127.0.0.1] [                                                 ] com.zaxxer.hikari.HikariDataSource       : HikariPool-1 - Shutdown completed.
2025-08-15T20:34:33.816+05:30  INFO [HOTEL-MANAGEMENT-APPLICATION-HOTELSERVICE,,] 10528 --- [HOTEL-MANAGEMENT-APPLICATION-HOTELSERVICE] [RMI TCP Connection(48)-127.0.0.1] [                                                 ] com.netflix.discovery.DiscoveryClient    : Shutting down DiscoveryClient ...
2025-08-15T20:34:36.830+05:30  INFO [HOTEL-MANAGEMENT-APPLICATION-HOTELSERVICE,,] 10528 --- [HOTEL-MANAGEMENT-APPLICATION-HOTELSERVICE] [RMI TCP Connection(48)-127.0.0.1] [                                                 ] com.netflix.discovery.DiscoveryClient    : Unregistering ...
2025-08-15T20:34:36.848+05:30  INFO [HOTEL-MANAGEMENT-APPLICATION-HOTELSERVICE,,] 10528 --- [HOTEL-MANAGEMENT-APPLICATION-HOTELSERVICE] [RMI TCP Connection(48)-127.0.0.1] [                                                 ] com.netflix.discovery.DiscoveryClient    : DiscoveryClient_HOTEL-MANAGEMENT-APPLICATION-HOTELSERVICE/Shobhit:HOTEL-MANAGEMENT-APPLICATION-HOTELSERVICE:9091 - deregister  status: 200
2025-08-15T20:34:36.849+05:30  INFO [HOTEL-MANAGEMENT-APPLICATION-HOTELSERVICE,,] 10528 --- [HOTEL-MANAGEMENT-APPLICATION-HOTELSERVICE] [RMI TCP Connection(48)-127.0.0.1] [                                                 ] com.netflix.discovery.DiscoveryClient    : Completed shut down of DiscoveryClient
2025-08-15T20:43:22.929+05:30  INFO [HOTEL-MANAGEMENT-APPLICATION-HOTELSERVICE,,] 21792 --- [HOTEL-MANAGEMENT-APPLICATION-HOTELSERVICE] [restartedMain] [                                                 ] c.w.m.h.h.HotelManagemntApplication      : Starting HotelManagemntApplication using Java 21.0.7 with PID 21792 (E:\Wipro\Microservices\Hotel-Management-Microservice\Hotel-Managemnt-Application-HotelService\target\classes started by Shobhit PC in E:\Wipro\Microservices\Hotel-Management-Microservice\Hotel-Managemnt-Application-HotelService)
2025-08-15T20:43:23.021+05:30  INFO [HOTEL-MANAGEMENT-APPLICATION-HOTELSERVICE,,] 21792 --- [HOTEL-MANAGEMENT-APPLICATION-HOTELSERVICE] [restartedMain] [                                                 ] c.w.m.h.h.HotelManagemntApplication      : No active profile set, falling back to 1 default profile: "default"
2025-08-15T20:43:23.058+05:30  INFO [HOTEL-MANAGEMENT-APPLICATION-HOTELSERVICE,,] 21792 --- [HOTEL-MANAGEMENT-APPLICATION-HOTELSERVICE] [restartedMain] [                                                 ] o.s.c.c.c.ConfigServerConfigDataLoader   : Fetching config from server at : http://localhost:9053
2025-08-15T20:43:23.058+05:30  INFO [HOTEL-MANAGEMENT-APPLICATION-HOTELSERVICE,,] 21792 --- [HOTEL-MANAGEMENT-APPLICATION-HOTELSERVICE] [restartedMain] [                                                 ] o.s.c.c.c.ConfigServerConfigDataLoader   : Located environment: name=HOTEL-MANAGEMENT-APPLICATION-HOTELSERVICE, profiles=[default], label=null, version=67dbd04e6efed51f737a4b0f2094eae5b4d304e5, state=
2025-08-15T20:43:23.060+05:30  INFO [HOTEL-MANAGEMENT-APPLICATION-HOTELSERVICE,,] 21792 --- [HOTEL-MANAGEMENT-APPLICATION-HOTELSERVICE] [restartedMain] [                                                 ] .e.DevToolsPropertyDefaultsPostProcessor : Devtools property defaults active! Set 'spring.devtools.add-properties' to 'false' to disable
2025-08-15T20:43:23.060+05:30  INFO [HOTEL-MANAGEMENT-APPLICATION-HOTELSERVICE,,] 21792 --- [HOTEL-MANAGEMENT-APPLICATION-HOTELSERVICE] [restartedMain] [                                                 ] .e.DevToolsPropertyDefaultsPostProcessor : For additional web related logging consider setting the 'logging.level.web' property to 'DEBUG'
2025-08-15T20:43:24.072+05:30  INFO [HOTEL-MANAGEMENT-APPLICATION-HOTELSERVICE,,] 21792 --- [HOTEL-MANAGEMENT-APPLICATION-HOTELSERVICE] [restartedMain] [                                                 ] .s.d.r.c.RepositoryConfigurationDelegate : Bootstrapping Spring Data JPA repositories in DEFAULT mode.
2025-08-15T20:43:24.185+05:30  INFO [HOTEL-MANAGEMENT-APPLICATION-HOTELSERVICE,,] 21792 --- [HOTEL-MANAGEMENT-APPLICATION-HOTELSERVICE] [restartedMain] [                                                 ] .s.d.r.c.RepositoryConfigurationDelegate : Finished Spring Data repository scanning in 105 ms. Found 1 JPA repository interface.
2025-08-15T20:43:24.476+05:30  INFO [HOTEL-MANAGEMENT-APPLICATION-HOTELSERVICE,,] 21792 --- [HOTEL-MANAGEMENT-APPLICATION-HOTELSERVICE] [restartedMain] [                                                 ] o.s.cloud.context.scope.GenericScope     : BeanFactory id=04329e40-c9d6-3d19-87d8-cb4d4685625a
2025-08-15T20:43:25.191+05:30  INFO [HOTEL-MANAGEMENT-APPLICATION-HOTELSERVICE,,] 21792 --- [HOTEL-MANAGEMENT-APPLICATION-HOTELSERVICE] [restartedMain] [                                                 ] o.s.b.w.embedded.tomcat.TomcatWebServer  : Tomcat initialized with port 9091 (http)
2025-08-15T20:43:25.203+05:30  INFO [HOTEL-MANAGEMENT-APPLICATION-HOTELSERVICE,,] 21792 --- [HOTEL-MANAGEMENT-APPLICATION-HOTELSERVICE] [restartedMain] [                                                 ] o.apache.catalina.core.StandardService   : Starting service [Tomcat]
2025-08-15T20:43:25.204+05:30  INFO [HOTEL-MANAGEMENT-APPLICATION-HOTELSERVICE,,] 21792 --- [HOTEL-MANAGEMENT-APPLICATION-HOTELSERVICE] [restartedMain] [                                                 ] o.apache.catalina.core.StandardEngine    : Starting Servlet engine: [Apache Tomcat/10.1.43]
2025-08-15T20:43:25.265+05:30  INFO [HOTEL-MANAGEMENT-APPLICATION-HOTELSERVICE,,] 21792 --- [HOTEL-MANAGEMENT-APPLICATION-HOTELSERVICE] [restartedMain] [                                                 ] o.a.c.c.C.[Tomcat].[localhost].[/]       : Initializing Spring embedded WebApplicationContext
2025-08-15T20:43:25.266+05:30  INFO [HOTEL-MANAGEMENT-APPLICATION-HOTELSERVICE,,] 21792 --- [HOTEL-MANAGEMENT-APPLICATION-HOTELSERVICE] [restartedMain] [                                                 ] w.s.c.ServletWebServerApplicationContext : Root WebApplicationContext: initialization completed in 2205 ms
2025-08-15T20:43:26.013+05:30  INFO [HOTEL-MANAGEMENT-APPLICATION-HOTELSERVICE,,] 21792 --- [HOTEL-MANAGEMENT-APPLICATION-HOTELSERVICE] [restartedMain] [                                                 ] o.hibernate.jpa.internal.util.LogHelper  : HHH000204: Processing PersistenceUnitInfo [name: default]
2025-08-15T20:43:26.054+05:30  INFO [HOTEL-MANAGEMENT-APPLICATION-HOTELSERVICE,,] 21792 --- [HOTEL-MANAGEMENT-APPLICATION-HOTELSERVICE] [restartedMain] [                                                 ] org.hibernate.Version                    : HHH000412: Hibernate ORM core version 6.6.22.Final
2025-08-15T20:43:26.081+05:30  INFO [HOTEL-MANAGEMENT-APPLICATION-HOTELSERVICE,,] 21792 --- [HOTEL-MANAGEMENT-APPLICATION-HOTELSERVICE] [restartedMain] [                                                 ] o.h.c.internal.RegionFactoryInitiator    : HHH000026: Second-level cache disabled
2025-08-15T20:43:26.302+05:30  INFO [HOTEL-MANAGEMENT-APPLICATION-HOTELSERVICE,,] 21792 --- [HOTEL-MANAGEMENT-APPLICATION-HOTELSERVICE] [restartedMain] [                                                 ] o.s.o.j.p.SpringPersistenceUnitInfo      : No LoadTimeWeaver setup: ignoring JPA class transformer
2025-08-15T20:43:26.328+05:30  INFO [HOTEL-MANAGEMENT-APPLICATION-HOTELSERVICE,,] 21792 --- [HOTEL-MANAGEMENT-APPLICATION-HOTELSERVICE] [restartedMain] [                                                 ] com.zaxxer.hikari.HikariDataSource       : HikariPool-1 - Starting...
2025-08-15T20:43:26.484+05:30  INFO [HOTEL-MANAGEMENT-APPLICATION-HOTELSERVICE,,] 21792 --- [HOTEL-MANAGEMENT-APPLICATION-HOTELSERVICE] [restartedMain] [                                                 ] com.zaxxer.hikari.pool.HikariPool        : HikariPool-1 - Added connection com.mysql.cj.jdbc.ConnectionImpl@46e1baf2
2025-08-15T20:43:26.486+05:30  INFO [HOTEL-MANAGEMENT-APPLICATION-HOTELSERVICE,,] 21792 --- [HOTEL-MANAGEMENT-APPLICATION-HOTELSERVICE] [restartedMain] [                                                 ] com.zaxxer.hikari.HikariDataSource       : HikariPool-1 - Start completed.
2025-08-15T20:43:26.526+05:30  WARN [HOTEL-MANAGEMENT-APPLICATION-HOTELSERVICE,,] 21792 --- [HOTEL-MANAGEMENT-APPLICATION-HOTELSERVICE] [restartedMain] [                                                 ] org.hibernate.dialect.Dialect            : HHH000511: The 5.5.27 version for [org.hibernate.dialect.MySQLDialect] is no longer supported, hence certain features may not work properly. The minimum supported version is 8.0.0. Check the community dialects project for available legacy versions.
2025-08-15T20:43:26.529+05:30  WARN [HOTEL-MANAGEMENT-APPLICATION-HOTELSERVICE,,] 21792 --- [HOTEL-MANAGEMENT-APPLICATION-HOTELSERVICE] [restartedMain] [                                                 ] org.hibernate.orm.deprecation            : HHH90000025: MySQLDialect does not need to be specified explicitly using 'hibernate.dialect' (remove the property setting and it will be selected by default)
2025-08-15T20:43:26.543+05:30  INFO [HOTEL-MANAGEMENT-APPLICATION-HOTELSERVICE,,] 21792 --- [HOTEL-MANAGEMENT-APPLICATION-HOTELSERVICE] [restartedMain] [                                                 ] org.hibernate.orm.connections.pooling    : HHH10001005: Database info:
	Database JDBC URL [Connecting through datasource 'HikariDataSource (HikariPool-1)']
	Database driver: undefined/unknown
	Database version: 5.5.27
	Autocommit mode: undefined/unknown
	Isolation level: undefined/unknown
	Minimum pool size: undefined/unknown
	Maximum pool size: undefined/unknown
2025-08-15T20:43:27.206+05:30  INFO [HOTEL-MANAGEMENT-APPLICATION-HOTELSERVICE,,] 21792 --- [HOTEL-MANAGEMENT-APPLICATION-HOTELSERVICE] [restartedMain] [                                                 ] o.h.e.t.j.p.i.JtaPlatformInitiator       : HHH000489: No JTA platform available (set 'hibernate.transaction.jta.platform' to enable JTA platform integration)
2025-08-15T20:43:27.249+05:30  INFO [HOTEL-MANAGEMENT-APPLICATION-HOTELSERVICE,,] 21792 --- [HOTEL-MANAGEMENT-APPLICATION-HOTELSERVICE] [restartedMain] [                                                 ] j.LocalContainerEntityManagerFactoryBean : Initialized JPA EntityManagerFactory for persistence unit 'default'
2025-08-15T20:43:27.675+05:30  WARN [HOTEL-MANAGEMENT-APPLICATION-HOTELSERVICE,,] 21792 --- [HOTEL-MANAGEMENT-APPLICATION-HOTELSERVICE] [restartedMain] [                                                 ] JpaBaseConfiguration$JpaWebConfiguration : spring.jpa.open-in-view is enabled by default. Therefore, database queries may be performed during view rendering. Explicitly configure spring.jpa.open-in-view to disable this warning
2025-08-15T20:43:29.226+05:30  WARN [HOTEL-MANAGEMENT-APPLICATION-HOTELSERVICE,,] 21792 --- [HOTEL-MANAGEMENT-APPLICATION-HOTELSERVICE] [restartedMain] [                                                 ] o.s.b.d.a.OptionalLiveReloadServer       : Unable to start LiveReload server
2025-08-15T20:43:29.327+05:30  INFO [HOTEL-MANAGEMENT-APPLICATION-HOTELSERVICE,,] 21792 --- [HOTEL-MANAGEMENT-APPLICATION-HOTELSERVICE] [restartedMain] [                                                 ] DiscoveryClientOptionalArgsConfiguration : Eureka HTTP Client uses RestTemplate.
2025-08-15T20:43:29.420+05:30  WARN [HOTEL-MANAGEMENT-APPLICATION-HOTELSERVICE,,] 21792 --- [HOTEL-MANAGEMENT-APPLICATION-HOTELSERVICE] [restartedMain] [                                                 ] iguration$LoadBalancerCaffeineWarnLogger : Spring Cloud LoadBalancer is currently working with the default cache. While this cache implementation is useful for development and tests, it's recommended to use Caffeine cache in production.You can switch to using Caffeine cache, by adding it and org.springframework.cache.caffeine.CaffeineCacheManager to the classpath.
2025-08-15T20:43:29.470+05:30  INFO [HOTEL-MANAGEMENT-APPLICATION-HOTELSERVICE,,] 21792 --- [HOTEL-MANAGEMENT-APPLICATION-HOTELSERVICE] [restartedMain] [                                                 ] o.s.b.a.e.web.EndpointLinksResolver      : Exposing 27 endpoints beneath base path '/actuator'
2025-08-15T20:43:29.583+05:30  INFO [HOTEL-MANAGEMENT-APPLICATION-HOTELSERVICE,,] 21792 --- [HOTEL-MANAGEMENT-APPLICATION-HOTELSERVICE] [restartedMain] [                                                 ] o.s.c.n.eureka.InstanceInfoFactory       : Setting initial instance status as: STARTING
2025-08-15T20:43:29.604+05:30  INFO [HOTEL-MANAGEMENT-APPLICATION-HOTELSERVICE,,] 21792 --- [HOTEL-MANAGEMENT-APPLICATION-HOTELSERVICE] [restartedMain] [                                                 ] com.netflix.discovery.DiscoveryClient    : Initializing Eureka in region us-east-1
2025-08-15T20:43:29.608+05:30  INFO [HOTEL-MANAGEMENT-APPLICATION-HOTELSERVICE,,] 21792 --- [HOTEL-MANAGEMENT-APPLICATION-HOTELSERVICE] [restartedMain] [                                                 ] c.n.d.s.r.aws.ConfigClusterResolver      : Resolving eureka endpoints via configuration
2025-08-15T20:43:29.615+05:30  INFO [HOTEL-MANAGEMENT-APPLICATION-HOTELSERVICE,,] 21792 --- [HOTEL-MANAGEMENT-APPLICATION-HOTELSERVICE] [restartedMain] [                                                 ] com.netflix.discovery.DiscoveryClient    : Disable delta property : false
2025-08-15T20:43:29.615+05:30  INFO [HOTEL-MANAGEMENT-APPLICATION-HOTELSERVICE,,] 21792 --- [HOTEL-MANAGEMENT-APPLICATION-HOTELSERVICE] [restartedMain] [                                                 ] com.netflix.discovery.DiscoveryClient    : Single vip registry refresh property : null
2025-08-15T20:43:29.615+05:30  INFO [HOTEL-MANAGEMENT-APPLICATION-HOTELSERVICE,,] 21792 --- [HOTEL-MANAGEMENT-APPLICATION-HOTELSERVICE] [restartedMain] [                                                 ] com.netflix.discovery.DiscoveryClient    : Force full registry fetch : false
2025-08-15T20:43:29.615+05:30  INFO [HOTEL-MANAGEMENT-APPLICATION-HOTELSERVICE,,] 21792 --- [HOTEL-MANAGEMENT-APPLICATION-HOTELSERVICE] [restartedMain] [                                                 ] com.netflix.discovery.DiscoveryClient    : Application is null : false
2025-08-15T20:43:29.615+05:30  INFO [HOTEL-MANAGEMENT-APPLICATION-HOTELSERVICE,,] 21792 --- [HOTEL-MANAGEMENT-APPLICATION-HOTELSERVICE] [restartedMain] [                                                 ] com.netflix.discovery.DiscoveryClient    : Registered Applications size is zero : true
2025-08-15T20:43:29.615+05:30  INFO [HOTEL-MANAGEMENT-APPLICATION-HOTELSERVICE,,] 21792 --- [HOTEL-MANAGEMENT-APPLICATION-HOTELSERVICE] [restartedMain] [                                                 ] com.netflix.discovery.DiscoveryClient    : Application version is -1: true
2025-08-15T20:43:29.615+05:30  INFO [HOTEL-MANAGEMENT-APPLICATION-HOTELSERVICE,,] 21792 --- [HOTEL-MANAGEMENT-APPLICATION-HOTELSERVICE] [restartedMain] [                                                 ] com.netflix.discovery.DiscoveryClient    : Getting all instance registry info from the eureka server
2025-08-15T20:43:29.814+05:30  INFO [HOTEL-MANAGEMENT-APPLICATION-HOTELSERVICE,,] 21792 --- [HOTEL-MANAGEMENT-APPLICATION-HOTELSERVICE] [restartedMain] [                                                 ] com.netflix.discovery.DiscoveryClient    : The response status is 200
2025-08-15T20:43:29.816+05:30  INFO [HOTEL-MANAGEMENT-APPLICATION-HOTELSERVICE,,] 21792 --- [HOTEL-MANAGEMENT-APPLICATION-HOTELSERVICE] [restartedMain] [                                                 ] com.netflix.discovery.DiscoveryClient    : Starting heartbeat executor: renew interval is: 30
2025-08-15T20:43:29.818+05:30  INFO [HOTEL-MANAGEMENT-APPLICATION-HOTELSERVICE,,] 21792 --- [HOTEL-MANAGEMENT-APPLICATION-HOTELSERVICE] [restartedMain] [                                                 ] c.n.discovery.InstanceInfoReplicator     : InstanceInfoReplicator onDemand update allowed rate per min is 4
2025-08-15T20:43:29.819+05:30  INFO [HOTEL-MANAGEMENT-APPLICATION-HOTELSERVICE,,] 21792 --- [HOTEL-MANAGEMENT-APPLICATION-HOTELSERVICE] [restartedMain] [                                                 ] com.netflix.discovery.DiscoveryClient    : Discovery Client initialized at timestamp 1755270809818 with initial instances count: 1
2025-08-15T20:43:29.832+05:30  INFO [HOTEL-MANAGEMENT-APPLICATION-HOTELSERVICE,,] 21792 --- [HOTEL-MANAGEMENT-APPLICATION-HOTELSERVICE] [restartedMain] [                                                 ] o.s.c.n.e.s.EurekaServiceRegistry        : Registering application HOTEL-MANAGEMENT-APPLICATION-HOTELSERVICE with eureka with status UP
2025-08-15T20:43:29.833+05:30  INFO [HOTEL-MANAGEMENT-APPLICATION-HOTELSERVICE,,] 21792 --- [HOTEL-MANAGEMENT-APPLICATION-HOTELSERVICE] [restartedMain] [                                                 ] com.netflix.discovery.DiscoveryClient    : Saw local status change event StatusChangeEvent [timestamp=1755270809833, current=UP, previous=STARTING]
2025-08-15T20:43:29.835+05:30  INFO [HOTEL-MANAGEMENT-APPLICATION-HOTELSERVICE,,] 21792 --- [HOTEL-MANAGEMENT-APPLICATION-HOTELSERVICE] [DiscoveryClient-InstanceInfoReplicator-%d] [                                                 ] com.netflix.discovery.DiscoveryClient    : DiscoveryClient_HOTEL-MANAGEMENT-APPLICATION-HOTELSERVICE/Shobhit:HOTEL-MANAGEMENT-APPLICATION-HOTELSERVICE:9091: registering service...
2025-08-15T20:43:29.849+05:30  INFO [HOTEL-MANAGEMENT-APPLICATION-HOTELSERVICE,,] 21792 --- [HOTEL-MANAGEMENT-APPLICATION-HOTELSERVICE] [restartedMain] [                                                 ] o.s.b.w.embedded.tomcat.TomcatWebServer  : Tomcat started on port 9091 (http) with context path '/'
2025-08-15T20:43:29.850+05:30  INFO [HOTEL-MANAGEMENT-APPLICATION-HOTELSERVICE,,] 21792 --- [HOTEL-MANAGEMENT-APPLICATION-HOTELSERVICE] [restartedMain] [                                                 ] .s.c.n.e.s.EurekaAutoServiceRegistration : Updating port to 9091
2025-08-15T20:43:29.875+05:30  INFO [HOTEL-MANAGEMENT-APPLICATION-HOTELSERVICE,,] 21792 --- [HOTEL-MANAGEMENT-APPLICATION-HOTELSERVICE] [restartedMain] [                                                 ] c.w.m.h.h.HotelManagemntApplication      : Started HotelManagemntApplication in 8.46 seconds (process running for 9.375)
2025-08-15T20:43:29.878+05:30  INFO [HOTEL-MANAGEMENT-APPLICATION-HOTELSERVICE,,] 21792 --- [HOTEL-MANAGEMENT-APPLICATION-HOTELSERVICE] [DiscoveryClient-InstanceInfoReplicator-%d] [                                                 ] com.netflix.discovery.DiscoveryClient    : DiscoveryClient_HOTEL-MANAGEMENT-APPLICATION-HOTELSERVICE/Shobhit:HOTEL-MANAGEMENT-APPLICATION-HOTELSERVICE:9091 - registration status: 204
2025-08-15T20:43:30.219+05:30  INFO [HOTEL-MANAGEMENT-APPLICATION-HOTELSERVICE,,] 21792 --- [HOTEL-MANAGEMENT-APPLICATION-HOTELSERVICE] [RMI TCP Connection(6)-127.0.0.1] [                                                 ] o.a.c.c.C.[Tomcat].[localhost].[/]       : Initializing Spring DispatcherServlet 'dispatcherServlet'
2025-08-15T20:43:30.219+05:30  INFO [HOTEL-MANAGEMENT-APPLICATION-HOTELSERVICE,,] 21792 --- [HOTEL-MANAGEMENT-APPLICATION-HOTELSERVICE] [RMI TCP Connection(6)-127.0.0.1] [                                                 ] o.s.web.servlet.DispatcherServlet        : Initializing Servlet 'dispatcherServlet'
2025-08-15T20:43:30.220+05:30  INFO [HOTEL-MANAGEMENT-APPLICATION-HOTELSERVICE,,] 21792 --- [HOTEL-MANAGEMENT-APPLICATION-HOTELSERVICE] [RMI TCP Connection(6)-127.0.0.1] [                                                 ] o.s.web.servlet.DispatcherServlet        : Completed initialization in 1 ms
2025-08-15T20:48:29.684+05:30  INFO [HOTEL-MANAGEMENT-APPLICATION-HOTELSERVICE,,] 21792 --- [HOTEL-MANAGEMENT-APPLICATION-HOTELSERVICE] [AsyncResolver-bootstrap-executor-%d] [                                                 ] c.n.d.s.r.aws.ConfigClusterResolver      : Resolving eureka endpoints via configuration
2025-08-15T20:53:29.722+05:30  INFO [HOTEL-MANAGEMENT-APPLICATION-HOTELSERVICE,,] 21792 --- [HOTEL-MANAGEMENT-APPLICATION-HOTELSERVICE] [AsyncResolver-bootstrap-executor-%d] [                                                 ] c.n.d.s.r.aws.ConfigClusterResolver      : Resolving eureka endpoints via configuration
2025-08-15T20:58:29.724+05:30  INFO [HOTEL-MANAGEMENT-APPLICATION-HOTELSERVICE,,] 21792 --- [HOTEL-MANAGEMENT-APPLICATION-HOTELSERVICE] [AsyncResolver-bootstrap-executor-%d] [                                                 ] c.n.d.s.r.aws.ConfigClusterResolver      : Resolving eureka endpoints via configuration
2025-08-15T21:47:51.297+05:30  WARN [HOTEL-MANAGEMENT-APPLICATION-HOTELSERVICE,,] 21792 --- [HOTEL-MANAGEMENT-APPLICATION-HOTELSERVICE] [HikariPool-1:housekeeper] [                                                 ] com.zaxxer.hikari.pool.HikariPool        : HikariPool-1 - Thread starvation or clock leap detected (housekeeper delta=44m54s408ms323µs500ns).
2025-08-15T21:48:18.106+05:30  INFO [HOTEL-MANAGEMENT-APPLICATION-HOTELSERVICE,,] 21792 --- [HOTEL-MANAGEMENT-APPLICATION-HOTELSERVICE] [AsyncResolver-bootstrap-executor-%d] [                                                 ] c.n.d.s.r.aws.ConfigClusterResolver      : Resolving eureka endpoints via configuration
2025-08-15T21:49:16.527+05:30  INFO [HOTEL-MANAGEMENT-APPLICATION-HOTELSERVICE,,] 21792 --- [HOTEL-MANAGEMENT-APPLICATION-HOTELSERVICE] [RMI TCP Connection(34)-127.0.0.1] [                                                 ] inMXBeanRegistrar$SpringApplicationAdmin : Application shutdown requested.
2025-08-15T21:49:16.617+05:30  INFO [HOTEL-MANAGEMENT-APPLICATION-HOTELSERVICE,,] 21792 --- [HOTEL-MANAGEMENT-APPLICATION-HOTELSERVICE] [RMI TCP Connection(34)-127.0.0.1] [                                                 ] o.s.c.n.e.s.EurekaServiceRegistry        : Unregistering application HOTEL-MANAGEMENT-APPLICATION-HOTELSERVICE with eureka with status DOWN
2025-08-15T21:49:16.618+05:30  INFO [HOTEL-MANAGEMENT-APPLICATION-HOTELSERVICE,,] 21792 --- [HOTEL-MANAGEMENT-APPLICATION-HOTELSERVICE] [RMI TCP Connection(34)-127.0.0.1] [                                                 ] com.netflix.discovery.DiscoveryClient    : Saw local status change event StatusChangeEvent [timestamp=1755274756618, current=DOWN, previous=UP]
2025-08-15T21:49:16.620+05:30  INFO [HOTEL-MANAGEMENT-APPLICATION-HOTELSERVICE,,] 21792 --- [HOTEL-MANAGEMENT-APPLICATION-HOTELSERVICE] [DiscoveryClient-InstanceInfoReplicator-%d] [                                                 ] com.netflix.discovery.DiscoveryClient    : DiscoveryClient_HOTEL-MANAGEMENT-APPLICATION-HOTELSERVICE/Shobhit:HOTEL-MANAGEMENT-APPLICATION-HOTELSERVICE:9091: registering service...
2025-08-15T21:49:16.704+05:30  INFO [HOTEL-MANAGEMENT-APPLICATION-HOTELSERVICE,,] 21792 --- [HOTEL-MANAGEMENT-APPLICATION-HOTELSERVICE] [DiscoveryClient-InstanceInfoReplicator-%d] [                                                 ] com.netflix.discovery.DiscoveryClient    : DiscoveryClient_HOTEL-MANAGEMENT-APPLICATION-HOTELSERVICE/Shobhit:HOTEL-MANAGEMENT-APPLICATION-HOTELSERVICE:9091 - registration status: 204
2025-08-15T21:49:16.822+05:30  INFO [HOTEL-MANAGEMENT-APPLICATION-HOTELSERVICE,,] 21792 --- [HOTEL-MANAGEMENT-APPLICATION-HOTELSERVICE] [RMI TCP Connection(34)-127.0.0.1] [                                                 ] o.s.b.w.e.tomcat.GracefulShutdown        : Commencing graceful shutdown. Waiting for active requests to complete
2025-08-15T21:49:16.929+05:30  INFO [HOTEL-MANAGEMENT-APPLICATION-HOTELSERVICE,,] 21792 --- [HOTEL-MANAGEMENT-APPLICATION-HOTELSERVICE] [tomcat-shutdown] [                                                 ] o.s.b.w.e.tomcat.GracefulShutdown        : Graceful shutdown complete
2025-08-15T21:49:17.062+05:30  INFO [HOTEL-MANAGEMENT-APPLICATION-HOTELSERVICE,,] 21792 --- [HOTEL-MANAGEMENT-APPLICATION-HOTELSERVICE] [RMI TCP Connection(34)-127.0.0.1] [                                                 ] j.LocalContainerEntityManagerFactoryBean : Closing JPA EntityManagerFactory for persistence unit 'default'
2025-08-15T21:49:17.177+05:30  INFO [HOTEL-MANAGEMENT-APPLICATION-HOTELSERVICE,,] 21792 --- [HOTEL-MANAGEMENT-APPLICATION-HOTELSERVICE] [RMI TCP Connection(34)-127.0.0.1] [                                                 ] com.zaxxer.hikari.HikariDataSource       : HikariPool-1 - Shutdown initiated...
2025-08-15T21:49:17.195+05:30  INFO [HOTEL-MANAGEMENT-APPLICATION-HOTELSERVICE,,] 21792 --- [HOTEL-MANAGEMENT-APPLICATION-HOTELSERVICE] [RMI TCP Connection(34)-127.0.0.1] [                                                 ] com.zaxxer.hikari.HikariDataSource       : HikariPool-1 - Shutdown completed.
2025-08-15T21:49:18.059+05:30  INFO [HOTEL-MANAGEMENT-APPLICATION-HOTELSERVICE,,] 21792 --- [HOTEL-MANAGEMENT-APPLICATION-HOTELSERVICE] [RMI TCP Connection(34)-127.0.0.1] [                                                 ] com.netflix.discovery.DiscoveryClient    : Shutting down DiscoveryClient ...
2025-08-15T21:49:21.071+05:30  INFO [HOTEL-MANAGEMENT-APPLICATION-HOTELSERVICE,,] 21792 --- [HOTEL-MANAGEMENT-APPLICATION-HOTELSERVICE] [RMI TCP Connection(34)-127.0.0.1] [                                                 ] com.netflix.discovery.DiscoveryClient    : Unregistering ...
2025-08-15T21:49:21.076+05:30  WARN [HOTEL-MANAGEMENT-APPLICATION-HOTELSERVICE,,] 21792 --- [HOTEL-MANAGEMENT-APPLICATION-HOTELSERVICE] [DiscoveryClient-%d] [                                                 ] c.netflix.discovery.TimedSupervisorTask  : task supervisor shutting down, can't accept the task
2025-08-15T21:49:21.096+05:30  INFO [HOTEL-MANAGEMENT-APPLICATION-HOTELSERVICE,,] 21792 --- [HOTEL-MANAGEMENT-APPLICATION-HOTELSERVICE] [RMI TCP Connection(34)-127.0.0.1] [                                                 ] com.netflix.discovery.DiscoveryClient    : DiscoveryClient_HOTEL-MANAGEMENT-APPLICATION-HOTELSERVICE/Shobhit:HOTEL-MANAGEMENT-APPLICATION-HOTELSERVICE:9091 - deregister  status: 200
2025-08-15T21:49:21.097+05:30  INFO [HOTEL-MANAGEMENT-APPLICATION-HOTELSERVICE,,] 21792 --- [HOTEL-MANAGEMENT-APPLICATION-HOTELSERVICE] [RMI TCP Connection(34)-127.0.0.1] [                                                 ] com.netflix.discovery.DiscoveryClient    : Completed shut down of DiscoveryClient
2025-08-15T22:11:08.326+05:30  INFO [HOTEL-MANAGEMENT-APPLICATION-HOTELSERVICE,,] 9604 --- [HOTEL-MANAGEMENT-APPLICATION-HOTELSERVICE] [restartedMain] [                                                 ] c.w.m.h.h.HotelManagemntApplication      : Starting HotelManagemntApplication using Java 21.0.7 with PID 9604 (E:\Wipro\Microservices\Hotel-Management-Microservice\Hotel-Managemnt-Application-HotelService\target\classes started by Shobhit PC in E:\Wipro\Microservices\Hotel-Management-Microservice\Hotel-Managemnt-Application-HotelService)
2025-08-15T22:11:08.337+05:30  INFO [HOTEL-MANAGEMENT-APPLICATION-HOTELSERVICE,,] 9604 --- [HOTEL-MANAGEMENT-APPLICATION-HOTELSERVICE] [restartedMain] [                                                 ] c.w.m.h.h.HotelManagemntApplication      : No active profile set, falling back to 1 default profile: "default"
2025-08-15T22:11:08.377+05:30  INFO [HOTEL-MANAGEMENT-APPLICATION-HOTELSERVICE,,] 9604 --- [HOTEL-MANAGEMENT-APPLICATION-HOTELSERVICE] [restartedMain] [                                                 ] o.s.c.c.c.ConfigServerConfigDataLoader   : Fetching config from server at : http://localhost:9053
2025-08-15T22:11:08.377+05:30  INFO [HOTEL-MANAGEMENT-APPLICATION-HOTELSERVICE,,] 9604 --- [HOTEL-MANAGEMENT-APPLICATION-HOTELSERVICE] [restartedMain] [                                                 ] o.s.c.c.c.ConfigServerConfigDataLoader   : Located environment: name=HOTEL-MANAGEMENT-APPLICATION-HOTELSERVICE, profiles=[default], label=null, version=67dbd04e6efed51f737a4b0f2094eae5b4d304e5, state=
2025-08-15T22:11:08.380+05:30  INFO [HOTEL-MANAGEMENT-APPLICATION-HOTELSERVICE,,] 9604 --- [HOTEL-MANAGEMENT-APPLICATION-HOTELSERVICE] [restartedMain] [                                                 ] .e.DevToolsPropertyDefaultsPostProcessor : Devtools property defaults active! Set 'spring.devtools.add-properties' to 'false' to disable
2025-08-15T22:11:08.380+05:30  INFO [HOTEL-MANAGEMENT-APPLICATION-HOTELSERVICE,,] 9604 --- [HOTEL-MANAGEMENT-APPLICATION-HOTELSERVICE] [restartedMain] [                                                 ] .e.DevToolsPropertyDefaultsPostProcessor : For additional web related logging consider setting the 'logging.level.web' property to 'DEBUG'
2025-08-15T22:11:09.424+05:30  INFO [HOTEL-MANAGEMENT-APPLICATION-HOTELSERVICE,,] 9604 --- [HOTEL-MANAGEMENT-APPLICATION-HOTELSERVICE] [restartedMain] [                                                 ] .s.d.r.c.RepositoryConfigurationDelegate : Bootstrapping Spring Data JPA repositories in DEFAULT mode.
2025-08-15T22:11:09.540+05:30  INFO [HOTEL-MANAGEMENT-APPLICATION-HOTELSERVICE,,] 9604 --- [HOTEL-MANAGEMENT-APPLICATION-HOTELSERVICE] [restartedMain] [                                                 ] .s.d.r.c.RepositoryConfigurationDelegate : Finished Spring Data repository scanning in 108 ms. Found 1 JPA repository interface.
2025-08-15T22:11:09.819+05:30  INFO [HOTEL-MANAGEMENT-APPLICATION-HOTELSERVICE,,] 9604 --- [HOTEL-MANAGEMENT-APPLICATION-HOTELSERVICE] [restartedMain] [                                                 ] o.s.cloud.context.scope.GenericScope     : BeanFactory id=04329e40-c9d6-3d19-87d8-cb4d4685625a
2025-08-15T22:11:10.702+05:30  INFO [HOTEL-MANAGEMENT-APPLICATION-HOTELSERVICE,,] 9604 --- [HOTEL-MANAGEMENT-APPLICATION-HOTELSERVICE] [restartedMain] [                                                 ] o.s.b.w.embedded.tomcat.TomcatWebServer  : Tomcat initialized with port 9091 (http)
2025-08-15T22:11:10.713+05:30  INFO [HOTEL-MANAGEMENT-APPLICATION-HOTELSERVICE,,] 9604 --- [HOTEL-MANAGEMENT-APPLICATION-HOTELSERVICE] [restartedMain] [                                                 ] o.apache.catalina.core.StandardService   : Starting service [Tomcat]
2025-08-15T22:11:10.713+05:30  INFO [HOTEL-MANAGEMENT-APPLICATION-HOTELSERVICE,,] 9604 --- [HOTEL-MANAGEMENT-APPLICATION-HOTELSERVICE] [restartedMain] [                                                 ] o.apache.catalina.core.StandardEngine    : Starting Servlet engine: [Apache Tomcat/10.1.43]
2025-08-15T22:11:10.780+05:30  INFO [HOTEL-MANAGEMENT-APPLICATION-HOTELSERVICE,,] 9604 --- [HOTEL-MANAGEMENT-APPLICATION-HOTELSERVICE] [restartedMain] [                                                 ] o.a.c.c.C.[Tomcat].[localhost].[/]       : Initializing Spring embedded WebApplicationContext
2025-08-15T22:11:10.781+05:30  INFO [HOTEL-MANAGEMENT-APPLICATION-HOTELSERVICE,,] 9604 --- [HOTEL-MANAGEMENT-APPLICATION-HOTELSERVICE] [restartedMain] [                                                 ] w.s.c.ServletWebServerApplicationContext : Root WebApplicationContext: initialization completed in 2401 ms
2025-08-15T22:11:11.487+05:30  INFO [HOTEL-MANAGEMENT-APPLICATION-HOTELSERVICE,,] 9604 --- [HOTEL-MANAGEMENT-APPLICATION-HOTELSERVICE] [restartedMain] [                                                 ] o.hibernate.jpa.internal.util.LogHelper  : HHH000204: Processing PersistenceUnitInfo [name: default]
2025-08-15T22:11:11.530+05:30  INFO [HOTEL-MANAGEMENT-APPLICATION-HOTELSERVICE,,] 9604 --- [HOTEL-MANAGEMENT-APPLICATION-HOTELSERVICE] [restartedMain] [                                                 ] org.hibernate.Version                    : HHH000412: Hibernate ORM core version 6.6.22.Final
2025-08-15T22:11:11.559+05:30  INFO [HOTEL-MANAGEMENT-APPLICATION-HOTELSERVICE,,] 9604 --- [HOTEL-MANAGEMENT-APPLICATION-HOTELSERVICE] [restartedMain] [                                                 ] o.h.c.internal.RegionFactoryInitiator    : HHH000026: Second-level cache disabled
2025-08-15T22:11:11.787+05:30  INFO [HOTEL-MANAGEMENT-APPLICATION-HOTELSERVICE,,] 9604 --- [HOTEL-MANAGEMENT-APPLICATION-HOTELSERVICE] [restartedMain] [                                                 ] o.s.o.j.p.SpringPersistenceUnitInfo      : No LoadTimeWeaver setup: ignoring JPA class transformer
2025-08-15T22:11:11.813+05:30  INFO [HOTEL-MANAGEMENT-APPLICATION-HOTELSERVICE,,] 9604 --- [HOTEL-MANAGEMENT-APPLICATION-HOTELSERVICE] [restartedMain] [                                                 ] com.zaxxer.hikari.HikariDataSource       : HikariPool-1 - Starting...
2025-08-15T22:11:12.024+05:30  INFO [HOTEL-MANAGEMENT-APPLICATION-HOTELSERVICE,,] 9604 --- [HOTEL-MANAGEMENT-APPLICATION-HOTELSERVICE] [restartedMain] [                                                 ] com.zaxxer.hikari.pool.HikariPool        : HikariPool-1 - Added connection com.mysql.cj.jdbc.ConnectionImpl@65eab207
2025-08-15T22:11:12.026+05:30  INFO [HOTEL-MANAGEMENT-APPLICATION-HOTELSERVICE,,] 9604 --- [HOTEL-MANAGEMENT-APPLICATION-HOTELSERVICE] [restartedMain] [                                                 ] com.zaxxer.hikari.HikariDataSource       : HikariPool-1 - Start completed.
2025-08-15T22:11:12.059+05:30  WARN [HOTEL-MANAGEMENT-APPLICATION-HOTELSERVICE,,] 9604 --- [HOTEL-MANAGEMENT-APPLICATION-HOTELSERVICE] [restartedMain] [                                                 ] org.hibernate.dialect.Dialect            : HHH000511: The 5.5.27 version for [org.hibernate.dialect.MySQLDialect] is no longer supported, hence certain features may not work properly. The minimum supported version is 8.0.0. Check the community dialects project for available legacy versions.
2025-08-15T22:11:12.064+05:30  WARN [HOTEL-MANAGEMENT-APPLICATION-HOTELSERVICE,,] 9604 --- [HOTEL-MANAGEMENT-APPLICATION-HOTELSERVICE] [restartedMain] [                                                 ] org.hibernate.orm.deprecation            : HHH90000025: MySQLDialect does not need to be specified explicitly using 'hibernate.dialect' (remove the property setting and it will be selected by default)
2025-08-15T22:11:12.088+05:30  INFO [HOTEL-MANAGEMENT-APPLICATION-HOTELSERVICE,,] 9604 --- [HOTEL-MANAGEMENT-APPLICATION-HOTELSERVICE] [restartedMain] [                                                 ] org.hibernate.orm.connections.pooling    : HHH10001005: Database info:
	Database JDBC URL [Connecting through datasource 'HikariDataSource (HikariPool-1)']
	Database driver: undefined/unknown
	Database version: 5.5.27
	Autocommit mode: undefined/unknown
	Isolation level: undefined/unknown
	Minimum pool size: undefined/unknown
	Maximum pool size: undefined/unknown
2025-08-15T22:11:12.782+05:30  INFO [HOTEL-MANAGEMENT-APPLICATION-HOTELSERVICE,,] 9604 --- [HOTEL-MANAGEMENT-APPLICATION-HOTELSERVICE] [restartedMain] [                                                 ] o.h.e.t.j.p.i.JtaPlatformInitiator       : HHH000489: No JTA platform available (set 'hibernate.transaction.jta.platform' to enable JTA platform integration)
2025-08-15T22:11:12.886+05:30  INFO [HOTEL-MANAGEMENT-APPLICATION-HOTELSERVICE,,] 9604 --- [HOTEL-MANAGEMENT-APPLICATION-HOTELSERVICE] [restartedMain] [                                                 ] j.LocalContainerEntityManagerFactoryBean : Initialized JPA EntityManagerFactory for persistence unit 'default'
2025-08-15T22:11:13.305+05:30  WARN [HOTEL-MANAGEMENT-APPLICATION-HOTELSERVICE,,] 9604 --- [HOTEL-MANAGEMENT-APPLICATION-HOTELSERVICE] [restartedMain] [                                                 ] JpaBaseConfiguration$JpaWebConfiguration : spring.jpa.open-in-view is enabled by default. Therefore, database queries may be performed during view rendering. Explicitly configure spring.jpa.open-in-view to disable this warning
2025-08-15T22:11:15.114+05:30  WARN [HOTEL-MANAGEMENT-APPLICATION-HOTELSERVICE,,] 9604 --- [HOTEL-MANAGEMENT-APPLICATION-HOTELSERVICE] [restartedMain] [                                                 ] o.s.b.d.a.OptionalLiveReloadServer       : Unable to start LiveReload server
2025-08-15T22:11:15.187+05:30  INFO [HOTEL-MANAGEMENT-APPLICATION-HOTELSERVICE,,] 9604 --- [HOTEL-MANAGEMENT-APPLICATION-HOTELSERVICE] [restartedMain] [                                                 ] DiscoveryClientOptionalArgsConfiguration : Eureka HTTP Client uses RestTemplate.
2025-08-15T22:11:15.268+05:30  WARN [HOTEL-MANAGEMENT-APPLICATION-HOTELSERVICE,,] 9604 --- [HOTEL-MANAGEMENT-APPLICATION-HOTELSERVICE] [restartedMain] [                                                 ] iguration$LoadBalancerCaffeineWarnLogger : Spring Cloud LoadBalancer is currently working with the default cache. While this cache implementation is useful for development and tests, it's recommended to use Caffeine cache in production.You can switch to using Caffeine cache, by adding it and org.springframework.cache.caffeine.CaffeineCacheManager to the classpath.
2025-08-15T22:11:15.315+05:30  INFO [HOTEL-MANAGEMENT-APPLICATION-HOTELSERVICE,,] 9604 --- [HOTEL-MANAGEMENT-APPLICATION-HOTELSERVICE] [restartedMain] [                                                 ] o.s.b.a.e.web.EndpointLinksResolver      : Exposing 27 endpoints beneath base path '/actuator'
2025-08-15T22:11:15.427+05:30  INFO [HOTEL-MANAGEMENT-APPLICATION-HOTELSERVICE,,] 9604 --- [HOTEL-MANAGEMENT-APPLICATION-HOTELSERVICE] [restartedMain] [                                                 ] o.s.c.n.eureka.InstanceInfoFactory       : Setting initial instance status as: STARTING
2025-08-15T22:11:15.452+05:30  INFO [HOTEL-MANAGEMENT-APPLICATION-HOTELSERVICE,,] 9604 --- [HOTEL-MANAGEMENT-APPLICATION-HOTELSERVICE] [restartedMain] [                                                 ] com.netflix.discovery.DiscoveryClient    : Initializing Eureka in region us-east-1
2025-08-15T22:11:15.456+05:30  INFO [HOTEL-MANAGEMENT-APPLICATION-HOTELSERVICE,,] 9604 --- [HOTEL-MANAGEMENT-APPLICATION-HOTELSERVICE] [restartedMain] [                                                 ] c.n.d.s.r.aws.ConfigClusterResolver      : Resolving eureka endpoints via configuration
2025-08-15T22:11:15.464+05:30  INFO [HOTEL-MANAGEMENT-APPLICATION-HOTELSERVICE,,] 9604 --- [HOTEL-MANAGEMENT-APPLICATION-HOTELSERVICE] [restartedMain] [                                                 ] com.netflix.discovery.DiscoveryClient    : Disable delta property : false
2025-08-15T22:11:15.464+05:30  INFO [HOTEL-MANAGEMENT-APPLICATION-HOTELSERVICE,,] 9604 --- [HOTEL-MANAGEMENT-APPLICATION-HOTELSERVICE] [restartedMain] [                                                 ] com.netflix.discovery.DiscoveryClient    : Single vip registry refresh property : null
2025-08-15T22:11:15.464+05:30  INFO [HOTEL-MANAGEMENT-APPLICATION-HOTELSERVICE,,] 9604 --- [HOTEL-MANAGEMENT-APPLICATION-HOTELSERVICE] [restartedMain] [                                                 ] com.netflix.discovery.DiscoveryClient    : Force full registry fetch : false
2025-08-15T22:11:15.464+05:30  INFO [HOTEL-MANAGEMENT-APPLICATION-HOTELSERVICE,,] 9604 --- [HOTEL-MANAGEMENT-APPLICATION-HOTELSERVICE] [restartedMain] [                                                 ] com.netflix.discovery.DiscoveryClient    : Application is null : false
2025-08-15T22:11:15.464+05:30  INFO [HOTEL-MANAGEMENT-APPLICATION-HOTELSERVICE,,] 9604 --- [HOTEL-MANAGEMENT-APPLICATION-HOTELSERVICE] [restartedMain] [                                                 ] com.netflix.discovery.DiscoveryClient    : Registered Applications size is zero : true
2025-08-15T22:11:15.464+05:30  INFO [HOTEL-MANAGEMENT-APPLICATION-HOTELSERVICE,,] 9604 --- [HOTEL-MANAGEMENT-APPLICATION-HOTELSERVICE] [restartedMain] [                                                 ] com.netflix.discovery.DiscoveryClient    : Application version is -1: true
2025-08-15T22:11:15.464+05:30  INFO [HOTEL-MANAGEMENT-APPLICATION-HOTELSERVICE,,] 9604 --- [HOTEL-MANAGEMENT-APPLICATION-HOTELSERVICE] [restartedMain] [                                                 ] com.netflix.discovery.DiscoveryClient    : Getting all instance registry info from the eureka server
2025-08-15T22:11:15.676+05:30  INFO [HOTEL-MANAGEMENT-APPLICATION-HOTELSERVICE,,] 9604 --- [HOTEL-MANAGEMENT-APPLICATION-HOTELSERVICE] [restartedMain] [                                                 ] com.netflix.discovery.DiscoveryClient    : The response status is 200
2025-08-15T22:11:15.678+05:30  INFO [HOTEL-MANAGEMENT-APPLICATION-HOTELSERVICE,,] 9604 --- [HOTEL-MANAGEMENT-APPLICATION-HOTELSERVICE] [restartedMain] [                                                 ] com.netflix.discovery.DiscoveryClient    : Starting heartbeat executor: renew interval is: 30
2025-08-15T22:11:15.679+05:30  INFO [HOTEL-MANAGEMENT-APPLICATION-HOTELSERVICE,,] 9604 --- [HOTEL-MANAGEMENT-APPLICATION-HOTELSERVICE] [restartedMain] [                                                 ] c.n.discovery.InstanceInfoReplicator     : InstanceInfoReplicator onDemand update allowed rate per min is 4
2025-08-15T22:11:15.680+05:30  INFO [HOTEL-MANAGEMENT-APPLICATION-HOTELSERVICE,,] 9604 --- [HOTEL-MANAGEMENT-APPLICATION-HOTELSERVICE] [restartedMain] [                                                 ] com.netflix.discovery.DiscoveryClient    : Discovery Client initialized at timestamp 1755276075680 with initial instances count: 1
2025-08-15T22:11:15.693+05:30  INFO [HOTEL-MANAGEMENT-APPLICATION-HOTELSERVICE,,] 9604 --- [HOTEL-MANAGEMENT-APPLICATION-HOTELSERVICE] [restartedMain] [                                                 ] o.s.c.n.e.s.EurekaServiceRegistry        : Registering application HOTEL-MANAGEMENT-APPLICATION-HOTELSERVICE with eureka with status UP
2025-08-15T22:11:15.694+05:30  INFO [HOTEL-MANAGEMENT-APPLICATION-HOTELSERVICE,,] 9604 --- [HOTEL-MANAGEMENT-APPLICATION-HOTELSERVICE] [restartedMain] [                                                 ] com.netflix.discovery.DiscoveryClient    : Saw local status change event StatusChangeEvent [timestamp=1755276075694, current=UP, previous=STARTING]
2025-08-15T22:11:15.696+05:30  INFO [HOTEL-MANAGEMENT-APPLICATION-HOTELSERVICE,,] 9604 --- [HOTEL-MANAGEMENT-APPLICATION-HOTELSERVICE] [DiscoveryClient-InstanceInfoReplicator-%d] [                                                 ] com.netflix.discovery.DiscoveryClient    : DiscoveryClient_HOTEL-MANAGEMENT-APPLICATION-HOTELSERVICE/Shobhit:HOTEL-MANAGEMENT-APPLICATION-HOTELSERVICE:9091: registering service...
2025-08-15T22:11:15.707+05:30  INFO [HOTEL-MANAGEMENT-APPLICATION-HOTELSERVICE,,] 9604 --- [HOTEL-MANAGEMENT-APPLICATION-HOTELSERVICE] [restartedMain] [                                                 ] o.s.b.w.embedded.tomcat.TomcatWebServer  : Tomcat started on port 9091 (http) with context path '/'
2025-08-15T22:11:15.708+05:30  INFO [HOTEL-MANAGEMENT-APPLICATION-HOTELSERVICE,,] 9604 --- [HOTEL-MANAGEMENT-APPLICATION-HOTELSERVICE] [restartedMain] [                                                 ] .s.c.n.e.s.EurekaAutoServiceRegistration : Updating port to 9091
2025-08-15T22:11:15.730+05:30  INFO [HOTEL-MANAGEMENT-APPLICATION-HOTELSERVICE,,] 9604 --- [HOTEL-MANAGEMENT-APPLICATION-HOTELSERVICE] [restartedMain] [                                                 ] c.w.m.h.h.HotelManagemntApplication      : Started HotelManagemntApplication in 10.307 seconds (process running for 11.425)
2025-08-15T22:11:15.733+05:30  INFO [HOTEL-MANAGEMENT-APPLICATION-HOTELSERVICE,,] 9604 --- [HOTEL-MANAGEMENT-APPLICATION-HOTELSERVICE] [DiscoveryClient-InstanceInfoReplicator-%d] [                                                 ] com.netflix.discovery.DiscoveryClient    : DiscoveryClient_HOTEL-MANAGEMENT-APPLICATION-HOTELSERVICE/Shobhit:HOTEL-MANAGEMENT-APPLICATION-HOTELSERVICE:9091 - registration status: 204
2025-08-15T22:11:16.354+05:30  INFO [HOTEL-MANAGEMENT-APPLICATION-HOTELSERVICE,,] 9604 --- [HOTEL-MANAGEMENT-APPLICATION-HOTELSERVICE] [RMI TCP Connection(7)-127.0.0.1] [                                                 ] o.a.c.c.C.[Tomcat].[localhost].[/]       : Initializing Spring DispatcherServlet 'dispatcherServlet'
2025-08-15T22:11:16.354+05:30  INFO [HOTEL-MANAGEMENT-APPLICATION-HOTELSERVICE,,] 9604 --- [HOTEL-MANAGEMENT-APPLICATION-HOTELSERVICE] [RMI TCP Connection(7)-127.0.0.1] [                                                 ] o.s.web.servlet.DispatcherServlet        : Initializing Servlet 'dispatcherServlet'
2025-08-15T22:11:16.356+05:30  INFO [HOTEL-MANAGEMENT-APPLICATION-HOTELSERVICE,,] 9604 --- [HOTEL-MANAGEMENT-APPLICATION-HOTELSERVICE] [RMI TCP Connection(7)-127.0.0.1] [                                                 ] o.s.web.servlet.DispatcherServlet        : Completed initialization in 1 ms
2025-08-15T22:16:15.471+05:30  INFO [HOTEL-MANAGEMENT-APPLICATION-HOTELSERVICE,,] 9604 --- [HOTEL-MANAGEMENT-APPLICATION-HOTELSERVICE] [AsyncResolver-bootstrap-executor-%d] [                                                 ] c.n.d.s.r.aws.ConfigClusterResolver      : Resolving eureka endpoints via configuration
2025-08-15T22:21:15.478+05:30  INFO [HOTEL-MANAGEMENT-APPLICATION-HOTELSERVICE,,] 9604 --- [HOTEL-MANAGEMENT-APPLICATION-HOTELSERVICE] [AsyncResolver-bootstrap-executor-%d] [                                                 ] c.n.d.s.r.aws.ConfigClusterResolver      : Resolving eureka endpoints via configuration
