2025-08-15T19:54:47.543+05:30  INFO [HOTEL-MANAGEMENT-APPLICATION-USERSERVICE,,] 19024 --- [HOTEL-MANAGEMENT-APPLICATION-USERSERVICE] [restartedMain] [                                                 ] c.w.m.h.u.HotelManagemntApplication      : Starting HotelManagemntApplication using Java 21.0.7 with PID 19024 (E:\Wipro\Microservices\Hotel-Management-Microservice\Hotel-Management-Application-UserService\target\classes started by Shobhit PC in E:\Wipro\Microservices\Hotel-Management-Microservice\Hotel-Management-Application-UserService)
2025-08-15T19:54:47.548+05:30  INFO [HOTEL-MANAGEMENT-APPLICATION-USERSERVICE,,] 19024 --- [HOTEL-MANAGEMENT-APPLICATION-USERSERVICE] [restartedMain] [                                                 ] c.w.m.h.u.HotelManagemntApplication      : No active profile set, falling back to 1 default profile: "default"
2025-08-15T19:54:47.585+05:30  INFO [HOTEL-MANAGEMENT-APPLICATION-USERSERVICE,,] 19024 --- [HOTEL-MANAGEMENT-APPLICATION-USERSERVICE] [restartedMain] [                                                 ] o.s.c.c.c.ConfigServerConfigDataLoader   : Fetching config from server at : http://localhost:9053
2025-08-15T19:54:47.586+05:30  INFO [HOTEL-MANAGEMENT-APPLICATION-USERSERVICE,,] 19024 --- [HOTEL-MANAGEMENT-APPLICATION-USERSERVICE] [restartedMain] [                                                 ] o.s.c.c.c.ConfigServerConfigDataLoader   : Located environment: name=HOTEL-MANAGEMENT-APPLICATION-USERSERVICE, profiles=[default], label=null, version=67dbd04e6efed51f737a4b0f2094eae5b4d304e5, state=
2025-08-15T19:54:47.587+05:30  INFO [HOTEL-MANAGEMENT-APPLICATION-USERSERVICE,,] 19024 --- [HOTEL-MANAGEMENT-APPLICATION-USERSERVICE] [restartedMain] [                                                 ] .e.DevToolsPropertyDefaultsPostProcessor : Devtools property defaults active! Set 'spring.devtools.add-properties' to 'false' to disable
2025-08-15T19:54:47.588+05:30  INFO [HOTEL-MANAGEMENT-APPLICATION-USERSERVICE,,] 19024 --- [HOTEL-MANAGEMENT-APPLICATION-USERSERVICE] [restartedMain] [                                                 ] .e.DevToolsPropertyDefaultsPostProcessor : For additional web related logging consider setting the 'logging.level.web' property to 'DEBUG'
2025-08-15T19:54:48.953+05:30  INFO [HOTEL-MANAGEMENT-APPLICATION-USERSERVICE,,] 19024 --- [HOTEL-MANAGEMENT-APPLICATION-USERSERVICE] [restartedMain] [                                                 ] .s.d.r.c.RepositoryConfigurationDelegate : Bootstrapping Spring Data JPA repositories in DEFAULT mode.
2025-08-15T19:54:49.075+05:30  INFO [HOTEL-MANAGEMENT-APPLICATION-USERSERVICE,,] 19024 --- [HOTEL-MANAGEMENT-APPLICATION-USERSERVICE] [restartedMain] [                                                 ] .s.d.r.c.RepositoryConfigurationDelegate : Finished Spring Data repository scanning in 113 ms. Found 1 JPA repository interface.
2025-08-15T19:54:49.351+05:30  INFO [HOTEL-MANAGEMENT-APPLICATION-USERSERVICE,,] 19024 --- [HOTEL-MANAGEMENT-APPLICATION-USERSERVICE] [restartedMain] [                                                 ] o.s.cloud.context.scope.GenericScope     : BeanFactory id=720ef37e-8dcf-30fe-8d4a-f5b93e087467
2025-08-15T19:54:50.109+05:30  INFO [HOTEL-MANAGEMENT-APPLICATION-USERSERVICE,,] 19024 --- [HOTEL-MANAGEMENT-APPLICATION-USERSERVICE] [restartedMain] [                                                 ] o.s.b.w.embedded.tomcat.TomcatWebServer  : Tomcat initialized with port 9098 (http)
2025-08-15T19:54:50.120+05:30  INFO [HOTEL-MANAGEMENT-APPLICATION-USERSERVICE,,] 19024 --- [HOTEL-MANAGEMENT-APPLICATION-USERSERVICE] [restartedMain] [                                                 ] o.apache.catalina.core.StandardService   : Starting service [Tomcat]
2025-08-15T19:54:50.121+05:30  INFO [HOTEL-MANAGEMENT-APPLICATION-USERSERVICE,,] 19024 --- [HOTEL-MANAGEMENT-APPLICATION-USERSERVICE] [restartedMain] [                                                 ] o.apache.catalina.core.StandardEngine    : Starting Servlet engine: [Apache Tomcat/10.1.43]
2025-08-15T19:54:50.179+05:30  INFO [HOTEL-MANAGEMENT-APPLICATION-USERSERVICE,,] 19024 --- [HOTEL-MANAGEMENT-APPLICATION-USERSERVICE] [restartedMain] [                                                 ] o.a.c.c.C.[Tomcat].[localhost].[/]       : Initializing Spring embedded WebApplicationContext
2025-08-15T19:54:50.180+05:30  INFO [HOTEL-MANAGEMENT-APPLICATION-USERSERVICE,,] 19024 --- [HOTEL-MANAGEMENT-APPLICATION-USERSERVICE] [restartedMain] [                                                 ] w.s.c.ServletWebServerApplicationContext : Root WebApplicationContext: initialization completed in 2592 ms
2025-08-15T19:54:50.991+05:30  INFO [HOTEL-MANAGEMENT-APPLICATION-USERSERVICE,,] 19024 --- [HOTEL-MANAGEMENT-APPLICATION-USERSERVICE] [restartedMain] [                                                 ] o.hibernate.jpa.internal.util.LogHelper  : HHH000204: Processing PersistenceUnitInfo [name: default]
2025-08-15T19:54:51.057+05:30  INFO [HOTEL-MANAGEMENT-APPLICATION-USERSERVICE,,] 19024 --- [HOTEL-MANAGEMENT-APPLICATION-USERSERVICE] [restartedMain] [                                                 ] org.hibernate.Version                    : HHH000412: Hibernate ORM core version 6.6.22.Final
2025-08-15T19:54:51.093+05:30  INFO [HOTEL-MANAGEMENT-APPLICATION-USERSERVICE,,] 19024 --- [HOTEL-MANAGEMENT-APPLICATION-USERSERVICE] [restartedMain] [                                                 ] o.h.c.internal.RegionFactoryInitiator    : HHH000026: Second-level cache disabled
2025-08-15T19:54:51.455+05:30  INFO [HOTEL-MANAGEMENT-APPLICATION-USERSERVICE,,] 19024 --- [HOTEL-MANAGEMENT-APPLICATION-USERSERVICE] [restartedMain] [                                                 ] o.s.o.j.p.SpringPersistenceUnitInfo      : No LoadTimeWeaver setup: ignoring JPA class transformer
2025-08-15T19:54:51.483+05:30  INFO [HOTEL-MANAGEMENT-APPLICATION-USERSERVICE,,] 19024 --- [HOTEL-MANAGEMENT-APPLICATION-USERSERVICE] [restartedMain] [                                                 ] com.zaxxer.hikari.HikariDataSource       : HikariPool-1 - Starting...
2025-08-15T19:54:51.698+05:30  INFO [HOTEL-MANAGEMENT-APPLICATION-USERSERVICE,,] 19024 --- [HOTEL-MANAGEMENT-APPLICATION-USERSERVICE] [restartedMain] [                                                 ] com.zaxxer.hikari.pool.HikariPool        : HikariPool-1 - Added connection com.mysql.cj.jdbc.ConnectionImpl@480d1247
2025-08-15T19:54:51.699+05:30  INFO [HOTEL-MANAGEMENT-APPLICATION-USERSERVICE,,] 19024 --- [HOTEL-MANAGEMENT-APPLICATION-USERSERVICE] [restartedMain] [                                                 ] com.zaxxer.hikari.HikariDataSource       : HikariPool-1 - Start completed.
2025-08-15T19:54:51.741+05:30  WARN [HOTEL-MANAGEMENT-APPLICATION-USERSERVICE,,] 19024 --- [HOTEL-MANAGEMENT-APPLICATION-USERSERVICE] [restartedMain] [                                                 ] org.hibernate.dialect.Dialect            : HHH000511: The 5.5.27 version for [org.hibernate.dialect.MySQLDialect] is no longer supported, hence certain features may not work properly. The minimum supported version is 8.0.0. Check the community dialects project for available legacy versions.
2025-08-15T19:54:51.745+05:30  WARN [HOTEL-MANAGEMENT-APPLICATION-USERSERVICE,,] 19024 --- [HOTEL-MANAGEMENT-APPLICATION-USERSERVICE] [restartedMain] [                                                 ] org.hibernate.orm.deprecation            : HHH90000025: MySQLDialect does not need to be specified explicitly using 'hibernate.dialect' (remove the property setting and it will be selected by default)
2025-08-15T19:54:51.759+05:30  INFO [HOTEL-MANAGEMENT-APPLICATION-USERSERVICE,,] 19024 --- [HOTEL-MANAGEMENT-APPLICATION-USERSERVICE] [restartedMain] [                                                 ] org.hibernate.orm.connections.pooling    : HHH10001005: Database info:
	Database JDBC URL [Connecting through datasource 'HikariDataSource (HikariPool-1)']
	Database driver: undefined/unknown
	Database version: 5.5.27
	Autocommit mode: undefined/unknown
	Isolation level: undefined/unknown
	Minimum pool size: undefined/unknown
	Maximum pool size: undefined/unknown
2025-08-15T19:54:52.491+05:30  INFO [HOTEL-MANAGEMENT-APPLICATION-USERSERVICE,,] 19024 --- [HOTEL-MANAGEMENT-APPLICATION-USERSERVICE] [restartedMain] [                                                 ] o.h.e.t.j.p.i.JtaPlatformInitiator       : HHH000489: No JTA platform available (set 'hibernate.transaction.jta.platform' to enable JTA platform integration)
2025-08-15T19:54:52.535+05:30  INFO [HOTEL-MANAGEMENT-APPLICATION-USERSERVICE,,] 19024 --- [HOTEL-MANAGEMENT-APPLICATION-USERSERVICE] [restartedMain] [                                                 ] j.LocalContainerEntityManagerFactoryBean : Initialized JPA EntityManagerFactory for persistence unit 'default'
2025-08-15T19:54:52.866+05:30  INFO [HOTEL-MANAGEMENT-APPLICATION-USERSERVICE,,] 19024 --- [HOTEL-MANAGEMENT-APPLICATION-USERSERVICE] [restartedMain] [                                                 ] o.s.d.j.r.query.QueryEnhancerFactory     : Hibernate is in classpath; If applicable, HQL parser will be used.
2025-08-15T19:54:53.431+05:30  WARN [HOTEL-MANAGEMENT-APPLICATION-USERSERVICE,,] 19024 --- [HOTEL-MANAGEMENT-APPLICATION-USERSERVICE] [restartedMain] [                                                 ] JpaBaseConfiguration$JpaWebConfiguration : spring.jpa.open-in-view is enabled by default. Therefore, database queries may be performed during view rendering. Explicitly configure spring.jpa.open-in-view to disable this warning
2025-08-15T19:54:55.181+05:30  INFO [HOTEL-MANAGEMENT-APPLICATION-USERSERVICE,,] 19024 --- [HOTEL-MANAGEMENT-APPLICATION-USERSERVICE] [restartedMain] [                                                 ] o.s.b.d.a.OptionalLiveReloadServer       : LiveReload server is running on port 35729
2025-08-15T19:54:55.247+05:30  INFO [HOTEL-MANAGEMENT-APPLICATION-USERSERVICE,,] 19024 --- [HOTEL-MANAGEMENT-APPLICATION-USERSERVICE] [restartedMain] [                                                 ] DiscoveryClientOptionalArgsConfiguration : Eureka HTTP Client uses RestTemplate.
2025-08-15T19:54:55.331+05:30  WARN [HOTEL-MANAGEMENT-APPLICATION-USERSERVICE,,] 19024 --- [HOTEL-MANAGEMENT-APPLICATION-USERSERVICE] [restartedMain] [                                                 ] iguration$LoadBalancerCaffeineWarnLogger : Spring Cloud LoadBalancer is currently working with the default cache. While this cache implementation is useful for development and tests, it's recommended to use Caffeine cache in production.You can switch to using Caffeine cache, by adding it and org.springframework.cache.caffeine.CaffeineCacheManager to the classpath.
2025-08-15T19:54:55.383+05:30  INFO [HOTEL-MANAGEMENT-APPLICATION-USERSERVICE,,] 19024 --- [HOTEL-MANAGEMENT-APPLICATION-USERSERVICE] [restartedMain] [                                                 ] o.s.b.a.e.web.EndpointLinksResolver      : Exposing 27 endpoints beneath base path '/actuator'
2025-08-15T19:54:55.498+05:30  INFO [HOTEL-MANAGEMENT-APPLICATION-USERSERVICE,,] 19024 --- [HOTEL-MANAGEMENT-APPLICATION-USERSERVICE] [restartedMain] [                                                 ] o.s.c.n.eureka.InstanceInfoFactory       : Setting initial instance status as: STARTING
2025-08-15T19:54:55.519+05:30  INFO [HOTEL-MANAGEMENT-APPLICATION-USERSERVICE,,] 19024 --- [HOTEL-MANAGEMENT-APPLICATION-USERSERVICE] [restartedMain] [                                                 ] com.netflix.discovery.DiscoveryClient    : Initializing Eureka in region us-east-1
2025-08-15T19:54:55.522+05:30  INFO [HOTEL-MANAGEMENT-APPLICATION-USERSERVICE,,] 19024 --- [HOTEL-MANAGEMENT-APPLICATION-USERSERVICE] [restartedMain] [                                                 ] c.n.d.s.r.aws.ConfigClusterResolver      : Resolving eureka endpoints via configuration
2025-08-15T19:54:55.529+05:30  INFO [HOTEL-MANAGEMENT-APPLICATION-USERSERVICE,,] 19024 --- [HOTEL-MANAGEMENT-APPLICATION-USERSERVICE] [restartedMain] [                                                 ] com.netflix.discovery.DiscoveryClient    : Disable delta property : false
2025-08-15T19:54:55.529+05:30  INFO [HOTEL-MANAGEMENT-APPLICATION-USERSERVICE,,] 19024 --- [HOTEL-MANAGEMENT-APPLICATION-USERSERVICE] [restartedMain] [                                                 ] com.netflix.discovery.DiscoveryClient    : Single vip registry refresh property : null
2025-08-15T19:54:55.529+05:30  INFO [HOTEL-MANAGEMENT-APPLICATION-USERSERVICE,,] 19024 --- [HOTEL-MANAGEMENT-APPLICATION-USERSERVICE] [restartedMain] [                                                 ] com.netflix.discovery.DiscoveryClient    : Force full registry fetch : false
2025-08-15T19:54:55.529+05:30  INFO [HOTEL-MANAGEMENT-APPLICATION-USERSERVICE,,] 19024 --- [HOTEL-MANAGEMENT-APPLICATION-USERSERVICE] [restartedMain] [                                                 ] com.netflix.discovery.DiscoveryClient    : Application is null : false
2025-08-15T19:54:55.529+05:30  INFO [HOTEL-MANAGEMENT-APPLICATION-USERSERVICE,,] 19024 --- [HOTEL-MANAGEMENT-APPLICATION-USERSERVICE] [restartedMain] [                                                 ] com.netflix.discovery.DiscoveryClient    : Registered Applications size is zero : true
2025-08-15T19:54:55.529+05:30  INFO [HOTEL-MANAGEMENT-APPLICATION-USERSERVICE,,] 19024 --- [HOTEL-MANAGEMENT-APPLICATION-USERSERVICE] [restartedMain] [                                                 ] com.netflix.discovery.DiscoveryClient    : Application version is -1: true
2025-08-15T19:54:55.530+05:30  INFO [HOTEL-MANAGEMENT-APPLICATION-USERSERVICE,,] 19024 --- [HOTEL-MANAGEMENT-APPLICATION-USERSERVICE] [restartedMain] [                                                 ] com.netflix.discovery.DiscoveryClient    : Getting all instance registry info from the eureka server
2025-08-15T19:54:55.730+05:30  INFO [HOTEL-MANAGEMENT-APPLICATION-USERSERVICE,,] 19024 --- [HOTEL-MANAGEMENT-APPLICATION-USERSERVICE] [restartedMain] [                                                 ] com.netflix.discovery.DiscoveryClient    : The response status is 200
2025-08-15T19:54:55.732+05:30  INFO [HOTEL-MANAGEMENT-APPLICATION-USERSERVICE,,] 19024 --- [HOTEL-MANAGEMENT-APPLICATION-USERSERVICE] [restartedMain] [                                                 ] com.netflix.discovery.DiscoveryClient    : Starting heartbeat executor: renew interval is: 30
2025-08-15T19:54:55.733+05:30  INFO [HOTEL-MANAGEMENT-APPLICATION-USERSERVICE,,] 19024 --- [HOTEL-MANAGEMENT-APPLICATION-USERSERVICE] [restartedMain] [                                                 ] c.n.discovery.InstanceInfoReplicator     : InstanceInfoReplicator onDemand update allowed rate per min is 4
2025-08-15T19:54:55.735+05:30  INFO [HOTEL-MANAGEMENT-APPLICATION-USERSERVICE,,] 19024 --- [HOTEL-MANAGEMENT-APPLICATION-USERSERVICE] [restartedMain] [                                                 ] com.netflix.discovery.DiscoveryClient    : Discovery Client initialized at timestamp 1755267895734 with initial instances count: 0
2025-08-15T19:54:55.749+05:30  INFO [HOTEL-MANAGEMENT-APPLICATION-USERSERVICE,,] 19024 --- [HOTEL-MANAGEMENT-APPLICATION-USERSERVICE] [restartedMain] [                                                 ] o.s.c.n.e.s.EurekaServiceRegistry        : Registering application HOTEL-MANAGEMENT-APPLICATION-USERSERVICE with eureka with status UP
2025-08-15T19:54:55.750+05:30  INFO [HOTEL-MANAGEMENT-APPLICATION-USERSERVICE,,] 19024 --- [HOTEL-MANAGEMENT-APPLICATION-USERSERVICE] [restartedMain] [                                                 ] com.netflix.discovery.DiscoveryClient    : Saw local status change event StatusChangeEvent [timestamp=1755267895750, current=UP, previous=STARTING]
2025-08-15T19:54:55.752+05:30  INFO [HOTEL-MANAGEMENT-APPLICATION-USERSERVICE,,] 19024 --- [HOTEL-MANAGEMENT-APPLICATION-USERSERVICE] [DiscoveryClient-InstanceInfoReplicator-%d] [                                                 ] com.netflix.discovery.DiscoveryClient    : DiscoveryClient_HOTEL-MANAGEMENT-APPLICATION-USERSERVICE/Shobhit:HOTEL-MANAGEMENT-APPLICATION-USERSERVICE:9098: registering service...
2025-08-15T19:54:55.764+05:30  INFO [HOTEL-MANAGEMENT-APPLICATION-USERSERVICE,,] 19024 --- [HOTEL-MANAGEMENT-APPLICATION-USERSERVICE] [restartedMain] [                                                 ] o.s.b.w.embedded.tomcat.TomcatWebServer  : Tomcat started on port 9098 (http) with context path '/'
2025-08-15T19:54:55.765+05:30  INFO [HOTEL-MANAGEMENT-APPLICATION-USERSERVICE,,] 19024 --- [HOTEL-MANAGEMENT-APPLICATION-USERSERVICE] [restartedMain] [                                                 ] .s.c.n.e.s.EurekaAutoServiceRegistration : Updating port to 9098
2025-08-15T19:54:55.792+05:30  INFO [HOTEL-MANAGEMENT-APPLICATION-USERSERVICE,,] 19024 --- [HOTEL-MANAGEMENT-APPLICATION-USERSERVICE] [restartedMain] [                                                 ] c.w.m.h.u.HotelManagemntApplication      : Started HotelManagemntApplication in 11.96 seconds (process running for 12.954)
2025-08-15T19:54:55.794+05:30  INFO [HOTEL-MANAGEMENT-APPLICATION-USERSERVICE,,] 19024 --- [HOTEL-MANAGEMENT-APPLICATION-USERSERVICE] [DiscoveryClient-InstanceInfoReplicator-%d] [                                                 ] com.netflix.discovery.DiscoveryClient    : DiscoveryClient_HOTEL-MANAGEMENT-APPLICATION-USERSERVICE/Shobhit:HOTEL-MANAGEMENT-APPLICATION-USERSERVICE:9098 - registration status: 204
2025-08-15T19:54:56.170+05:30  INFO [HOTEL-MANAGEMENT-APPLICATION-USERSERVICE,,] 19024 --- [HOTEL-MANAGEMENT-APPLICATION-USERSERVICE] [RMI TCP Connection(5)-127.0.0.1] [                                                 ] o.a.c.c.C.[Tomcat].[localhost].[/]       : Initializing Spring DispatcherServlet 'dispatcherServlet'
2025-08-15T19:54:56.171+05:30  INFO [HOTEL-MANAGEMENT-APPLICATION-USERSERVICE,,] 19024 --- [HOTEL-MANAGEMENT-APPLICATION-USERSERVICE] [RMI TCP Connection(5)-127.0.0.1] [                                                 ] o.s.web.servlet.DispatcherServlet        : Initializing Servlet 'dispatcherServlet'
2025-08-15T19:54:56.172+05:30  INFO [HOTEL-MANAGEMENT-APPLICATION-USERSERVICE,,] 19024 --- [HOTEL-MANAGEMENT-APPLICATION-USERSERVICE] [RMI TCP Connection(5)-127.0.0.1] [                                                 ] o.s.web.servlet.DispatcherServlet        : Completed initialization in 1 ms
2025-08-15T19:54:56.802+05:30  WARN [HOTEL-MANAGEMENT-APPLICATION-USERSERVICE,,] 19024 --- [HOTEL-MANAGEMENT-APPLICATION-USERSERVICE] [AsyncReporter{ZipkinHttpClientSender{http://localhost:9411/api/v2/spans}}] [                                                 ] z.r.i.AsyncReporter$BoundedAsyncReporter : Spans were dropped due to exceptions. All subsequent errors will be logged at FINE level.
2025-08-15T19:54:56.802+05:30  WARN [HOTEL-MANAGEMENT-APPLICATION-USERSERVICE,,] 19024 --- [HOTEL-MANAGEMENT-APPLICATION-USERSERVICE] [AsyncReporter{ZipkinHttpClientSender{http://localhost:9411/api/v2/spans}}] [                                                 ] z.r.i.AsyncReporter$BoundedAsyncReporter : Dropped 2 spans due to ConnectException()

java.net.ConnectException: null
	at java.net.http/jdk.internal.net.http.HttpClientImpl.send(HttpClientImpl.java:952) ~[java.net.http:na]
	at java.net.http/jdk.internal.net.http.HttpClientFacade.send(HttpClientFacade.java:133) ~[java.net.http:na]
	at org.springframework.boot.actuate.autoconfigure.tracing.zipkin.ZipkinHttpClientSender.postSpans(ZipkinHttpClientSender.java:60) ~[spring-boot-actuator-autoconfigure-3.5.4.jar:3.5.4]
	at org.springframework.boot.actuate.autoconfigure.tracing.zipkin.HttpSender.postSpans(HttpSender.java:69) ~[spring-boot-actuator-autoconfigure-3.5.4.jar:3.5.4]
	at org.springframework.boot.actuate.autoconfigure.tracing.zipkin.HttpSender.postSpans(HttpSender.java:41) ~[spring-boot-actuator-autoconfigure-3.5.4.jar:3.5.4]
	at zipkin2.reporter.BaseHttpSender.send(BaseHttpSender.java:123) ~[zipkin-reporter-3.5.1.jar:na]
	at zipkin2.reporter.internal.AsyncReporter$BoundedAsyncReporter.flush(AsyncReporter.java:266) ~[zipkin-reporter-3.5.1.jar:na]
	at zipkin2.reporter.internal.AsyncReporter$Flusher.run(AsyncReporter.java:352) ~[zipkin-reporter-3.5.1.jar:na]
	at java.base/java.lang.Thread.run(Thread.java:1583) ~[na:na]
Caused by: java.net.ConnectException: null
	at java.net.http/jdk.internal.net.http.common.Utils.toConnectException(Utils.java:1041) ~[java.net.http:na]
	at java.net.http/jdk.internal.net.http.PlainHttpConnection.connectAsync(PlainHttpConnection.java:227) ~[java.net.http:na]
	at java.net.http/jdk.internal.net.http.PlainHttpConnection.checkRetryConnect(PlainHttpConnection.java:280) ~[java.net.http:na]
	at java.net.http/jdk.internal.net.http.PlainHttpConnection.lambda$connectAsync$2(PlainHttpConnection.java:238) ~[java.net.http:na]
	at java.base/java.util.concurrent.CompletableFuture.uniHandle(CompletableFuture.java:934) ~[na:na]
	at java.base/java.util.concurrent.CompletableFuture$UniHandle.tryFire(CompletableFuture.java:911) ~[na:na]
	at java.base/java.util.concurrent.CompletableFuture.postComplete(CompletableFuture.java:510) ~[na:na]
	at java.base/java.util.concurrent.CompletableFuture$AsyncSupply.run(CompletableFuture.java:1773) ~[na:na]
	at java.base/java.util.concurrent.ThreadPoolExecutor.runWorker(ThreadPoolExecutor.java:1144) ~[na:na]
	at java.base/java.util.concurrent.ThreadPoolExecutor$Worker.run(ThreadPoolExecutor.java:642) ~[na:na]
	... 1 common frames omitted
Caused by: java.nio.channels.ClosedChannelException: null
	at java.base/sun.nio.ch.SocketChannelImpl.ensureOpen(SocketChannelImpl.java:202) ~[na:na]
	at java.base/sun.nio.ch.SocketChannelImpl.beginConnect(SocketChannelImpl.java:786) ~[na:na]
	at java.base/sun.nio.ch.SocketChannelImpl.connect(SocketChannelImpl.java:874) ~[na:na]
	at java.net.http/jdk.internal.net.http.PlainHttpConnection.lambda$connectAsync$1(PlainHttpConnection.java:210) ~[java.net.http:na]
	at java.base/java.security.AccessController.doPrivileged(AccessController.java:571) ~[na:na]
	at java.net.http/jdk.internal.net.http.PlainHttpConnection.connectAsync(PlainHttpConnection.java:212) ~[java.net.http:na]
	... 9 common frames omitted

2025-08-15T19:55:25.734+05:30  INFO [HOTEL-MANAGEMENT-APPLICATION-USERSERVICE,,] 19024 --- [HOTEL-MANAGEMENT-APPLICATION-USERSERVICE] [DiscoveryClient-CacheRefreshExecutor-%d] [                                                 ] com.netflix.discovery.DiscoveryClient    : Disable delta property : false
2025-08-15T19:55:25.814+05:30  INFO [HOTEL-MANAGEMENT-APPLICATION-USERSERVICE,,] 19024 --- [HOTEL-MANAGEMENT-APPLICATION-USERSERVICE] [DiscoveryClient-CacheRefreshExecutor-%d] [                                                 ] com.netflix.discovery.DiscoveryClient    : Single vip registry refresh property : null
2025-08-15T19:55:25.814+05:30  INFO [HOTEL-MANAGEMENT-APPLICATION-USERSERVICE,,] 19024 --- [HOTEL-MANAGEMENT-APPLICATION-USERSERVICE] [DiscoveryClient-CacheRefreshExecutor-%d] [                                                 ] com.netflix.discovery.DiscoveryClient    : Force full registry fetch : false
2025-08-15T19:55:25.814+05:30  INFO [HOTEL-MANAGEMENT-APPLICATION-USERSERVICE,,] 19024 --- [HOTEL-MANAGEMENT-APPLICATION-USERSERVICE] [DiscoveryClient-CacheRefreshExecutor-%d] [                                                 ] com.netflix.discovery.DiscoveryClient    : Application is null : false
2025-08-15T19:55:25.814+05:30  INFO [HOTEL-MANAGEMENT-APPLICATION-USERSERVICE,,] 19024 --- [HOTEL-MANAGEMENT-APPLICATION-USERSERVICE] [DiscoveryClient-CacheRefreshExecutor-%d] [                                                 ] com.netflix.discovery.DiscoveryClient    : Registered Applications size is zero : true
2025-08-15T19:55:25.815+05:30  INFO [HOTEL-MANAGEMENT-APPLICATION-USERSERVICE,,] 19024 --- [HOTEL-MANAGEMENT-APPLICATION-USERSERVICE] [DiscoveryClient-CacheRefreshExecutor-%d] [                                                 ] com.netflix.discovery.DiscoveryClient    : Application version is -1: false
2025-08-15T19:55:25.815+05:30  INFO [HOTEL-MANAGEMENT-APPLICATION-USERSERVICE,,] 19024 --- [HOTEL-MANAGEMENT-APPLICATION-USERSERVICE] [DiscoveryClient-CacheRefreshExecutor-%d] [                                                 ] com.netflix.discovery.DiscoveryClient    : Getting all instance registry info from the eureka server
2025-08-15T19:55:25.830+05:30  INFO [HOTEL-MANAGEMENT-APPLICATION-USERSERVICE,,] 19024 --- [HOTEL-MANAGEMENT-APPLICATION-USERSERVICE] [DiscoveryClient-CacheRefreshExecutor-%d] [                                                 ] com.netflix.discovery.DiscoveryClient    : The response status is 200
2025-08-15T19:59:55.546+05:30  INFO [HOTEL-MANAGEMENT-APPLICATION-USERSERVICE,,] 19024 --- [HOTEL-MANAGEMENT-APPLICATION-USERSERVICE] [AsyncResolver-bootstrap-executor-%d] [                                                 ] c.n.d.s.r.aws.ConfigClusterResolver      : Resolving eureka endpoints via configuration
2025-08-15T20:04:55.655+05:30  INFO [HOTEL-MANAGEMENT-APPLICATION-USERSERVICE,,] 19024 --- [HOTEL-MANAGEMENT-APPLICATION-USERSERVICE] [AsyncResolver-bootstrap-executor-%d] [                                                 ] c.n.d.s.r.aws.ConfigClusterResolver      : Resolving eureka endpoints via configuration
2025-08-15T20:09:55.704+05:30  INFO [HOTEL-MANAGEMENT-APPLICATION-USERSERVICE,,] 19024 --- [HOTEL-MANAGEMENT-APPLICATION-USERSERVICE] [AsyncResolver-bootstrap-executor-%d] [                                                 ] c.n.d.s.r.aws.ConfigClusterResolver      : Resolving eureka endpoints via configuration
2025-08-15T20:14:55.716+05:30  INFO [HOTEL-MANAGEMENT-APPLICATION-USERSERVICE,,] 19024 --- [HOTEL-MANAGEMENT-APPLICATION-USERSERVICE] [AsyncResolver-bootstrap-executor-%d] [                                                 ] c.n.d.s.r.aws.ConfigClusterResolver      : Resolving eureka endpoints via configuration
2025-08-15T20:19:55.747+05:30  INFO [HOTEL-MANAGEMENT-APPLICATION-USERSERVICE,,] 19024 --- [HOTEL-MANAGEMENT-APPLICATION-USERSERVICE] [AsyncResolver-bootstrap-executor-%d] [                                                 ] c.n.d.s.r.aws.ConfigClusterResolver      : Resolving eureka endpoints via configuration
2025-08-15T20:24:55.753+05:30  INFO [HOTEL-MANAGEMENT-APPLICATION-USERSERVICE,,] 19024 --- [HOTEL-MANAGEMENT-APPLICATION-USERSERVICE] [AsyncResolver-bootstrap-executor-%d] [                                                 ] c.n.d.s.r.aws.ConfigClusterResolver      : Resolving eureka endpoints via configuration
2025-08-15T20:29:55.859+05:30  INFO [HOTEL-MANAGEMENT-APPLICATION-USERSERVICE,,] 19024 --- [HOTEL-MANAGEMENT-APPLICATION-USERSERVICE] [AsyncResolver-bootstrap-executor-%d] [                                                 ] c.n.d.s.r.aws.ConfigClusterResolver      : Resolving eureka endpoints via configuration
2025-08-15T20:34:30.088+05:30  INFO [HOTEL-MANAGEMENT-APPLICATION-USERSERVICE,,] 19024 --- [HOTEL-MANAGEMENT-APPLICATION-USERSERVICE] [RMI TCP Connection(50)-127.0.0.1] [                                                 ] inMXBeanRegistrar$SpringApplicationAdmin : Application shutdown requested.
2025-08-15T20:34:30.098+05:30  INFO [HOTEL-MANAGEMENT-APPLICATION-USERSERVICE,,] 19024 --- [HOTEL-MANAGEMENT-APPLICATION-USERSERVICE] [RMI TCP Connection(50)-127.0.0.1] [                                                 ] o.s.c.n.e.s.EurekaServiceRegistry        : Unregistering application HOTEL-MANAGEMENT-APPLICATION-USERSERVICE with eureka with status DOWN
2025-08-15T20:34:30.098+05:30  INFO [HOTEL-MANAGEMENT-APPLICATION-USERSERVICE,,] 19024 --- [HOTEL-MANAGEMENT-APPLICATION-USERSERVICE] [RMI TCP Connection(50)-127.0.0.1] [                                                 ] com.netflix.discovery.DiscoveryClient    : Saw local status change event StatusChangeEvent [timestamp=1755270270098, current=DOWN, previous=UP]
2025-08-15T20:34:30.099+05:30  INFO [HOTEL-MANAGEMENT-APPLICATION-USERSERVICE,,] 19024 --- [HOTEL-MANAGEMENT-APPLICATION-USERSERVICE] [DiscoveryClient-InstanceInfoReplicator-%d] [                                                 ] com.netflix.discovery.DiscoveryClient    : DiscoveryClient_HOTEL-MANAGEMENT-APPLICATION-USERSERVICE/Shobhit:HOTEL-MANAGEMENT-APPLICATION-USERSERVICE:9098: registering service...
2025-08-15T20:34:30.167+05:30  INFO [HOTEL-MANAGEMENT-APPLICATION-USERSERVICE,,] 19024 --- [HOTEL-MANAGEMENT-APPLICATION-USERSERVICE] [RMI TCP Connection(50)-127.0.0.1] [                                                 ] o.s.b.w.e.tomcat.GracefulShutdown        : Commencing graceful shutdown. Waiting for active requests to complete
2025-08-15T20:34:30.168+05:30  INFO [HOTEL-MANAGEMENT-APPLICATION-USERSERVICE,,] 19024 --- [HOTEL-MANAGEMENT-APPLICATION-USERSERVICE] [DiscoveryClient-InstanceInfoReplicator-%d] [                                                 ] com.netflix.discovery.DiscoveryClient    : DiscoveryClient_HOTEL-MANAGEMENT-APPLICATION-USERSERVICE/Shobhit:HOTEL-MANAGEMENT-APPLICATION-USERSERVICE:9098 - registration status: 204
2025-08-15T20:34:30.192+05:30  INFO [HOTEL-MANAGEMENT-APPLICATION-USERSERVICE,,] 19024 --- [HOTEL-MANAGEMENT-APPLICATION-USERSERVICE] [tomcat-shutdown] [                                                 ] o.s.b.w.e.tomcat.GracefulShutdown        : Graceful shutdown complete
2025-08-15T20:34:30.276+05:30  INFO [HOTEL-MANAGEMENT-APPLICATION-USERSERVICE,,] 19024 --- [HOTEL-MANAGEMENT-APPLICATION-USERSERVICE] [RMI TCP Connection(50)-127.0.0.1] [                                                 ] j.LocalContainerEntityManagerFactoryBean : Closing JPA EntityManagerFactory for persistence unit 'default'
2025-08-15T20:34:30.296+05:30  INFO [HOTEL-MANAGEMENT-APPLICATION-USERSERVICE,,] 19024 --- [HOTEL-MANAGEMENT-APPLICATION-USERSERVICE] [RMI TCP Connection(50)-127.0.0.1] [                                                 ] com.zaxxer.hikari.HikariDataSource       : HikariPool-1 - Shutdown initiated...
2025-08-15T20:34:30.300+05:30  INFO [HOTEL-MANAGEMENT-APPLICATION-USERSERVICE,,] 19024 --- [HOTEL-MANAGEMENT-APPLICATION-USERSERVICE] [RMI TCP Connection(50)-127.0.0.1] [                                                 ] com.zaxxer.hikari.HikariDataSource       : HikariPool-1 - Shutdown completed.
2025-08-15T20:34:30.465+05:30  INFO [HOTEL-MANAGEMENT-APPLICATION-USERSERVICE,,] 19024 --- [HOTEL-MANAGEMENT-APPLICATION-USERSERVICE] [RMI TCP Connection(50)-127.0.0.1] [                                                 ] com.netflix.discovery.DiscoveryClient    : Shutting down DiscoveryClient ...
2025-08-15T20:34:33.466+05:30  INFO [HOTEL-MANAGEMENT-APPLICATION-USERSERVICE,,] 19024 --- [HOTEL-MANAGEMENT-APPLICATION-USERSERVICE] [RMI TCP Connection(50)-127.0.0.1] [                                                 ] com.netflix.discovery.DiscoveryClient    : Unregistering ...
2025-08-15T20:34:33.483+05:30  INFO [HOTEL-MANAGEMENT-APPLICATION-USERSERVICE,,] 19024 --- [HOTEL-MANAGEMENT-APPLICATION-USERSERVICE] [RMI TCP Connection(50)-127.0.0.1] [                                                 ] com.netflix.discovery.DiscoveryClient    : DiscoveryClient_HOTEL-MANAGEMENT-APPLICATION-USERSERVICE/Shobhit:HOTEL-MANAGEMENT-APPLICATION-USERSERVICE:9098 - deregister  status: 200
2025-08-15T20:34:33.484+05:30  INFO [HOTEL-MANAGEMENT-APPLICATION-USERSERVICE,,] 19024 --- [HOTEL-MANAGEMENT-APPLICATION-USERSERVICE] [RMI TCP Connection(50)-127.0.0.1] [                                                 ] com.netflix.discovery.DiscoveryClient    : Completed shut down of DiscoveryClient
2025-08-15T20:43:01.102+05:30  INFO [HOTEL-MANAGEMENT-APPLICATION-USERSERVICE,,] 22804 --- [HOTEL-MANAGEMENT-APPLICATION-USERSERVICE] [restartedMain] [                                                 ] c.w.m.h.u.HotelManagemntApplication      : Starting HotelManagemntApplication using Java 21.0.7 with PID 22804 (E:\Wipro\Microservices\Hotel-Management-Microservice\Hotel-Management-Application-UserService\target\classes started by Shobhit PC in E:\Wipro\Microservices\Hotel-Management-Microservice\Hotel-Management-Application-UserService)
2025-08-15T20:43:01.186+05:30  INFO [HOTEL-MANAGEMENT-APPLICATION-USERSERVICE,,] 22804 --- [HOTEL-MANAGEMENT-APPLICATION-USERSERVICE] [restartedMain] [                                                 ] c.w.m.h.u.HotelManagemntApplication      : No active profile set, falling back to 1 default profile: "default"
2025-08-15T20:43:01.308+05:30  INFO [HOTEL-MANAGEMENT-APPLICATION-USERSERVICE,,] 22804 --- [HOTEL-MANAGEMENT-APPLICATION-USERSERVICE] [restartedMain] [                                                 ] o.s.c.c.c.ConfigServerConfigDataLoader   : Fetching config from server at : http://localhost:9053
2025-08-15T20:43:01.308+05:30  INFO [HOTEL-MANAGEMENT-APPLICATION-USERSERVICE,,] 22804 --- [HOTEL-MANAGEMENT-APPLICATION-USERSERVICE] [restartedMain] [                                                 ] o.s.c.c.c.ConfigServerConfigDataLoader   : Located environment: name=HOTEL-MANAGEMENT-APPLICATION-USERSERVICE, profiles=[default], label=null, version=67dbd04e6efed51f737a4b0f2094eae5b4d304e5, state=
2025-08-15T20:43:01.310+05:30  INFO [HOTEL-MANAGEMENT-APPLICATION-USERSERVICE,,] 22804 --- [HOTEL-MANAGEMENT-APPLICATION-USERSERVICE] [restartedMain] [                                                 ] .e.DevToolsPropertyDefaultsPostProcessor : Devtools property defaults active! Set 'spring.devtools.add-properties' to 'false' to disable
2025-08-15T20:43:01.310+05:30  INFO [HOTEL-MANAGEMENT-APPLICATION-USERSERVICE,,] 22804 --- [HOTEL-MANAGEMENT-APPLICATION-USERSERVICE] [restartedMain] [                                                 ] .e.DevToolsPropertyDefaultsPostProcessor : For additional web related logging consider setting the 'logging.level.web' property to 'DEBUG'
2025-08-15T20:43:02.365+05:30  INFO [HOTEL-MANAGEMENT-APPLICATION-USERSERVICE,,] 22804 --- [HOTEL-MANAGEMENT-APPLICATION-USERSERVICE] [restartedMain] [                                                 ] .s.d.r.c.RepositoryConfigurationDelegate : Bootstrapping Spring Data JPA repositories in DEFAULT mode.
2025-08-15T20:43:02.520+05:30  INFO [HOTEL-MANAGEMENT-APPLICATION-USERSERVICE,,] 22804 --- [HOTEL-MANAGEMENT-APPLICATION-USERSERVICE] [restartedMain] [                                                 ] .s.d.r.c.RepositoryConfigurationDelegate : Finished Spring Data repository scanning in 147 ms. Found 1 JPA repository interface.
2025-08-15T20:43:02.896+05:30  INFO [HOTEL-MANAGEMENT-APPLICATION-USERSERVICE,,] 22804 --- [HOTEL-MANAGEMENT-APPLICATION-USERSERVICE] [restartedMain] [                                                 ] o.s.cloud.context.scope.GenericScope     : BeanFactory id=720ef37e-8dcf-30fe-8d4a-f5b93e087467
2025-08-15T20:43:03.719+05:30  INFO [HOTEL-MANAGEMENT-APPLICATION-USERSERVICE,,] 22804 --- [HOTEL-MANAGEMENT-APPLICATION-USERSERVICE] [restartedMain] [                                                 ] o.s.b.w.embedded.tomcat.TomcatWebServer  : Tomcat initialized with port 9098 (http)
2025-08-15T20:43:03.734+05:30  INFO [HOTEL-MANAGEMENT-APPLICATION-USERSERVICE,,] 22804 --- [HOTEL-MANAGEMENT-APPLICATION-USERSERVICE] [restartedMain] [                                                 ] o.apache.catalina.core.StandardService   : Starting service [Tomcat]
2025-08-15T20:43:03.735+05:30  INFO [HOTEL-MANAGEMENT-APPLICATION-USERSERVICE,,] 22804 --- [HOTEL-MANAGEMENT-APPLICATION-USERSERVICE] [restartedMain] [                                                 ] o.apache.catalina.core.StandardEngine    : Starting Servlet engine: [Apache Tomcat/10.1.43]
2025-08-15T20:43:03.802+05:30  INFO [HOTEL-MANAGEMENT-APPLICATION-USERSERVICE,,] 22804 --- [HOTEL-MANAGEMENT-APPLICATION-USERSERVICE] [restartedMain] [                                                 ] o.a.c.c.C.[Tomcat].[localhost].[/]       : Initializing Spring embedded WebApplicationContext
2025-08-15T20:43:03.802+05:30  INFO [HOTEL-MANAGEMENT-APPLICATION-USERSERVICE,,] 22804 --- [HOTEL-MANAGEMENT-APPLICATION-USERSERVICE] [restartedMain] [                                                 ] w.s.c.ServletWebServerApplicationContext : Root WebApplicationContext: initialization completed in 2492 ms
2025-08-15T20:43:04.595+05:30  INFO [HOTEL-MANAGEMENT-APPLICATION-USERSERVICE,,] 22804 --- [HOTEL-MANAGEMENT-APPLICATION-USERSERVICE] [restartedMain] [                                                 ] o.hibernate.jpa.internal.util.LogHelper  : HHH000204: Processing PersistenceUnitInfo [name: default]
2025-08-15T20:43:04.661+05:30  INFO [HOTEL-MANAGEMENT-APPLICATION-USERSERVICE,,] 22804 --- [HOTEL-MANAGEMENT-APPLICATION-USERSERVICE] [restartedMain] [                                                 ] org.hibernate.Version                    : HHH000412: Hibernate ORM core version 6.6.22.Final
2025-08-15T20:43:04.699+05:30  INFO [HOTEL-MANAGEMENT-APPLICATION-USERSERVICE,,] 22804 --- [HOTEL-MANAGEMENT-APPLICATION-USERSERVICE] [restartedMain] [                                                 ] o.h.c.internal.RegionFactoryInitiator    : HHH000026: Second-level cache disabled
2025-08-15T20:43:04.990+05:30  INFO [HOTEL-MANAGEMENT-APPLICATION-USERSERVICE,,] 22804 --- [HOTEL-MANAGEMENT-APPLICATION-USERSERVICE] [restartedMain] [                                                 ] o.s.o.j.p.SpringPersistenceUnitInfo      : No LoadTimeWeaver setup: ignoring JPA class transformer
2025-08-15T20:43:05.021+05:30  INFO [HOTEL-MANAGEMENT-APPLICATION-USERSERVICE,,] 22804 --- [HOTEL-MANAGEMENT-APPLICATION-USERSERVICE] [restartedMain] [                                                 ] com.zaxxer.hikari.HikariDataSource       : HikariPool-1 - Starting...
2025-08-15T20:43:05.358+05:30  INFO [HOTEL-MANAGEMENT-APPLICATION-USERSERVICE,,] 22804 --- [HOTEL-MANAGEMENT-APPLICATION-USERSERVICE] [restartedMain] [                                                 ] com.zaxxer.hikari.pool.HikariPool        : HikariPool-1 - Added connection com.mysql.cj.jdbc.ConnectionImpl@2a6c787c
2025-08-15T20:43:05.360+05:30  INFO [HOTEL-MANAGEMENT-APPLICATION-USERSERVICE,,] 22804 --- [HOTEL-MANAGEMENT-APPLICATION-USERSERVICE] [restartedMain] [                                                 ] com.zaxxer.hikari.HikariDataSource       : HikariPool-1 - Start completed.
2025-08-15T20:43:05.401+05:30  WARN [HOTEL-MANAGEMENT-APPLICATION-USERSERVICE,,] 22804 --- [HOTEL-MANAGEMENT-APPLICATION-USERSERVICE] [restartedMain] [                                                 ] org.hibernate.dialect.Dialect            : HHH000511: The 5.5.27 version for [org.hibernate.dialect.MySQLDialect] is no longer supported, hence certain features may not work properly. The minimum supported version is 8.0.0. Check the community dialects project for available legacy versions.
2025-08-15T20:43:05.406+05:30  WARN [HOTEL-MANAGEMENT-APPLICATION-USERSERVICE,,] 22804 --- [HOTEL-MANAGEMENT-APPLICATION-USERSERVICE] [restartedMain] [                                                 ] org.hibernate.orm.deprecation            : HHH90000025: MySQLDialect does not need to be specified explicitly using 'hibernate.dialect' (remove the property setting and it will be selected by default)
2025-08-15T20:43:05.422+05:30  INFO [HOTEL-MANAGEMENT-APPLICATION-USERSERVICE,,] 22804 --- [HOTEL-MANAGEMENT-APPLICATION-USERSERVICE] [restartedMain] [                                                 ] org.hibernate.orm.connections.pooling    : HHH10001005: Database info:
	Database JDBC URL [Connecting through datasource 'HikariDataSource (HikariPool-1)']
	Database driver: undefined/unknown
	Database version: 5.5.27
	Autocommit mode: undefined/unknown
	Isolation level: undefined/unknown
	Minimum pool size: undefined/unknown
	Maximum pool size: undefined/unknown
2025-08-15T20:43:06.222+05:30  INFO [HOTEL-MANAGEMENT-APPLICATION-USERSERVICE,,] 22804 --- [HOTEL-MANAGEMENT-APPLICATION-USERSERVICE] [restartedMain] [                                                 ] o.h.e.t.j.p.i.JtaPlatformInitiator       : HHH000489: No JTA platform available (set 'hibernate.transaction.jta.platform' to enable JTA platform integration)
2025-08-15T20:43:06.307+05:30  INFO [HOTEL-MANAGEMENT-APPLICATION-USERSERVICE,,] 22804 --- [HOTEL-MANAGEMENT-APPLICATION-USERSERVICE] [restartedMain] [                                                 ] j.LocalContainerEntityManagerFactoryBean : Initialized JPA EntityManagerFactory for persistence unit 'default'
2025-08-15T20:43:06.826+05:30  INFO [HOTEL-MANAGEMENT-APPLICATION-USERSERVICE,,] 22804 --- [HOTEL-MANAGEMENT-APPLICATION-USERSERVICE] [restartedMain] [                                                 ] o.s.d.j.r.query.QueryEnhancerFactory     : Hibernate is in classpath; If applicable, HQL parser will be used.
2025-08-15T20:43:07.493+05:30  WARN [HOTEL-MANAGEMENT-APPLICATION-USERSERVICE,,] 22804 --- [HOTEL-MANAGEMENT-APPLICATION-USERSERVICE] [restartedMain] [                                                 ] JpaBaseConfiguration$JpaWebConfiguration : spring.jpa.open-in-view is enabled by default. Therefore, database queries may be performed during view rendering. Explicitly configure spring.jpa.open-in-view to disable this warning
2025-08-15T20:43:09.100+05:30  INFO [HOTEL-MANAGEMENT-APPLICATION-USERSERVICE,,] 22804 --- [HOTEL-MANAGEMENT-APPLICATION-USERSERVICE] [restartedMain] [                                                 ] o.s.b.d.a.OptionalLiveReloadServer       : LiveReload server is running on port 35729
2025-08-15T20:43:09.171+05:30  INFO [HOTEL-MANAGEMENT-APPLICATION-USERSERVICE,,] 22804 --- [HOTEL-MANAGEMENT-APPLICATION-USERSERVICE] [restartedMain] [                                                 ] DiscoveryClientOptionalArgsConfiguration : Eureka HTTP Client uses RestTemplate.
2025-08-15T20:43:09.283+05:30  WARN [HOTEL-MANAGEMENT-APPLICATION-USERSERVICE,,] 22804 --- [HOTEL-MANAGEMENT-APPLICATION-USERSERVICE] [restartedMain] [                                                 ] iguration$LoadBalancerCaffeineWarnLogger : Spring Cloud LoadBalancer is currently working with the default cache. While this cache implementation is useful for development and tests, it's recommended to use Caffeine cache in production.You can switch to using Caffeine cache, by adding it and org.springframework.cache.caffeine.CaffeineCacheManager to the classpath.
2025-08-15T20:43:09.334+05:30  INFO [HOTEL-MANAGEMENT-APPLICATION-USERSERVICE,,] 22804 --- [HOTEL-MANAGEMENT-APPLICATION-USERSERVICE] [restartedMain] [                                                 ] o.s.b.a.e.web.EndpointLinksResolver      : Exposing 27 endpoints beneath base path '/actuator'
2025-08-15T20:43:09.443+05:30  INFO [HOTEL-MANAGEMENT-APPLICATION-USERSERVICE,,] 22804 --- [HOTEL-MANAGEMENT-APPLICATION-USERSERVICE] [restartedMain] [                                                 ] o.s.c.n.eureka.InstanceInfoFactory       : Setting initial instance status as: STARTING
2025-08-15T20:43:09.470+05:30  INFO [HOTEL-MANAGEMENT-APPLICATION-USERSERVICE,,] 22804 --- [HOTEL-MANAGEMENT-APPLICATION-USERSERVICE] [restartedMain] [                                                 ] com.netflix.discovery.DiscoveryClient    : Initializing Eureka in region us-east-1
2025-08-15T20:43:09.474+05:30  INFO [HOTEL-MANAGEMENT-APPLICATION-USERSERVICE,,] 22804 --- [HOTEL-MANAGEMENT-APPLICATION-USERSERVICE] [restartedMain] [                                                 ] c.n.d.s.r.aws.ConfigClusterResolver      : Resolving eureka endpoints via configuration
2025-08-15T20:43:09.481+05:30  INFO [HOTEL-MANAGEMENT-APPLICATION-USERSERVICE,,] 22804 --- [HOTEL-MANAGEMENT-APPLICATION-USERSERVICE] [restartedMain] [                                                 ] com.netflix.discovery.DiscoveryClient    : Disable delta property : false
2025-08-15T20:43:09.481+05:30  INFO [HOTEL-MANAGEMENT-APPLICATION-USERSERVICE,,] 22804 --- [HOTEL-MANAGEMENT-APPLICATION-USERSERVICE] [restartedMain] [                                                 ] com.netflix.discovery.DiscoveryClient    : Single vip registry refresh property : null
2025-08-15T20:43:09.481+05:30  INFO [HOTEL-MANAGEMENT-APPLICATION-USERSERVICE,,] 22804 --- [HOTEL-MANAGEMENT-APPLICATION-USERSERVICE] [restartedMain] [                                                 ] com.netflix.discovery.DiscoveryClient    : Force full registry fetch : false
2025-08-15T20:43:09.481+05:30  INFO [HOTEL-MANAGEMENT-APPLICATION-USERSERVICE,,] 22804 --- [HOTEL-MANAGEMENT-APPLICATION-USERSERVICE] [restartedMain] [                                                 ] com.netflix.discovery.DiscoveryClient    : Application is null : false
2025-08-15T20:43:09.481+05:30  INFO [HOTEL-MANAGEMENT-APPLICATION-USERSERVICE,,] 22804 --- [HOTEL-MANAGEMENT-APPLICATION-USERSERVICE] [restartedMain] [                                                 ] com.netflix.discovery.DiscoveryClient    : Registered Applications size is zero : true
2025-08-15T20:43:09.482+05:30  INFO [HOTEL-MANAGEMENT-APPLICATION-USERSERVICE,,] 22804 --- [HOTEL-MANAGEMENT-APPLICATION-USERSERVICE] [restartedMain] [                                                 ] com.netflix.discovery.DiscoveryClient    : Application version is -1: true
2025-08-15T20:43:09.482+05:30  INFO [HOTEL-MANAGEMENT-APPLICATION-USERSERVICE,,] 22804 --- [HOTEL-MANAGEMENT-APPLICATION-USERSERVICE] [restartedMain] [                                                 ] com.netflix.discovery.DiscoveryClient    : Getting all instance registry info from the eureka server
2025-08-15T20:43:09.716+05:30  INFO [HOTEL-MANAGEMENT-APPLICATION-USERSERVICE,,] 22804 --- [HOTEL-MANAGEMENT-APPLICATION-USERSERVICE] [restartedMain] [                                                 ] com.netflix.discovery.DiscoveryClient    : The response status is 200
2025-08-15T20:43:09.717+05:30  INFO [HOTEL-MANAGEMENT-APPLICATION-USERSERVICE,,] 22804 --- [HOTEL-MANAGEMENT-APPLICATION-USERSERVICE] [restartedMain] [                                                 ] com.netflix.discovery.DiscoveryClient    : Starting heartbeat executor: renew interval is: 30
2025-08-15T20:43:09.719+05:30  INFO [HOTEL-MANAGEMENT-APPLICATION-USERSERVICE,,] 22804 --- [HOTEL-MANAGEMENT-APPLICATION-USERSERVICE] [restartedMain] [                                                 ] c.n.discovery.InstanceInfoReplicator     : InstanceInfoReplicator onDemand update allowed rate per min is 4
2025-08-15T20:43:09.720+05:30  INFO [HOTEL-MANAGEMENT-APPLICATION-USERSERVICE,,] 22804 --- [HOTEL-MANAGEMENT-APPLICATION-USERSERVICE] [restartedMain] [                                                 ] com.netflix.discovery.DiscoveryClient    : Discovery Client initialized at timestamp 1755270789720 with initial instances count: 1
2025-08-15T20:43:09.733+05:30  INFO [HOTEL-MANAGEMENT-APPLICATION-USERSERVICE,,] 22804 --- [HOTEL-MANAGEMENT-APPLICATION-USERSERVICE] [restartedMain] [                                                 ] o.s.c.n.e.s.EurekaServiceRegistry        : Registering application HOTEL-MANAGEMENT-APPLICATION-USERSERVICE with eureka with status UP
2025-08-15T20:43:09.733+05:30  INFO [HOTEL-MANAGEMENT-APPLICATION-USERSERVICE,,] 22804 --- [HOTEL-MANAGEMENT-APPLICATION-USERSERVICE] [restartedMain] [                                                 ] com.netflix.discovery.DiscoveryClient    : Saw local status change event StatusChangeEvent [timestamp=1755270789733, current=UP, previous=STARTING]
2025-08-15T20:43:09.735+05:30  INFO [HOTEL-MANAGEMENT-APPLICATION-USERSERVICE,,] 22804 --- [HOTEL-MANAGEMENT-APPLICATION-USERSERVICE] [DiscoveryClient-InstanceInfoReplicator-%d] [                                                 ] com.netflix.discovery.DiscoveryClient    : DiscoveryClient_HOTEL-MANAGEMENT-APPLICATION-USERSERVICE/Shobhit:HOTEL-MANAGEMENT-APPLICATION-USERSERVICE:9098: registering service...
2025-08-15T20:43:09.747+05:30  INFO [HOTEL-MANAGEMENT-APPLICATION-USERSERVICE,,] 22804 --- [HOTEL-MANAGEMENT-APPLICATION-USERSERVICE] [restartedMain] [                                                 ] o.s.b.w.embedded.tomcat.TomcatWebServer  : Tomcat started on port 9098 (http) with context path '/'
2025-08-15T20:43:09.748+05:30  INFO [HOTEL-MANAGEMENT-APPLICATION-USERSERVICE,,] 22804 --- [HOTEL-MANAGEMENT-APPLICATION-USERSERVICE] [restartedMain] [                                                 ] .s.c.n.e.s.EurekaAutoServiceRegistration : Updating port to 9098
2025-08-15T20:43:09.770+05:30  INFO [HOTEL-MANAGEMENT-APPLICATION-USERSERVICE,,] 22804 --- [HOTEL-MANAGEMENT-APPLICATION-USERSERVICE] [restartedMain] [                                                 ] c.w.m.h.u.HotelManagemntApplication      : Started HotelManagemntApplication in 10.634 seconds (process running for 11.736)
2025-08-15T20:43:09.775+05:30  INFO [HOTEL-MANAGEMENT-APPLICATION-USERSERVICE,,] 22804 --- [HOTEL-MANAGEMENT-APPLICATION-USERSERVICE] [DiscoveryClient-InstanceInfoReplicator-%d] [                                                 ] com.netflix.discovery.DiscoveryClient    : DiscoveryClient_HOTEL-MANAGEMENT-APPLICATION-USERSERVICE/Shobhit:HOTEL-MANAGEMENT-APPLICATION-USERSERVICE:9098 - registration status: 204
2025-08-15T20:43:10.387+05:30  INFO [HOTEL-MANAGEMENT-APPLICATION-USERSERVICE,,] 22804 --- [HOTEL-MANAGEMENT-APPLICATION-USERSERVICE] [RMI TCP Connection(9)-127.0.0.1] [                                                 ] o.a.c.c.C.[Tomcat].[localhost].[/]       : Initializing Spring DispatcherServlet 'dispatcherServlet'
2025-08-15T20:43:10.387+05:30  INFO [HOTEL-MANAGEMENT-APPLICATION-USERSERVICE,,] 22804 --- [HOTEL-MANAGEMENT-APPLICATION-USERSERVICE] [RMI TCP Connection(9)-127.0.0.1] [                                                 ] o.s.web.servlet.DispatcherServlet        : Initializing Servlet 'dispatcherServlet'
2025-08-15T20:43:10.389+05:30  INFO [HOTEL-MANAGEMENT-APPLICATION-USERSERVICE,,] 22804 --- [HOTEL-MANAGEMENT-APPLICATION-USERSERVICE] [RMI TCP Connection(9)-127.0.0.1] [                                                 ] o.s.web.servlet.DispatcherServlet        : Completed initialization in 2 ms
2025-08-15T20:48:09.498+05:30  INFO [HOTEL-MANAGEMENT-APPLICATION-USERSERVICE,,] 22804 --- [HOTEL-MANAGEMENT-APPLICATION-USERSERVICE] [AsyncResolver-bootstrap-executor-%d] [                                                 ] c.n.d.s.r.aws.ConfigClusterResolver      : Resolving eureka endpoints via configuration
2025-08-15T20:53:09.545+05:30  INFO [HOTEL-MANAGEMENT-APPLICATION-USERSERVICE,,] 22804 --- [HOTEL-MANAGEMENT-APPLICATION-USERSERVICE] [AsyncResolver-bootstrap-executor-%d] [                                                 ] c.n.d.s.r.aws.ConfigClusterResolver      : Resolving eureka endpoints via configuration
2025-08-15T20:58:09.547+05:30  INFO [HOTEL-MANAGEMENT-APPLICATION-USERSERVICE,,] 22804 --- [HOTEL-MANAGEMENT-APPLICATION-USERSERVICE] [AsyncResolver-bootstrap-executor-%d] [                                                 ] c.n.d.s.r.aws.ConfigClusterResolver      : Resolving eureka endpoints via configuration
2025-08-15T21:47:54.023+05:30  WARN [HOTEL-MANAGEMENT-APPLICATION-USERSERVICE,,] 22804 --- [HOTEL-MANAGEMENT-APPLICATION-USERSERVICE] [HikariPool-1:housekeeper] [                                                 ] com.zaxxer.hikari.pool.HikariPool        : HikariPool-1 - Thread starvation or clock leap detected (housekeeper delta=45m18s318ms164s300ns).
2025-08-15T21:47:57.844+05:30  INFO [HOTEL-MANAGEMENT-APPLICATION-USERSERVICE,,] 22804 --- [HOTEL-MANAGEMENT-APPLICATION-USERSERVICE] [AsyncResolver-bootstrap-executor-%d] [                                                 ] c.n.d.s.r.aws.ConfigClusterResolver      : Resolving eureka endpoints via configuration
2025-08-15T21:49:21.357+05:30  INFO [HOTEL-MANAGEMENT-APPLICATION-USERSERVICE,,] 22804 --- [HOTEL-MANAGEMENT-APPLICATION-USERSERVICE] [RMI TCP Connection(33)-127.0.0.1] [                                                 ] inMXBeanRegistrar$SpringApplicationAdmin : Application shutdown requested.
2025-08-15T21:49:21.380+05:30  INFO [HOTEL-MANAGEMENT-APPLICATION-USERSERVICE,,] 22804 --- [HOTEL-MANAGEMENT-APPLICATION-USERSERVICE] [RMI TCP Connection(33)-127.0.0.1] [                                                 ] o.s.c.n.e.s.EurekaServiceRegistry        : Unregistering application HOTEL-MANAGEMENT-APPLICATION-USERSERVICE with eureka with status DOWN
2025-08-15T21:49:21.380+05:30  INFO [HOTEL-MANAGEMENT-APPLICATION-USERSERVICE,,] 22804 --- [HOTEL-MANAGEMENT-APPLICATION-USERSERVICE] [RMI TCP Connection(33)-127.0.0.1] [                                                 ] com.netflix.discovery.DiscoveryClient    : Saw local status change event StatusChangeEvent [timestamp=1755274761380, current=DOWN, previous=UP]
2025-08-15T21:49:21.381+05:30  INFO [HOTEL-MANAGEMENT-APPLICATION-USERSERVICE,,] 22804 --- [HOTEL-MANAGEMENT-APPLICATION-USERSERVICE] [DiscoveryClient-InstanceInfoReplicator-%d] [                                                 ] com.netflix.discovery.DiscoveryClient    : DiscoveryClient_HOTEL-MANAGEMENT-APPLICATION-USERSERVICE/Shobhit:HOTEL-MANAGEMENT-APPLICATION-USERSERVICE:9098: registering service...
2025-08-15T21:49:21.409+05:30  INFO [HOTEL-MANAGEMENT-APPLICATION-USERSERVICE,,] 22804 --- [HOTEL-MANAGEMENT-APPLICATION-USERSERVICE] [DiscoveryClient-InstanceInfoReplicator-%d] [                                                 ] com.netflix.discovery.DiscoveryClient    : DiscoveryClient_HOTEL-MANAGEMENT-APPLICATION-USERSERVICE/Shobhit:HOTEL-MANAGEMENT-APPLICATION-USERSERVICE:9098 - registration status: 204
2025-08-15T21:49:21.427+05:30  INFO [HOTEL-MANAGEMENT-APPLICATION-USERSERVICE,,] 22804 --- [HOTEL-MANAGEMENT-APPLICATION-USERSERVICE] [RMI TCP Connection(33)-127.0.0.1] [                                                 ] o.s.b.w.e.tomcat.GracefulShutdown        : Commencing graceful shutdown. Waiting for active requests to complete
2025-08-15T21:49:21.461+05:30  INFO [HOTEL-MANAGEMENT-APPLICATION-USERSERVICE,,] 22804 --- [HOTEL-MANAGEMENT-APPLICATION-USERSERVICE] [tomcat-shutdown] [                                                 ] o.s.b.w.e.tomcat.GracefulShutdown        : Graceful shutdown complete
2025-08-15T21:49:21.505+05:30  INFO [HOTEL-MANAGEMENT-APPLICATION-USERSERVICE,,] 22804 --- [HOTEL-MANAGEMENT-APPLICATION-USERSERVICE] [RMI TCP Connection(33)-127.0.0.1] [                                                 ] j.LocalContainerEntityManagerFactoryBean : Closing JPA EntityManagerFactory for persistence unit 'default'
2025-08-15T21:49:21.558+05:30  INFO [HOTEL-MANAGEMENT-APPLICATION-USERSERVICE,,] 22804 --- [HOTEL-MANAGEMENT-APPLICATION-USERSERVICE] [RMI TCP Connection(33)-127.0.0.1] [                                                 ] com.zaxxer.hikari.HikariDataSource       : HikariPool-1 - Shutdown initiated...
2025-08-15T21:49:21.566+05:30  INFO [HOTEL-MANAGEMENT-APPLICATION-USERSERVICE,,] 22804 --- [HOTEL-MANAGEMENT-APPLICATION-USERSERVICE] [RMI TCP Connection(33)-127.0.0.1] [                                                 ] com.zaxxer.hikari.HikariDataSource       : HikariPool-1 - Shutdown completed.
2025-08-15T21:49:21.631+05:30  INFO [HOTEL-MANAGEMENT-APPLICATION-USERSERVICE,,] 22804 --- [HOTEL-MANAGEMENT-APPLICATION-USERSERVICE] [RMI TCP Connection(33)-127.0.0.1] [                                                 ] com.netflix.discovery.DiscoveryClient    : Shutting down DiscoveryClient ...
2025-08-15T21:49:24.638+05:30  INFO [HOTEL-MANAGEMENT-APPLICATION-USERSERVICE,,] 22804 --- [HOTEL-MANAGEMENT-APPLICATION-USERSERVICE] [RMI TCP Connection(33)-127.0.0.1] [                                                 ] com.netflix.discovery.DiscoveryClient    : Unregistering ...
2025-08-15T21:49:24.656+05:30  INFO [HOTEL-MANAGEMENT-APPLICATION-USERSERVICE,,] 22804 --- [HOTEL-MANAGEMENT-APPLICATION-USERSERVICE] [RMI TCP Connection(33)-127.0.0.1] [                                                 ] com.netflix.discovery.DiscoveryClient    : DiscoveryClient_HOTEL-MANAGEMENT-APPLICATION-USERSERVICE/Shobhit:HOTEL-MANAGEMENT-APPLICATION-USERSERVICE:9098 - deregister  status: 200
2025-08-15T21:49:24.657+05:30  INFO [HOTEL-MANAGEMENT-APPLICATION-USERSERVICE,,] 22804 --- [HOTEL-MANAGEMENT-APPLICATION-USERSERVICE] [RMI TCP Connection(33)-127.0.0.1] [                                                 ] com.netflix.discovery.DiscoveryClient    : Completed shut down of DiscoveryClient
2025-08-15T22:10:47.598+05:30  INFO [HOTEL-MANAGEMENT-APPLICATION-USERSERVICE,,] 17424 --- [HOTEL-MANAGEMENT-APPLICATION-USERSERVICE] [restartedMain] [                                                 ] c.w.m.h.u.HotelManagemntApplication      : Starting HotelManagemntApplication using Java 21.0.7 with PID 17424 (E:\Wipro\Microservices\Hotel-Management-Microservice\Hotel-Management-Application-UserService\target\classes started by Shobhit PC in E:\Wipro\Microservices\Hotel-Management-Microservice\Hotel-Management-Application-UserService)
2025-08-15T22:10:47.613+05:30  INFO [HOTEL-MANAGEMENT-APPLICATION-USERSERVICE,,] 17424 --- [HOTEL-MANAGEMENT-APPLICATION-USERSERVICE] [restartedMain] [                                                 ] c.w.m.h.u.HotelManagemntApplication      : No active profile set, falling back to 1 default profile: "default"
2025-08-15T22:10:47.707+05:30  INFO [HOTEL-MANAGEMENT-APPLICATION-USERSERVICE,,] 17424 --- [HOTEL-MANAGEMENT-APPLICATION-USERSERVICE] [restartedMain] [                                                 ] o.s.c.c.c.ConfigServerConfigDataLoader   : Fetching config from server at : http://localhost:9053
2025-08-15T22:10:47.707+05:30  INFO [HOTEL-MANAGEMENT-APPLICATION-USERSERVICE,,] 17424 --- [HOTEL-MANAGEMENT-APPLICATION-USERSERVICE] [restartedMain] [                                                 ] o.s.c.c.c.ConfigServerConfigDataLoader   : Located environment: name=HOTEL-MANAGEMENT-APPLICATION-USERSERVICE, profiles=[default], label=null, version=67dbd04e6efed51f737a4b0f2094eae5b4d304e5, state=
2025-08-15T22:10:47.710+05:30  INFO [HOTEL-MANAGEMENT-APPLICATION-USERSERVICE,,] 17424 --- [HOTEL-MANAGEMENT-APPLICATION-USERSERVICE] [restartedMain] [                                                 ] .e.DevToolsPropertyDefaultsPostProcessor : Devtools property defaults active! Set 'spring.devtools.add-properties' to 'false' to disable
2025-08-15T22:10:47.710+05:30  INFO [HOTEL-MANAGEMENT-APPLICATION-USERSERVICE,,] 17424 --- [HOTEL-MANAGEMENT-APPLICATION-USERSERVICE] [restartedMain] [                                                 ] .e.DevToolsPropertyDefaultsPostProcessor : For additional web related logging consider setting the 'logging.level.web' property to 'DEBUG'
2025-08-15T22:10:49.199+05:30  INFO [HOTEL-MANAGEMENT-APPLICATION-USERSERVICE,,] 17424 --- [HOTEL-MANAGEMENT-APPLICATION-USERSERVICE] [restartedMain] [                                                 ] .s.d.r.c.RepositoryConfigurationDelegate : Bootstrapping Spring Data JPA repositories in DEFAULT mode.
2025-08-15T22:10:49.355+05:30  INFO [HOTEL-MANAGEMENT-APPLICATION-USERSERVICE,,] 17424 --- [HOTEL-MANAGEMENT-APPLICATION-USERSERVICE] [restartedMain] [                                                 ] .s.d.r.c.RepositoryConfigurationDelegate : Finished Spring Data repository scanning in 147 ms. Found 1 JPA repository interface.
2025-08-15T22:10:49.641+05:30  INFO [HOTEL-MANAGEMENT-APPLICATION-USERSERVICE,,] 17424 --- [HOTEL-MANAGEMENT-APPLICATION-USERSERVICE] [restartedMain] [                                                 ] o.s.cloud.context.scope.GenericScope     : BeanFactory id=720ef37e-8dcf-30fe-8d4a-f5b93e087467
2025-08-15T22:10:50.555+05:30  INFO [HOTEL-MANAGEMENT-APPLICATION-USERSERVICE,,] 17424 --- [HOTEL-MANAGEMENT-APPLICATION-USERSERVICE] [restartedMain] [                                                 ] o.s.b.w.embedded.tomcat.TomcatWebServer  : Tomcat initialized with port 9098 (http)
2025-08-15T22:10:50.569+05:30  INFO [HOTEL-MANAGEMENT-APPLICATION-USERSERVICE,,] 17424 --- [HOTEL-MANAGEMENT-APPLICATION-USERSERVICE] [restartedMain] [                                                 ] o.apache.catalina.core.StandardService   : Starting service [Tomcat]
2025-08-15T22:10:50.569+05:30  INFO [HOTEL-MANAGEMENT-APPLICATION-USERSERVICE,,] 17424 --- [HOTEL-MANAGEMENT-APPLICATION-USERSERVICE] [restartedMain] [                                                 ] o.apache.catalina.core.StandardEngine    : Starting Servlet engine: [Apache Tomcat/10.1.43]
2025-08-15T22:10:50.635+05:30  INFO [HOTEL-MANAGEMENT-APPLICATION-USERSERVICE,,] 17424 --- [HOTEL-MANAGEMENT-APPLICATION-USERSERVICE] [restartedMain] [                                                 ] o.a.c.c.C.[Tomcat].[localhost].[/]       : Initializing Spring embedded WebApplicationContext
2025-08-15T22:10:50.635+05:30  INFO [HOTEL-MANAGEMENT-APPLICATION-USERSERVICE,,] 17424 --- [HOTEL-MANAGEMENT-APPLICATION-USERSERVICE] [restartedMain] [                                                 ] w.s.c.ServletWebServerApplicationContext : Root WebApplicationContext: initialization completed in 2925 ms
2025-08-15T22:10:51.424+05:30  INFO [HOTEL-MANAGEMENT-APPLICATION-USERSERVICE,,] 17424 --- [HOTEL-MANAGEMENT-APPLICATION-USERSERVICE] [restartedMain] [                                                 ] o.hibernate.jpa.internal.util.LogHelper  : HHH000204: Processing PersistenceUnitInfo [name: default]
2025-08-15T22:10:51.491+05:30  INFO [HOTEL-MANAGEMENT-APPLICATION-USERSERVICE,,] 17424 --- [HOTEL-MANAGEMENT-APPLICATION-USERSERVICE] [restartedMain] [                                                 ] org.hibernate.Version                    : HHH000412: Hibernate ORM core version 6.6.22.Final
2025-08-15T22:10:51.533+05:30  INFO [HOTEL-MANAGEMENT-APPLICATION-USERSERVICE,,] 17424 --- [HOTEL-MANAGEMENT-APPLICATION-USERSERVICE] [restartedMain] [                                                 ] o.h.c.internal.RegionFactoryInitiator    : HHH000026: Second-level cache disabled
2025-08-15T22:10:51.955+05:30  INFO [HOTEL-MANAGEMENT-APPLICATION-USERSERVICE,,] 17424 --- [HOTEL-MANAGEMENT-APPLICATION-USERSERVICE] [restartedMain] [                                                 ] o.s.o.j.p.SpringPersistenceUnitInfo      : No LoadTimeWeaver setup: ignoring JPA class transformer
2025-08-15T22:10:51.984+05:30  INFO [HOTEL-MANAGEMENT-APPLICATION-USERSERVICE,,] 17424 --- [HOTEL-MANAGEMENT-APPLICATION-USERSERVICE] [restartedMain] [                                                 ] com.zaxxer.hikari.HikariDataSource       : HikariPool-1 - Starting...
2025-08-15T22:10:52.217+05:30  INFO [HOTEL-MANAGEMENT-APPLICATION-USERSERVICE,,] 17424 --- [HOTEL-MANAGEMENT-APPLICATION-USERSERVICE] [restartedMain] [                                                 ] com.zaxxer.hikari.pool.HikariPool        : HikariPool-1 - Added connection com.mysql.cj.jdbc.ConnectionImpl@4ff23fdc
2025-08-15T22:10:52.219+05:30  INFO [HOTEL-MANAGEMENT-APPLICATION-USERSERVICE,,] 17424 --- [HOTEL-MANAGEMENT-APPLICATION-USERSERVICE] [restartedMain] [                                                 ] com.zaxxer.hikari.HikariDataSource       : HikariPool-1 - Start completed.
2025-08-15T22:10:52.263+05:30  WARN [HOTEL-MANAGEMENT-APPLICATION-USERSERVICE,,] 17424 --- [HOTEL-MANAGEMENT-APPLICATION-USERSERVICE] [restartedMain] [                                                 ] org.hibernate.dialect.Dialect            : HHH000511: The 5.5.27 version for [org.hibernate.dialect.MySQLDialect] is no longer supported, hence certain features may not work properly. The minimum supported version is 8.0.0. Check the community dialects project for available legacy versions.
2025-08-15T22:10:52.267+05:30  WARN [HOTEL-MANAGEMENT-APPLICATION-USERSERVICE,,] 17424 --- [HOTEL-MANAGEMENT-APPLICATION-USERSERVICE] [restartedMain] [                                                 ] org.hibernate.orm.deprecation            : HHH90000025: MySQLDialect does not need to be specified explicitly using 'hibernate.dialect' (remove the property setting and it will be selected by default)
2025-08-15T22:10:52.284+05:30  INFO [HOTEL-MANAGEMENT-APPLICATION-USERSERVICE,,] 17424 --- [HOTEL-MANAGEMENT-APPLICATION-USERSERVICE] [restartedMain] [                                                 ] org.hibernate.orm.connections.pooling    : HHH10001005: Database info:
	Database JDBC URL [Connecting through datasource 'HikariDataSource (HikariPool-1)']
	Database driver: undefined/unknown
	Database version: 5.5.27
	Autocommit mode: undefined/unknown
	Isolation level: undefined/unknown
	Minimum pool size: undefined/unknown
	Maximum pool size: undefined/unknown
2025-08-15T22:10:53.037+05:30  INFO [HOTEL-MANAGEMENT-APPLICATION-USERSERVICE,,] 17424 --- [HOTEL-MANAGEMENT-APPLICATION-USERSERVICE] [restartedMain] [                                                 ] o.h.e.t.j.p.i.JtaPlatformInitiator       : HHH000489: No JTA platform available (set 'hibernate.transaction.jta.platform' to enable JTA platform integration)
2025-08-15T22:10:53.107+05:30  INFO [HOTEL-MANAGEMENT-APPLICATION-USERSERVICE,,] 17424 --- [HOTEL-MANAGEMENT-APPLICATION-USERSERVICE] [restartedMain] [                                                 ] j.LocalContainerEntityManagerFactoryBean : Initialized JPA EntityManagerFactory for persistence unit 'default'
2025-08-15T22:10:53.508+05:30  INFO [HOTEL-MANAGEMENT-APPLICATION-USERSERVICE,,] 17424 --- [HOTEL-MANAGEMENT-APPLICATION-USERSERVICE] [restartedMain] [                                                 ] o.s.d.j.r.query.QueryEnhancerFactory     : Hibernate is in classpath; If applicable, HQL parser will be used.
2025-08-15T22:10:54.096+05:30  WARN [HOTEL-MANAGEMENT-APPLICATION-USERSERVICE,,] 17424 --- [HOTEL-MANAGEMENT-APPLICATION-USERSERVICE] [restartedMain] [                                                 ] JpaBaseConfiguration$JpaWebConfiguration : spring.jpa.open-in-view is enabled by default. Therefore, database queries may be performed during view rendering. Explicitly configure spring.jpa.open-in-view to disable this warning
2025-08-15T22:10:55.813+05:30  INFO [HOTEL-MANAGEMENT-APPLICATION-USERSERVICE,,] 17424 --- [HOTEL-MANAGEMENT-APPLICATION-USERSERVICE] [restartedMain] [                                                 ] o.s.b.d.a.OptionalLiveReloadServer       : LiveReload server is running on port 35729
2025-08-15T22:10:55.883+05:30  INFO [HOTEL-MANAGEMENT-APPLICATION-USERSERVICE,,] 17424 --- [HOTEL-MANAGEMENT-APPLICATION-USERSERVICE] [restartedMain] [                                                 ] DiscoveryClientOptionalArgsConfiguration : Eureka HTTP Client uses RestTemplate.
2025-08-15T22:10:55.978+05:30  WARN [HOTEL-MANAGEMENT-APPLICATION-USERSERVICE,,] 17424 --- [HOTEL-MANAGEMENT-APPLICATION-USERSERVICE] [restartedMain] [                                                 ] iguration$LoadBalancerCaffeineWarnLogger : Spring Cloud LoadBalancer is currently working with the default cache. While this cache implementation is useful for development and tests, it's recommended to use Caffeine cache in production.You can switch to using Caffeine cache, by adding it and org.springframework.cache.caffeine.CaffeineCacheManager to the classpath.
2025-08-15T22:10:56.030+05:30  INFO [HOTEL-MANAGEMENT-APPLICATION-USERSERVICE,,] 17424 --- [HOTEL-MANAGEMENT-APPLICATION-USERSERVICE] [restartedMain] [                                                 ] o.s.b.a.e.web.EndpointLinksResolver      : Exposing 27 endpoints beneath base path '/actuator'
2025-08-15T22:10:56.141+05:30  INFO [HOTEL-MANAGEMENT-APPLICATION-USERSERVICE,,] 17424 --- [HOTEL-MANAGEMENT-APPLICATION-USERSERVICE] [restartedMain] [                                                 ] o.s.c.n.eureka.InstanceInfoFactory       : Setting initial instance status as: STARTING
2025-08-15T22:10:56.168+05:30  INFO [HOTEL-MANAGEMENT-APPLICATION-USERSERVICE,,] 17424 --- [HOTEL-MANAGEMENT-APPLICATION-USERSERVICE] [restartedMain] [                                                 ] com.netflix.discovery.DiscoveryClient    : Initializing Eureka in region us-east-1
2025-08-15T22:10:56.172+05:30  INFO [HOTEL-MANAGEMENT-APPLICATION-USERSERVICE,,] 17424 --- [HOTEL-MANAGEMENT-APPLICATION-USERSERVICE] [restartedMain] [                                                 ] c.n.d.s.r.aws.ConfigClusterResolver      : Resolving eureka endpoints via configuration
2025-08-15T22:10:56.179+05:30  INFO [HOTEL-MANAGEMENT-APPLICATION-USERSERVICE,,] 17424 --- [HOTEL-MANAGEMENT-APPLICATION-USERSERVICE] [restartedMain] [                                                 ] com.netflix.discovery.DiscoveryClient    : Disable delta property : false
2025-08-15T22:10:56.179+05:30  INFO [HOTEL-MANAGEMENT-APPLICATION-USERSERVICE,,] 17424 --- [HOTEL-MANAGEMENT-APPLICATION-USERSERVICE] [restartedMain] [                                                 ] com.netflix.discovery.DiscoveryClient    : Single vip registry refresh property : null
2025-08-15T22:10:56.180+05:30  INFO [HOTEL-MANAGEMENT-APPLICATION-USERSERVICE,,] 17424 --- [HOTEL-MANAGEMENT-APPLICATION-USERSERVICE] [restartedMain] [                                                 ] com.netflix.discovery.DiscoveryClient    : Force full registry fetch : false
2025-08-15T22:10:56.180+05:30  INFO [HOTEL-MANAGEMENT-APPLICATION-USERSERVICE,,] 17424 --- [HOTEL-MANAGEMENT-APPLICATION-USERSERVICE] [restartedMain] [                                                 ] com.netflix.discovery.DiscoveryClient    : Application is null : false
2025-08-15T22:10:56.180+05:30  INFO [HOTEL-MANAGEMENT-APPLICATION-USERSERVICE,,] 17424 --- [HOTEL-MANAGEMENT-APPLICATION-USERSERVICE] [restartedMain] [                                                 ] com.netflix.discovery.DiscoveryClient    : Registered Applications size is zero : true
2025-08-15T22:10:56.180+05:30  INFO [HOTEL-MANAGEMENT-APPLICATION-USERSERVICE,,] 17424 --- [HOTEL-MANAGEMENT-APPLICATION-USERSERVICE] [restartedMain] [                                                 ] com.netflix.discovery.DiscoveryClient    : Application version is -1: true
2025-08-15T22:10:56.180+05:30  INFO [HOTEL-MANAGEMENT-APPLICATION-USERSERVICE,,] 17424 --- [HOTEL-MANAGEMENT-APPLICATION-USERSERVICE] [restartedMain] [                                                 ] com.netflix.discovery.DiscoveryClient    : Getting all instance registry info from the eureka server
2025-08-15T22:10:56.432+05:30  INFO [HOTEL-MANAGEMENT-APPLICATION-USERSERVICE,,] 17424 --- [HOTEL-MANAGEMENT-APPLICATION-USERSERVICE] [restartedMain] [                                                 ] com.netflix.discovery.DiscoveryClient    : The response status is 200
2025-08-15T22:10:56.434+05:30  INFO [HOTEL-MANAGEMENT-APPLICATION-USERSERVICE,,] 17424 --- [HOTEL-MANAGEMENT-APPLICATION-USERSERVICE] [restartedMain] [                                                 ] com.netflix.discovery.DiscoveryClient    : Starting heartbeat executor: renew interval is: 30
2025-08-15T22:10:56.435+05:30  INFO [HOTEL-MANAGEMENT-APPLICATION-USERSERVICE,,] 17424 --- [HOTEL-MANAGEMENT-APPLICATION-USERSERVICE] [restartedMain] [                                                 ] c.n.discovery.InstanceInfoReplicator     : InstanceInfoReplicator onDemand update allowed rate per min is 4
2025-08-15T22:10:56.436+05:30  INFO [HOTEL-MANAGEMENT-APPLICATION-USERSERVICE,,] 17424 --- [HOTEL-MANAGEMENT-APPLICATION-USERSERVICE] [restartedMain] [                                                 ] com.netflix.discovery.DiscoveryClient    : Discovery Client initialized at timestamp 1755276056436 with initial instances count: 1
2025-08-15T22:10:56.449+05:30  INFO [HOTEL-MANAGEMENT-APPLICATION-USERSERVICE,,] 17424 --- [HOTEL-MANAGEMENT-APPLICATION-USERSERVICE] [restartedMain] [                                                 ] o.s.c.n.e.s.EurekaServiceRegistry        : Registering application HOTEL-MANAGEMENT-APPLICATION-USERSERVICE with eureka with status UP
2025-08-15T22:10:56.450+05:30  INFO [HOTEL-MANAGEMENT-APPLICATION-USERSERVICE,,] 17424 --- [HOTEL-MANAGEMENT-APPLICATION-USERSERVICE] [restartedMain] [                                                 ] com.netflix.discovery.DiscoveryClient    : Saw local status change event StatusChangeEvent [timestamp=1755276056450, current=UP, previous=STARTING]
2025-08-15T22:10:56.452+05:30  INFO [HOTEL-MANAGEMENT-APPLICATION-USERSERVICE,,] 17424 --- [HOTEL-MANAGEMENT-APPLICATION-USERSERVICE] [DiscoveryClient-InstanceInfoReplicator-%d] [                                                 ] com.netflix.discovery.DiscoveryClient    : DiscoveryClient_HOTEL-MANAGEMENT-APPLICATION-USERSERVICE/Shobhit:HOTEL-MANAGEMENT-APPLICATION-USERSERVICE:9098: registering service...
2025-08-15T22:10:56.461+05:30  INFO [HOTEL-MANAGEMENT-APPLICATION-USERSERVICE,,] 17424 --- [HOTEL-MANAGEMENT-APPLICATION-USERSERVICE] [restartedMain] [                                                 ] o.s.b.w.embedded.tomcat.TomcatWebServer  : Tomcat started on port 9098 (http) with context path '/'
2025-08-15T22:10:56.462+05:30  INFO [HOTEL-MANAGEMENT-APPLICATION-USERSERVICE,,] 17424 --- [HOTEL-MANAGEMENT-APPLICATION-USERSERVICE] [restartedMain] [                                                 ] .s.c.n.e.s.EurekaAutoServiceRegistration : Updating port to 9098
2025-08-15T22:10:56.484+05:30  INFO [HOTEL-MANAGEMENT-APPLICATION-USERSERVICE,,] 17424 --- [HOTEL-MANAGEMENT-APPLICATION-USERSERVICE] [restartedMain] [                                                 ] c.w.m.h.u.HotelManagemntApplication      : Started HotelManagemntApplication in 11.436 seconds (process running for 13.734)
2025-08-15T22:10:56.517+05:30  INFO [HOTEL-MANAGEMENT-APPLICATION-USERSERVICE,,] 17424 --- [HOTEL-MANAGEMENT-APPLICATION-USERSERVICE] [DiscoveryClient-InstanceInfoReplicator-%d] [                                                 ] com.netflix.discovery.DiscoveryClient    : DiscoveryClient_HOTEL-MANAGEMENT-APPLICATION-USERSERVICE/Shobhit:HOTEL-MANAGEMENT-APPLICATION-USERSERVICE:9098 - registration status: 204
2025-08-15T22:10:56.689+05:30  INFO [HOTEL-MANAGEMENT-APPLICATION-USERSERVICE,,] 17424 --- [HOTEL-MANAGEMENT-APPLICATION-USERSERVICE] [RMI TCP Connection(10)-127.0.0.1] [                                                 ] o.a.c.c.C.[Tomcat].[localhost].[/]       : Initializing Spring DispatcherServlet 'dispatcherServlet'
2025-08-15T22:10:56.689+05:30  INFO [HOTEL-MANAGEMENT-APPLICATION-USERSERVICE,,] 17424 --- [HOTEL-MANAGEMENT-APPLICATION-USERSERVICE] [RMI TCP Connection(10)-127.0.0.1] [                                                 ] o.s.web.servlet.DispatcherServlet        : Initializing Servlet 'dispatcherServlet'
2025-08-15T22:10:56.692+05:30  INFO [HOTEL-MANAGEMENT-APPLICATION-USERSERVICE,,] 17424 --- [HOTEL-MANAGEMENT-APPLICATION-USERSERVICE] [RMI TCP Connection(10)-127.0.0.1] [                                                 ] o.s.web.servlet.DispatcherServlet        : Completed initialization in 1 ms
2025-08-15T22:15:56.195+05:30  INFO [HOTEL-MANAGEMENT-APPLICATION-USERSERVICE,,] 17424 --- [HOTEL-MANAGEMENT-APPLICATION-USERSERVICE] [AsyncResolver-bootstrap-executor-%d] [                                                 ] c.n.d.s.r.aws.ConfigClusterResolver      : Resolving eureka endpoints via configuration
2025-08-15T22:20:56.203+05:30  INFO [HOTEL-MANAGEMENT-APPLICATION-USERSERVICE,,] 17424 --- [HOTEL-MANAGEMENT-APPLICATION-USERSERVICE] [AsyncResolver-bootstrap-executor-%d] [                                                 ] c.n.d.s.r.aws.ConfigClusterResolver      : Resolving eureka endpoints via configuration
