2025-08-15T19:57:59.415+05:30  INFO [HOTEL-MANAGEMENT-APPLICATION-ROOMSERVICE,,] 21348 --- [HOTEL-MANAGEMENT-APPLICATION-ROOMSERVICE] [restartedMain] [                                                 ] nagemntApplicationRoomServiceApplication : Starting HotelManagemntApplicationRoomServiceApplication using Java 21.0.7 with PID 21348 (E:\Wipro\Microservices\Hotel-Management-Microservice\Hotel-Management-Application-RoomService\target\classes started by Shobhit PC in E:\Wipro\Microservices\Hotel-Management-Microservice\Hotel-Management-Application-RoomService)
2025-08-15T19:57:59.421+05:30  INFO [HOTEL-MANAGEMENT-APPLICATION-ROOMSERVICE,,] 21348 --- [HOTEL-MANAGEMENT-APPLICATION-ROOMSERVICE] [restartedMain] [                                                 ] nagemntApplicationRoomServiceApplication : No active profile set, falling back to 1 default profile: "default"
2025-08-15T19:57:59.466+05:30  INFO [HOTEL-MANAGEMENT-APPLICATION-ROOMSERVICE,,] 21348 --- [HOTEL-MANAGEMENT-APPLICATION-ROOMSERVICE] [restartedMain] [                                                 ] o.s.c.c.c.ConfigServerConfigDataLoader   : Fetching config from server at : http://localhost:9053
2025-08-15T19:57:59.466+05:30  INFO [HOTEL-MANAGEMENT-APPLICATION-ROOMSERVICE,,] 21348 --- [HOTEL-MANAGEMENT-APPLICATION-ROOMSERVICE] [restartedMain] [                                                 ] o.s.c.c.c.ConfigServerConfigDataLoader   : Located environment: name=HOTEL-MANAGEMENT-APPLICATION-ROOMSERVICE, profiles=[default], label=null, version=67dbd04e6efed51f737a4b0f2094eae5b4d304e5, state=
2025-08-15T19:57:59.468+05:30  INFO [HOTEL-MANAGEMENT-APPLICATION-ROOMSERVICE,,] 21348 --- [HOTEL-MANAGEMENT-APPLICATION-ROOMSERVICE] [restartedMain] [                                                 ] .e.DevToolsPropertyDefaultsPostProcessor : Devtools property defaults active! Set 'spring.devtools.add-properties' to 'false' to disable
2025-08-15T19:57:59.469+05:30  INFO [HOTEL-MANAGEMENT-APPLICATION-ROOMSERVICE,,] 21348 --- [HOTEL-MANAGEMENT-APPLICATION-ROOMSERVICE] [restartedMain] [                                                 ] .e.DevToolsPropertyDefaultsPostProcessor : For additional web related logging consider setting the 'logging.level.web' property to 'DEBUG'
2025-08-15T19:58:00.934+05:30  INFO [HOTEL-MANAGEMENT-APPLICATION-ROOMSERVICE,,] 21348 --- [HOTEL-MANAGEMENT-APPLICATION-ROOMSERVICE] [restartedMain] [                                                 ] .s.d.r.c.RepositoryConfigurationDelegate : Bootstrapping Spring Data JPA repositories in DEFAULT mode.
2025-08-15T19:58:01.066+05:30  INFO [HOTEL-MANAGEMENT-APPLICATION-ROOMSERVICE,,] 21348 --- [HOTEL-MANAGEMENT-APPLICATION-ROOMSERVICE] [restartedMain] [                                                 ] .s.d.r.c.RepositoryConfigurationDelegate : Finished Spring Data repository scanning in 124 ms. Found 1 JPA repository interface.
2025-08-15T19:58:01.356+05:30  INFO [HOTEL-MANAGEMENT-APPLICATION-ROOMSERVICE,,] 21348 --- [HOTEL-MANAGEMENT-APPLICATION-ROOMSERVICE] [restartedMain] [                                                 ] o.s.cloud.context.scope.GenericScope     : BeanFactory id=f86c010b-5e0e-3c95-ae1f-133e2214ab8c
2025-08-15T19:58:02.220+05:30  INFO [HOTEL-MANAGEMENT-APPLICATION-ROOMSERVICE,,] 21348 --- [HOTEL-MANAGEMENT-APPLICATION-ROOMSERVICE] [restartedMain] [                                                 ] o.s.b.w.embedded.tomcat.TomcatWebServer  : Tomcat initialized with port 9093 (http)
2025-08-15T19:58:02.237+05:30  INFO [HOTEL-MANAGEMENT-APPLICATION-ROOMSERVICE,,] 21348 --- [HOTEL-MANAGEMENT-APPLICATION-ROOMSERVICE] [restartedMain] [                                                 ] o.apache.catalina.core.StandardService   : Starting service [Tomcat]
2025-08-15T19:58:02.238+05:30  INFO [HOTEL-MANAGEMENT-APPLICATION-ROOMSERVICE,,] 21348 --- [HOTEL-MANAGEMENT-APPLICATION-ROOMSERVICE] [restartedMain] [                                                 ] o.apache.catalina.core.StandardEngine    : Starting Servlet engine: [Apache Tomcat/10.1.43]
2025-08-15T19:58:02.320+05:30  INFO [HOTEL-MANAGEMENT-APPLICATION-ROOMSERVICE,,] 21348 --- [HOTEL-MANAGEMENT-APPLICATION-ROOMSERVICE] [restartedMain] [                                                 ] o.a.c.c.C.[Tomcat].[localhost].[/]       : Initializing Spring embedded WebApplicationContext
2025-08-15T19:58:02.321+05:30  INFO [HOTEL-MANAGEMENT-APPLICATION-ROOMSERVICE,,] 21348 --- [HOTEL-MANAGEMENT-APPLICATION-ROOMSERVICE] [restartedMain] [                                                 ] w.s.c.ServletWebServerApplicationContext : Root WebApplicationContext: initialization completed in 2851 ms
2025-08-15T19:58:03.332+05:30  INFO [HOTEL-MANAGEMENT-APPLICATION-ROOMSERVICE,,] 21348 --- [HOTEL-MANAGEMENT-APPLICATION-ROOMSERVICE] [restartedMain] [                                                 ] o.hibernate.jpa.internal.util.LogHelper  : HHH000204: Processing PersistenceUnitInfo [name: default]
2025-08-15T19:58:03.463+05:30  INFO [HOTEL-MANAGEMENT-APPLICATION-ROOMSERVICE,,] 21348 --- [HOTEL-MANAGEMENT-APPLICATION-ROOMSERVICE] [restartedMain] [                                                 ] org.hibernate.Version                    : HHH000412: Hibernate ORM core version 6.6.22.Final
2025-08-15T19:58:03.510+05:30  INFO [HOTEL-MANAGEMENT-APPLICATION-ROOMSERVICE,,] 21348 --- [HOTEL-MANAGEMENT-APPLICATION-ROOMSERVICE] [restartedMain] [                                                 ] o.h.c.internal.RegionFactoryInitiator    : HHH000026: Second-level cache disabled
2025-08-15T19:58:03.807+05:30  INFO [HOTEL-MANAGEMENT-APPLICATION-ROOMSERVICE,,] 21348 --- [HOTEL-MANAGEMENT-APPLICATION-ROOMSERVICE] [restartedMain] [                                                 ] o.s.o.j.p.SpringPersistenceUnitInfo      : No LoadTimeWeaver setup: ignoring JPA class transformer
2025-08-15T19:58:03.840+05:30  INFO [HOTEL-MANAGEMENT-APPLICATION-ROOMSERVICE,,] 21348 --- [HOTEL-MANAGEMENT-APPLICATION-ROOMSERVICE] [restartedMain] [                                                 ] com.zaxxer.hikari.HikariDataSource       : HikariPool-1 - Starting...
2025-08-15T19:58:03.998+05:30  INFO [HOTEL-MANAGEMENT-APPLICATION-ROOMSERVICE,,] 21348 --- [HOTEL-MANAGEMENT-APPLICATION-ROOMSERVICE] [restartedMain] [                                                 ] com.zaxxer.hikari.pool.HikariPool        : HikariPool-1 - Added connection com.mysql.cj.jdbc.ConnectionImpl@27910ee4
2025-08-15T19:58:04.000+05:30  INFO [HOTEL-MANAGEMENT-APPLICATION-ROOMSERVICE,,] 21348 --- [HOTEL-MANAGEMENT-APPLICATION-ROOMSERVICE] [restartedMain] [                                                 ] com.zaxxer.hikari.HikariDataSource       : HikariPool-1 - Start completed.
2025-08-15T19:58:04.038+05:30  WARN [HOTEL-MANAGEMENT-APPLICATION-ROOMSERVICE,,] 21348 --- [HOTEL-MANAGEMENT-APPLICATION-ROOMSERVICE] [restartedMain] [                                                 ] org.hibernate.dialect.Dialect            : HHH000511: The 5.5.27 version for [org.hibernate.dialect.MySQLDialect] is no longer supported, hence certain features may not work properly. The minimum supported version is 8.0.0. Check the community dialects project for available legacy versions.
2025-08-15T19:58:04.042+05:30  WARN [HOTEL-MANAGEMENT-APPLICATION-ROOMSERVICE,,] 21348 --- [HOTEL-MANAGEMENT-APPLICATION-ROOMSERVICE] [restartedMain] [                                                 ] org.hibernate.orm.deprecation            : HHH90000025: MySQLDialect does not need to be specified explicitly using 'hibernate.dialect' (remove the property setting and it will be selected by default)
2025-08-15T19:58:04.059+05:30  INFO [HOTEL-MANAGEMENT-APPLICATION-ROOMSERVICE,,] 21348 --- [HOTEL-MANAGEMENT-APPLICATION-ROOMSERVICE] [restartedMain] [                                                 ] org.hibernate.orm.connections.pooling    : HHH10001005: Database info:
	Database JDBC URL [Connecting through datasource 'HikariDataSource (HikariPool-1)']
	Database driver: undefined/unknown
	Database version: 5.5.27
	Autocommit mode: undefined/unknown
	Isolation level: undefined/unknown
	Minimum pool size: undefined/unknown
	Maximum pool size: undefined/unknown
2025-08-15T19:58:04.882+05:30  INFO [HOTEL-MANAGEMENT-APPLICATION-ROOMSERVICE,,] 21348 --- [HOTEL-MANAGEMENT-APPLICATION-ROOMSERVICE] [restartedMain] [                                                 ] o.h.e.t.j.p.i.JtaPlatformInitiator       : HHH000489: No JTA platform available (set 'hibernate.transaction.jta.platform' to enable JTA platform integration)
2025-08-15T19:58:04.925+05:30  INFO [HOTEL-MANAGEMENT-APPLICATION-ROOMSERVICE,,] 21348 --- [HOTEL-MANAGEMENT-APPLICATION-ROOMSERVICE] [restartedMain] [                                                 ] j.LocalContainerEntityManagerFactoryBean : Initialized JPA EntityManagerFactory for persistence unit 'default'
2025-08-15T19:58:05.381+05:30  WARN [HOTEL-MANAGEMENT-APPLICATION-ROOMSERVICE,,] 21348 --- [HOTEL-MANAGEMENT-APPLICATION-ROOMSERVICE] [restartedMain] [                                                 ] JpaBaseConfiguration$JpaWebConfiguration : spring.jpa.open-in-view is enabled by default. Therefore, database queries may be performed during view rendering. Explicitly configure spring.jpa.open-in-view to disable this warning
2025-08-15T19:58:05.515+05:30  WARN [HOTEL-MANAGEMENT-APPLICATION-ROOMSERVICE,,] 21348 --- [HOTEL-MANAGEMENT-APPLICATION-ROOMSERVICE] [restartedMain] [                                                 ] o.s.b.d.a.OptionalLiveReloadServer       : Unable to start LiveReload server
2025-08-15T19:58:05.622+05:30  INFO [HOTEL-MANAGEMENT-APPLICATION-ROOMSERVICE,,] 21348 --- [HOTEL-MANAGEMENT-APPLICATION-ROOMSERVICE] [restartedMain] [                                                 ] o.s.c.openfeign.FeignClientFactoryBean   : For 'HOTEL-MANAGEMENT-APPLICATION-HOTELSERVICE' URL not provided. Will try picking an instance via load-balancing.
2025-08-15T19:58:05.723+05:30  INFO [HOTEL-MANAGEMENT-APPLICATION-ROOMSERVICE,,] 21348 --- [HOTEL-MANAGEMENT-APPLICATION-ROOMSERVICE] [restartedMain] [                                                 ] o.s.c.openfeign.FeignClientFactoryBean   : For 'HOTEL-MANAGEMENT-APPLICATION-USERSERVICE' URL not provided. Will try picking an instance via load-balancing.
2025-08-15T19:58:07.676+05:30  INFO [HOTEL-MANAGEMENT-APPLICATION-ROOMSERVICE,,] 21348 --- [HOTEL-MANAGEMENT-APPLICATION-ROOMSERVICE] [restartedMain] [                                                 ] DiscoveryClientOptionalArgsConfiguration : Eureka HTTP Client uses RestTemplate.
2025-08-15T19:58:07.928+05:30  WARN [HOTEL-MANAGEMENT-APPLICATION-ROOMSERVICE,,] 21348 --- [HOTEL-MANAGEMENT-APPLICATION-ROOMSERVICE] [restartedMain] [                                                 ] iguration$LoadBalancerCaffeineWarnLogger : Spring Cloud LoadBalancer is currently working with the default cache. While this cache implementation is useful for development and tests, it's recommended to use Caffeine cache in production.You can switch to using Caffeine cache, by adding it and org.springframework.cache.caffeine.CaffeineCacheManager to the classpath.
2025-08-15T19:58:07.972+05:30  INFO [HOTEL-MANAGEMENT-APPLICATION-ROOMSERVICE,,] 21348 --- [HOTEL-MANAGEMENT-APPLICATION-ROOMSERVICE] [restartedMain] [                                                 ] o.s.b.a.e.web.EndpointLinksResolver      : Exposing 27 endpoints beneath base path '/actuator'
2025-08-15T19:58:08.093+05:30  INFO [HOTEL-MANAGEMENT-APPLICATION-ROOMSERVICE,,] 21348 --- [HOTEL-MANAGEMENT-APPLICATION-ROOMSERVICE] [restartedMain] [                                                 ] o.s.c.n.eureka.InstanceInfoFactory       : Setting initial instance status as: STARTING
2025-08-15T19:58:08.117+05:30  INFO [HOTEL-MANAGEMENT-APPLICATION-ROOMSERVICE,,] 21348 --- [HOTEL-MANAGEMENT-APPLICATION-ROOMSERVICE] [restartedMain] [                                                 ] com.netflix.discovery.DiscoveryClient    : Initializing Eureka in region us-east-1
2025-08-15T19:58:08.120+05:30  INFO [HOTEL-MANAGEMENT-APPLICATION-ROOMSERVICE,,] 21348 --- [HOTEL-MANAGEMENT-APPLICATION-ROOMSERVICE] [restartedMain] [                                                 ] c.n.d.s.r.aws.ConfigClusterResolver      : Resolving eureka endpoints via configuration
2025-08-15T19:58:08.129+05:30  INFO [HOTEL-MANAGEMENT-APPLICATION-ROOMSERVICE,,] 21348 --- [HOTEL-MANAGEMENT-APPLICATION-ROOMSERVICE] [restartedMain] [                                                 ] com.netflix.discovery.DiscoveryClient    : Disable delta property : false
2025-08-15T19:58:08.129+05:30  INFO [HOTEL-MANAGEMENT-APPLICATION-ROOMSERVICE,,] 21348 --- [HOTEL-MANAGEMENT-APPLICATION-ROOMSERVICE] [restartedMain] [                                                 ] com.netflix.discovery.DiscoveryClient    : Single vip registry refresh property : null
2025-08-15T19:58:08.130+05:30  INFO [HOTEL-MANAGEMENT-APPLICATION-ROOMSERVICE,,] 21348 --- [HOTEL-MANAGEMENT-APPLICATION-ROOMSERVICE] [restartedMain] [                                                 ] com.netflix.discovery.DiscoveryClient    : Force full registry fetch : false
2025-08-15T19:58:08.130+05:30  INFO [HOTEL-MANAGEMENT-APPLICATION-ROOMSERVICE,,] 21348 --- [HOTEL-MANAGEMENT-APPLICATION-ROOMSERVICE] [restartedMain] [                                                 ] com.netflix.discovery.DiscoveryClient    : Application is null : false
2025-08-15T19:58:08.130+05:30  INFO [HOTEL-MANAGEMENT-APPLICATION-ROOMSERVICE,,] 21348 --- [HOTEL-MANAGEMENT-APPLICATION-ROOMSERVICE] [restartedMain] [                                                 ] com.netflix.discovery.DiscoveryClient    : Registered Applications size is zero : true
2025-08-15T19:58:08.130+05:30  INFO [HOTEL-MANAGEMENT-APPLICATION-ROOMSERVICE,,] 21348 --- [HOTEL-MANAGEMENT-APPLICATION-ROOMSERVICE] [restartedMain] [                                                 ] com.netflix.discovery.DiscoveryClient    : Application version is -1: true
2025-08-15T19:58:08.130+05:30  INFO [HOTEL-MANAGEMENT-APPLICATION-ROOMSERVICE,,] 21348 --- [HOTEL-MANAGEMENT-APPLICATION-ROOMSERVICE] [restartedMain] [                                                 ] com.netflix.discovery.DiscoveryClient    : Getting all instance registry info from the eureka server
2025-08-15T19:58:08.365+05:30  INFO [HOTEL-MANAGEMENT-APPLICATION-ROOMSERVICE,,] 21348 --- [HOTEL-MANAGEMENT-APPLICATION-ROOMSERVICE] [restartedMain] [                                                 ] com.netflix.discovery.DiscoveryClient    : The response status is 200
2025-08-15T19:58:08.366+05:30  INFO [HOTEL-MANAGEMENT-APPLICATION-ROOMSERVICE,,] 21348 --- [HOTEL-MANAGEMENT-APPLICATION-ROOMSERVICE] [restartedMain] [                                                 ] com.netflix.discovery.DiscoveryClient    : Starting heartbeat executor: renew interval is: 30
2025-08-15T19:58:08.368+05:30  INFO [HOTEL-MANAGEMENT-APPLICATION-ROOMSERVICE,,] 21348 --- [HOTEL-MANAGEMENT-APPLICATION-ROOMSERVICE] [restartedMain] [                                                 ] c.n.discovery.InstanceInfoReplicator     : InstanceInfoReplicator onDemand update allowed rate per min is 4
2025-08-15T19:58:08.369+05:30  INFO [HOTEL-MANAGEMENT-APPLICATION-ROOMSERVICE,,] 21348 --- [HOTEL-MANAGEMENT-APPLICATION-ROOMSERVICE] [restartedMain] [                                                 ] com.netflix.discovery.DiscoveryClient    : Discovery Client initialized at timestamp 1755268088369 with initial instances count: 3
2025-08-15T19:58:08.382+05:30  INFO [HOTEL-MANAGEMENT-APPLICATION-ROOMSERVICE,,] 21348 --- [HOTEL-MANAGEMENT-APPLICATION-ROOMSERVICE] [restartedMain] [                                                 ] o.s.c.n.e.s.EurekaServiceRegistry        : Registering application HOTEL-MANAGEMENT-APPLICATION-ROOMSERVICE with eureka with status UP
2025-08-15T19:58:08.383+05:30  INFO [HOTEL-MANAGEMENT-APPLICATION-ROOMSERVICE,,] 21348 --- [HOTEL-MANAGEMENT-APPLICATION-ROOMSERVICE] [restartedMain] [                                                 ] com.netflix.discovery.DiscoveryClient    : Saw local status change event StatusChangeEvent [timestamp=1755268088383, current=UP, previous=STARTING]
2025-08-15T19:58:08.385+05:30  INFO [HOTEL-MANAGEMENT-APPLICATION-ROOMSERVICE,,] 21348 --- [HOTEL-MANAGEMENT-APPLICATION-ROOMSERVICE] [DiscoveryClient-InstanceInfoReplicator-%d] [                                                 ] com.netflix.discovery.DiscoveryClient    : DiscoveryClient_HOTEL-MANAGEMENT-APPLICATION-ROOMSERVICE/Shobhit:HOTEL-MANAGEMENT-APPLICATION-ROOMSERVICE:9093: registering service...
2025-08-15T19:58:08.400+05:30  INFO [HOTEL-MANAGEMENT-APPLICATION-ROOMSERVICE,,] 21348 --- [HOTEL-MANAGEMENT-APPLICATION-ROOMSERVICE] [restartedMain] [                                                 ] o.s.b.w.embedded.tomcat.TomcatWebServer  : Tomcat started on port 9093 (http) with context path '/'
2025-08-15T19:58:08.401+05:30  INFO [HOTEL-MANAGEMENT-APPLICATION-ROOMSERVICE,,] 21348 --- [HOTEL-MANAGEMENT-APPLICATION-ROOMSERVICE] [restartedMain] [                                                 ] .s.c.n.e.s.EurekaAutoServiceRegistration : Updating port to 9093
2025-08-15T19:58:08.427+05:30  INFO [HOTEL-MANAGEMENT-APPLICATION-ROOMSERVICE,,] 21348 --- [HOTEL-MANAGEMENT-APPLICATION-ROOMSERVICE] [restartedMain] [                                                 ] nagemntApplicationRoomServiceApplication : Started HotelManagemntApplicationRoomServiceApplication in 10.866 seconds (process running for 12.084)
2025-08-15T19:58:08.433+05:30  INFO [HOTEL-MANAGEMENT-APPLICATION-ROOMSERVICE,,] 21348 --- [HOTEL-MANAGEMENT-APPLICATION-ROOMSERVICE] [DiscoveryClient-InstanceInfoReplicator-%d] [                                                 ] com.netflix.discovery.DiscoveryClient    : DiscoveryClient_HOTEL-MANAGEMENT-APPLICATION-ROOMSERVICE/Shobhit:HOTEL-MANAGEMENT-APPLICATION-ROOMSERVICE:9093 - registration status: 204
2025-08-15T19:58:09.003+05:30  INFO [HOTEL-MANAGEMENT-APPLICATION-ROOMSERVICE,,] 21348 --- [HOTEL-MANAGEMENT-APPLICATION-ROOMSERVICE] [RMI TCP Connection(5)-127.0.0.1] [                                                 ] o.a.c.c.C.[Tomcat].[localhost].[/]       : Initializing Spring DispatcherServlet 'dispatcherServlet'
2025-08-15T19:58:09.003+05:30  INFO [HOTEL-MANAGEMENT-APPLICATION-ROOMSERVICE,,] 21348 --- [HOTEL-MANAGEMENT-APPLICATION-ROOMSERVICE] [RMI TCP Connection(5)-127.0.0.1] [                                                 ] o.s.web.servlet.DispatcherServlet        : Initializing Servlet 'dispatcherServlet'
2025-08-15T19:58:09.005+05:30  INFO [HOTEL-MANAGEMENT-APPLICATION-ROOMSERVICE,,] 21348 --- [HOTEL-MANAGEMENT-APPLICATION-ROOMSERVICE] [RMI TCP Connection(5)-127.0.0.1] [                                                 ] o.s.web.servlet.DispatcherServlet        : Completed initialization in 2 ms
2025-08-15T19:58:09.413+05:30  WARN [HOTEL-MANAGEMENT-APPLICATION-ROOMSERVICE,,] 21348 --- [HOTEL-MANAGEMENT-APPLICATION-ROOMSERVICE] [AsyncReporter{ZipkinHttpClientSender{http://localhost:9411/api/v2/spans}}] [                                                 ] z.r.i.AsyncReporter$BoundedAsyncReporter : Spans were dropped due to exceptions. All subsequent errors will be logged at FINE level.
2025-08-15T19:58:09.413+05:30  WARN [HOTEL-MANAGEMENT-APPLICATION-ROOMSERVICE,,] 21348 --- [HOTEL-MANAGEMENT-APPLICATION-ROOMSERVICE] [AsyncReporter{ZipkinHttpClientSender{http://localhost:9411/api/v2/spans}}] [                                                 ] z.r.i.AsyncReporter$BoundedAsyncReporter : Dropped 2 spans due to ConnectException()

java.net.ConnectException: null
	at java.net.http/jdk.internal.net.http.HttpClientImpl.send(HttpClientImpl.java:952) ~[java.net.http:na]
	at java.net.http/jdk.internal.net.http.HttpClientFacade.send(HttpClientFacade.java:133) ~[java.net.http:na]
	at org.springframework.boot.actuate.autoconfigure.tracing.zipkin.ZipkinHttpClientSender.postSpans(ZipkinHttpClientSender.java:60) ~[spring-boot-actuator-autoconfigure-3.5.4.jar:3.5.4]
	at org.springframework.boot.actuate.autoconfigure.tracing.zipkin.HttpSender.postSpans(HttpSender.java:69) ~[spring-boot-actuator-autoconfigure-3.5.4.jar:3.5.4]
	at org.springframework.boot.actuate.autoconfigure.tracing.zipkin.HttpSender.postSpans(HttpSender.java:41) ~[spring-boot-actuator-autoconfigure-3.5.4.jar:3.5.4]
	at zipkin2.reporter.BaseHttpSender.send(BaseHttpSender.java:123) ~[zipkin-reporter-3.5.1.jar:na]
	at zipkin2.reporter.internal.AsyncReporter$BoundedAsyncReporter.flush(AsyncReporter.java:266) ~[zipkin-reporter-3.5.1.jar:na]
	at zipkin2.reporter.internal.AsyncReporter$Flusher.run(AsyncReporter.java:352) ~[zipkin-reporter-3.5.1.jar:na]
	at java.base/java.lang.Thread.run(Thread.java:1583) ~[na:na]
Caused by: java.net.ConnectException: null
	at java.net.http/jdk.internal.net.http.common.Utils.toConnectException(Utils.java:1041) ~[java.net.http:na]
	at java.net.http/jdk.internal.net.http.PlainHttpConnection.connectAsync(PlainHttpConnection.java:227) ~[java.net.http:na]
	at java.net.http/jdk.internal.net.http.PlainHttpConnection.checkRetryConnect(PlainHttpConnection.java:280) ~[java.net.http:na]
	at java.net.http/jdk.internal.net.http.PlainHttpConnection.lambda$connectAsync$2(PlainHttpConnection.java:238) ~[java.net.http:na]
	at java.base/java.util.concurrent.CompletableFuture.uniHandle(CompletableFuture.java:934) ~[na:na]
	at java.base/java.util.concurrent.CompletableFuture$UniHandle.tryFire(CompletableFuture.java:911) ~[na:na]
	at java.base/java.util.concurrent.CompletableFuture.postComplete(CompletableFuture.java:510) ~[na:na]
	at java.base/java.util.concurrent.CompletableFuture$AsyncSupply.run(CompletableFuture.java:1773) ~[na:na]
	at java.base/java.util.concurrent.ThreadPoolExecutor.runWorker(ThreadPoolExecutor.java:1144) ~[na:na]
	at java.base/java.util.concurrent.ThreadPoolExecutor$Worker.run(ThreadPoolExecutor.java:642) ~[na:na]
	... 1 common frames omitted
Caused by: java.nio.channels.ClosedChannelException: null
	at java.base/sun.nio.ch.SocketChannelImpl.ensureOpen(SocketChannelImpl.java:202) ~[na:na]
	at java.base/sun.nio.ch.SocketChannelImpl.beginConnect(SocketChannelImpl.java:786) ~[na:na]
	at java.base/sun.nio.ch.SocketChannelImpl.connect(SocketChannelImpl.java:874) ~[na:na]
	at java.net.http/jdk.internal.net.http.PlainHttpConnection.lambda$connectAsync$1(PlainHttpConnection.java:210) ~[java.net.http:na]
	at java.base/java.security.AccessController.doPrivileged(AccessController.java:571) ~[na:na]
	at java.net.http/jdk.internal.net.http.PlainHttpConnection.connectAsync(PlainHttpConnection.java:212) ~[java.net.http:na]
	... 9 common frames omitted

2025-08-15T20:03:08.222+05:30  INFO [HOTEL-MANAGEMENT-APPLICATION-ROOMSERVICE,,] 21348 --- [HOTEL-MANAGEMENT-APPLICATION-ROOMSERVICE] [AsyncResolver-bootstrap-executor-%d] [                                                 ] c.n.d.s.r.aws.ConfigClusterResolver      : Resolving eureka endpoints via configuration
2025-08-15T20:08:08.326+05:30  INFO [HOTEL-MANAGEMENT-APPLICATION-ROOMSERVICE,,] 21348 --- [HOTEL-MANAGEMENT-APPLICATION-ROOMSERVICE] [AsyncResolver-bootstrap-executor-%d] [                                                 ] c.n.d.s.r.aws.ConfigClusterResolver      : Resolving eureka endpoints via configuration
2025-08-15T20:10:55.051+05:30  INFO [HOTEL-MANAGEMENT-APPLICATION-ROOMSERVICE,689f46f53b265ca0e58e98a615474633,77b44ec597c73cce] 21348 --- [HOTEL-MANAGEMENT-APPLICATION-ROOMSERVICE] [http-nio-9093-exec-1] [689f46f53b265ca0e58e98a615474633-77b44ec597c73cce] c.w.m.h.r.aop.RoomLoggingAspect          : Entering method: getRoomById with arguments: [4]
2025-08-15T20:10:55.341+05:30  INFO [HOTEL-MANAGEMENT-APPLICATION-ROOMSERVICE,689f46f53b265ca0e58e98a615474633,77b44ec597c73cce] 21348 --- [HOTEL-MANAGEMENT-APPLICATION-ROOMSERVICE] [http-nio-9093-exec-1] [689f46f53b265ca0e58e98a615474633-77b44ec597c73cce] c.w.m.h.r.aop.RoomLoggingAspect          : Exiting method: getRoomById
2025-08-15T20:11:19.798+05:30  INFO [HOTEL-MANAGEMENT-APPLICATION-ROOMSERVICE,689f470f1f6d57102e6218989ba43d58,2e6218989ba43d58] 21348 --- [HOTEL-MANAGEMENT-APPLICATION-ROOMSERVICE] [http-nio-9093-exec-3] [689f470f1f6d57102e6218989ba43d58-2e6218989ba43d58] c.w.m.h.r.aop.RoomLoggingAspect          : Entering method: addRoom with arguments: [Room(id=null, roomNumber=199, pricePerNight=2500.0, available=true, hotelId=3, userId=6)]
2025-08-15T20:11:21.800+05:30  INFO [HOTEL-MANAGEMENT-APPLICATION-ROOMSERVICE,689f470f1f6d57102e6218989ba43d58,2e6218989ba43d58] 21348 --- [HOTEL-MANAGEMENT-APPLICATION-ROOMSERVICE] [http-nio-9093-exec-3] [689f470f1f6d57102e6218989ba43d58-2e6218989ba43d58] c.w.m.h.r.aop.RoomLoggingAspect          : Exiting method: addRoom
2025-08-15T20:13:08.342+05:30  INFO [HOTEL-MANAGEMENT-APPLICATION-ROOMSERVICE,,] 21348 --- [HOTEL-MANAGEMENT-APPLICATION-ROOMSERVICE] [AsyncResolver-bootstrap-executor-%d] [                                                 ] c.n.d.s.r.aws.ConfigClusterResolver      : Resolving eureka endpoints via configuration
2025-08-15T20:18:08.350+05:30  INFO [HOTEL-MANAGEMENT-APPLICATION-ROOMSERVICE,,] 21348 --- [HOTEL-MANAGEMENT-APPLICATION-ROOMSERVICE] [AsyncResolver-bootstrap-executor-%d] [                                                 ] c.n.d.s.r.aws.ConfigClusterResolver      : Resolving eureka endpoints via configuration
2025-08-15T20:23:08.366+05:30  INFO [HOTEL-MANAGEMENT-APPLICATION-ROOMSERVICE,,] 21348 --- [HOTEL-MANAGEMENT-APPLICATION-ROOMSERVICE] [AsyncResolver-bootstrap-executor-%d] [                                                 ] c.n.d.s.r.aws.ConfigClusterResolver      : Resolving eureka endpoints via configuration
2025-08-15T20:28:08.376+05:30  INFO [HOTEL-MANAGEMENT-APPLICATION-ROOMSERVICE,,] 21348 --- [HOTEL-MANAGEMENT-APPLICATION-ROOMSERVICE] [AsyncResolver-bootstrap-executor-%d] [                                                 ] c.n.d.s.r.aws.ConfigClusterResolver      : Resolving eureka endpoints via configuration
2025-08-15T20:33:08.386+05:30  INFO [HOTEL-MANAGEMENT-APPLICATION-ROOMSERVICE,,] 21348 --- [HOTEL-MANAGEMENT-APPLICATION-ROOMSERVICE] [AsyncResolver-bootstrap-executor-%d] [                                                 ] c.n.d.s.r.aws.ConfigClusterResolver      : Resolving eureka endpoints via configuration
2025-08-15T20:34:27.849+05:30  INFO [HOTEL-MANAGEMENT-APPLICATION-ROOMSERVICE,,] 21348 --- [HOTEL-MANAGEMENT-APPLICATION-ROOMSERVICE] [RMI TCP Connection(48)-127.0.0.1] [                                                 ] inMXBeanRegistrar$SpringApplicationAdmin : Application shutdown requested.
2025-08-15T20:34:27.907+05:30  INFO [HOTEL-MANAGEMENT-APPLICATION-ROOMSERVICE,,] 21348 --- [HOTEL-MANAGEMENT-APPLICATION-ROOMSERVICE] [RMI TCP Connection(48)-127.0.0.1] [                                                 ] o.s.c.n.e.s.EurekaServiceRegistry        : Unregistering application HOTEL-MANAGEMENT-APPLICATION-ROOMSERVICE with eureka with status DOWN
2025-08-15T20:34:27.908+05:30  INFO [HOTEL-MANAGEMENT-APPLICATION-ROOMSERVICE,,] 21348 --- [HOTEL-MANAGEMENT-APPLICATION-ROOMSERVICE] [RMI TCP Connection(48)-127.0.0.1] [                                                 ] com.netflix.discovery.DiscoveryClient    : Saw local status change event StatusChangeEvent [timestamp=1755270267908, current=DOWN, previous=UP]
2025-08-15T20:34:27.910+05:30  INFO [HOTEL-MANAGEMENT-APPLICATION-ROOMSERVICE,,] 21348 --- [HOTEL-MANAGEMENT-APPLICATION-ROOMSERVICE] [DiscoveryClient-InstanceInfoReplicator-%d] [                                                 ] com.netflix.discovery.DiscoveryClient    : DiscoveryClient_HOTEL-MANAGEMENT-APPLICATION-ROOMSERVICE/Shobhit:HOTEL-MANAGEMENT-APPLICATION-ROOMSERVICE:9093: registering service...
2025-08-15T20:34:27.948+05:30  INFO [HOTEL-MANAGEMENT-APPLICATION-ROOMSERVICE,,] 21348 --- [HOTEL-MANAGEMENT-APPLICATION-ROOMSERVICE] [DiscoveryClient-InstanceInfoReplicator-%d] [                                                 ] com.netflix.discovery.DiscoveryClient    : DiscoveryClient_HOTEL-MANAGEMENT-APPLICATION-ROOMSERVICE/Shobhit:HOTEL-MANAGEMENT-APPLICATION-ROOMSERVICE:9093 - registration status: 204
2025-08-15T20:34:27.981+05:30  INFO [HOTEL-MANAGEMENT-APPLICATION-ROOMSERVICE,,] 21348 --- [HOTEL-MANAGEMENT-APPLICATION-ROOMSERVICE] [RMI TCP Connection(48)-127.0.0.1] [                                                 ] o.s.b.w.e.tomcat.GracefulShutdown        : Commencing graceful shutdown. Waiting for active requests to complete
2025-08-15T20:34:28.016+05:30  INFO [HOTEL-MANAGEMENT-APPLICATION-ROOMSERVICE,,] 21348 --- [HOTEL-MANAGEMENT-APPLICATION-ROOMSERVICE] [tomcat-shutdown] [                                                 ] o.s.b.w.e.tomcat.GracefulShutdown        : Graceful shutdown complete
2025-08-15T20:34:28.081+05:30  INFO [HOTEL-MANAGEMENT-APPLICATION-ROOMSERVICE,,] 21348 --- [HOTEL-MANAGEMENT-APPLICATION-ROOMSERVICE] [RMI TCP Connection(48)-127.0.0.1] [                                                 ] j.LocalContainerEntityManagerFactoryBean : Closing JPA EntityManagerFactory for persistence unit 'default'
2025-08-15T20:34:28.137+05:30  INFO [HOTEL-MANAGEMENT-APPLICATION-ROOMSERVICE,,] 21348 --- [HOTEL-MANAGEMENT-APPLICATION-ROOMSERVICE] [RMI TCP Connection(48)-127.0.0.1] [                                                 ] com.zaxxer.hikari.HikariDataSource       : HikariPool-1 - Shutdown initiated...
2025-08-15T20:34:28.143+05:30  INFO [HOTEL-MANAGEMENT-APPLICATION-ROOMSERVICE,,] 21348 --- [HOTEL-MANAGEMENT-APPLICATION-ROOMSERVICE] [RMI TCP Connection(48)-127.0.0.1] [                                                 ] com.zaxxer.hikari.HikariDataSource       : HikariPool-1 - Shutdown completed.
2025-08-15T20:34:29.126+05:30  INFO [HOTEL-MANAGEMENT-APPLICATION-ROOMSERVICE,,] 21348 --- [HOTEL-MANAGEMENT-APPLICATION-ROOMSERVICE] [RMI TCP Connection(48)-127.0.0.1] [                                                 ] com.netflix.discovery.DiscoveryClient    : Shutting down DiscoveryClient ...
2025-08-15T20:34:32.139+05:30  INFO [HOTEL-MANAGEMENT-APPLICATION-ROOMSERVICE,,] 21348 --- [HOTEL-MANAGEMENT-APPLICATION-ROOMSERVICE] [RMI TCP Connection(48)-127.0.0.1] [                                                 ] com.netflix.discovery.DiscoveryClient    : Unregistering ...
2025-08-15T20:34:32.156+05:30  INFO [HOTEL-MANAGEMENT-APPLICATION-ROOMSERVICE,,] 21348 --- [HOTEL-MANAGEMENT-APPLICATION-ROOMSERVICE] [RMI TCP Connection(48)-127.0.0.1] [                                                 ] com.netflix.discovery.DiscoveryClient    : DiscoveryClient_HOTEL-MANAGEMENT-APPLICATION-ROOMSERVICE/Shobhit:HOTEL-MANAGEMENT-APPLICATION-ROOMSERVICE:9093 - deregister  status: 200
2025-08-15T20:34:32.157+05:30  INFO [HOTEL-MANAGEMENT-APPLICATION-ROOMSERVICE,,] 21348 --- [HOTEL-MANAGEMENT-APPLICATION-ROOMSERVICE] [RMI TCP Connection(48)-127.0.0.1] [                                                 ] com.netflix.discovery.DiscoveryClient    : Completed shut down of DiscoveryClient
2025-08-15T20:43:41.316+05:30  INFO [HOTEL-MANAGEMENT-APPLICATION-ROOMSERVICE,,] 23396 --- [HOTEL-MANAGEMENT-APPLICATION-ROOMSERVICE] [restartedMain] [                                                 ] nagemntApplicationRoomServiceApplication : Starting HotelManagemntApplicationRoomServiceApplication using Java 21.0.7 with PID 23396 (E:\Wipro\Microservices\Hotel-Management-Microservice\Hotel-Management-Application-RoomService\target\classes started by Shobhit PC in E:\Wipro\Microservices\Hotel-Management-Microservice\Hotel-Management-Application-RoomService)
2025-08-15T20:43:41.398+05:30  INFO [HOTEL-MANAGEMENT-APPLICATION-ROOMSERVICE,,] 23396 --- [HOTEL-MANAGEMENT-APPLICATION-ROOMSERVICE] [restartedMain] [                                                 ] nagemntApplicationRoomServiceApplication : No active profile set, falling back to 1 default profile: "default"
2025-08-15T20:43:41.439+05:30  INFO [HOTEL-MANAGEMENT-APPLICATION-ROOMSERVICE,,] 23396 --- [HOTEL-MANAGEMENT-APPLICATION-ROOMSERVICE] [restartedMain] [                                                 ] o.s.c.c.c.ConfigServerConfigDataLoader   : Fetching config from server at : http://localhost:9053
2025-08-15T20:43:41.439+05:30  INFO [HOTEL-MANAGEMENT-APPLICATION-ROOMSERVICE,,] 23396 --- [HOTEL-MANAGEMENT-APPLICATION-ROOMSERVICE] [restartedMain] [                                                 ] o.s.c.c.c.ConfigServerConfigDataLoader   : Located environment: name=HOTEL-MANAGEMENT-APPLICATION-ROOMSERVICE, profiles=[default], label=null, version=67dbd04e6efed51f737a4b0f2094eae5b4d304e5, state=
2025-08-15T20:43:41.441+05:30  INFO [HOTEL-MANAGEMENT-APPLICATION-ROOMSERVICE,,] 23396 --- [HOTEL-MANAGEMENT-APPLICATION-ROOMSERVICE] [restartedMain] [                                                 ] .e.DevToolsPropertyDefaultsPostProcessor : Devtools property defaults active! Set 'spring.devtools.add-properties' to 'false' to disable
2025-08-15T20:43:41.441+05:30  INFO [HOTEL-MANAGEMENT-APPLICATION-ROOMSERVICE,,] 23396 --- [HOTEL-MANAGEMENT-APPLICATION-ROOMSERVICE] [restartedMain] [                                                 ] .e.DevToolsPropertyDefaultsPostProcessor : For additional web related logging consider setting the 'logging.level.web' property to 'DEBUG'
2025-08-15T20:43:42.485+05:30  INFO [HOTEL-MANAGEMENT-APPLICATION-ROOMSERVICE,,] 23396 --- [HOTEL-MANAGEMENT-APPLICATION-ROOMSERVICE] [restartedMain] [                                                 ] .s.d.r.c.RepositoryConfigurationDelegate : Bootstrapping Spring Data JPA repositories in DEFAULT mode.
2025-08-15T20:43:42.610+05:30  INFO [HOTEL-MANAGEMENT-APPLICATION-ROOMSERVICE,,] 23396 --- [HOTEL-MANAGEMENT-APPLICATION-ROOMSERVICE] [restartedMain] [                                                 ] .s.d.r.c.RepositoryConfigurationDelegate : Finished Spring Data repository scanning in 115 ms. Found 1 JPA repository interface.
2025-08-15T20:43:42.911+05:30  INFO [HOTEL-MANAGEMENT-APPLICATION-ROOMSERVICE,,] 23396 --- [HOTEL-MANAGEMENT-APPLICATION-ROOMSERVICE] [restartedMain] [                                                 ] o.s.cloud.context.scope.GenericScope     : BeanFactory id=f86c010b-5e0e-3c95-ae1f-133e2214ab8c
2025-08-15T20:43:43.784+05:30  INFO [HOTEL-MANAGEMENT-APPLICATION-ROOMSERVICE,,] 23396 --- [HOTEL-MANAGEMENT-APPLICATION-ROOMSERVICE] [restartedMain] [                                                 ] o.s.b.w.embedded.tomcat.TomcatWebServer  : Tomcat initialized with port 9093 (http)
2025-08-15T20:43:43.798+05:30  INFO [HOTEL-MANAGEMENT-APPLICATION-ROOMSERVICE,,] 23396 --- [HOTEL-MANAGEMENT-APPLICATION-ROOMSERVICE] [restartedMain] [                                                 ] o.apache.catalina.core.StandardService   : Starting service [Tomcat]
2025-08-15T20:43:43.798+05:30  INFO [HOTEL-MANAGEMENT-APPLICATION-ROOMSERVICE,,] 23396 --- [HOTEL-MANAGEMENT-APPLICATION-ROOMSERVICE] [restartedMain] [                                                 ] o.apache.catalina.core.StandardEngine    : Starting Servlet engine: [Apache Tomcat/10.1.43]
2025-08-15T20:43:43.887+05:30  INFO [HOTEL-MANAGEMENT-APPLICATION-ROOMSERVICE,,] 23396 --- [HOTEL-MANAGEMENT-APPLICATION-ROOMSERVICE] [restartedMain] [                                                 ] o.a.c.c.C.[Tomcat].[localhost].[/]       : Initializing Spring embedded WebApplicationContext
2025-08-15T20:43:43.888+05:30  INFO [HOTEL-MANAGEMENT-APPLICATION-ROOMSERVICE,,] 23396 --- [HOTEL-MANAGEMENT-APPLICATION-ROOMSERVICE] [restartedMain] [                                                 ] w.s.c.ServletWebServerApplicationContext : Root WebApplicationContext: initialization completed in 2446 ms
2025-08-15T20:43:44.704+05:30  INFO [HOTEL-MANAGEMENT-APPLICATION-ROOMSERVICE,,] 23396 --- [HOTEL-MANAGEMENT-APPLICATION-ROOMSERVICE] [restartedMain] [                                                 ] o.hibernate.jpa.internal.util.LogHelper  : HHH000204: Processing PersistenceUnitInfo [name: default]
2025-08-15T20:43:44.851+05:30  INFO [HOTEL-MANAGEMENT-APPLICATION-ROOMSERVICE,,] 23396 --- [HOTEL-MANAGEMENT-APPLICATION-ROOMSERVICE] [restartedMain] [                                                 ] org.hibernate.Version                    : HHH000412: Hibernate ORM core version 6.6.22.Final
2025-08-15T20:43:44.894+05:30  INFO [HOTEL-MANAGEMENT-APPLICATION-ROOMSERVICE,,] 23396 --- [HOTEL-MANAGEMENT-APPLICATION-ROOMSERVICE] [restartedMain] [                                                 ] o.h.c.internal.RegionFactoryInitiator    : HHH000026: Second-level cache disabled
2025-08-15T20:43:45.225+05:30  INFO [HOTEL-MANAGEMENT-APPLICATION-ROOMSERVICE,,] 23396 --- [HOTEL-MANAGEMENT-APPLICATION-ROOMSERVICE] [restartedMain] [                                                 ] o.s.o.j.p.SpringPersistenceUnitInfo      : No LoadTimeWeaver setup: ignoring JPA class transformer
2025-08-15T20:43:45.260+05:30  INFO [HOTEL-MANAGEMENT-APPLICATION-ROOMSERVICE,,] 23396 --- [HOTEL-MANAGEMENT-APPLICATION-ROOMSERVICE] [restartedMain] [                                                 ] com.zaxxer.hikari.HikariDataSource       : HikariPool-1 - Starting...
2025-08-15T20:43:45.402+05:30  INFO [HOTEL-MANAGEMENT-APPLICATION-ROOMSERVICE,,] 23396 --- [HOTEL-MANAGEMENT-APPLICATION-ROOMSERVICE] [restartedMain] [                                                 ] com.zaxxer.hikari.pool.HikariPool        : HikariPool-1 - Added connection com.mysql.cj.jdbc.ConnectionImpl@16d85678
2025-08-15T20:43:45.404+05:30  INFO [HOTEL-MANAGEMENT-APPLICATION-ROOMSERVICE,,] 23396 --- [HOTEL-MANAGEMENT-APPLICATION-ROOMSERVICE] [restartedMain] [                                                 ] com.zaxxer.hikari.HikariDataSource       : HikariPool-1 - Start completed.
2025-08-15T20:43:45.443+05:30  WARN [HOTEL-MANAGEMENT-APPLICATION-ROOMSERVICE,,] 23396 --- [HOTEL-MANAGEMENT-APPLICATION-ROOMSERVICE] [restartedMain] [                                                 ] org.hibernate.dialect.Dialect            : HHH000511: The 5.5.27 version for [org.hibernate.dialect.MySQLDialect] is no longer supported, hence certain features may not work properly. The minimum supported version is 8.0.0. Check the community dialects project for available legacy versions.
2025-08-15T20:43:45.447+05:30  WARN [HOTEL-MANAGEMENT-APPLICATION-ROOMSERVICE,,] 23396 --- [HOTEL-MANAGEMENT-APPLICATION-ROOMSERVICE] [restartedMain] [                                                 ] org.hibernate.orm.deprecation            : HHH90000025: MySQLDialect does not need to be specified explicitly using 'hibernate.dialect' (remove the property setting and it will be selected by default)
2025-08-15T20:43:45.470+05:30  INFO [HOTEL-MANAGEMENT-APPLICATION-ROOMSERVICE,,] 23396 --- [HOTEL-MANAGEMENT-APPLICATION-ROOMSERVICE] [restartedMain] [                                                 ] org.hibernate.orm.connections.pooling    : HHH10001005: Database info:
	Database JDBC URL [Connecting through datasource 'HikariDataSource (HikariPool-1)']
	Database driver: undefined/unknown
	Database version: 5.5.27
	Autocommit mode: undefined/unknown
	Isolation level: undefined/unknown
	Minimum pool size: undefined/unknown
	Maximum pool size: undefined/unknown
2025-08-15T20:43:46.336+05:30  INFO [HOTEL-MANAGEMENT-APPLICATION-ROOMSERVICE,,] 23396 --- [HOTEL-MANAGEMENT-APPLICATION-ROOMSERVICE] [restartedMain] [                                                 ] o.h.e.t.j.p.i.JtaPlatformInitiator       : HHH000489: No JTA platform available (set 'hibernate.transaction.jta.platform' to enable JTA platform integration)
2025-08-15T20:43:46.372+05:30  INFO [HOTEL-MANAGEMENT-APPLICATION-ROOMSERVICE,,] 23396 --- [HOTEL-MANAGEMENT-APPLICATION-ROOMSERVICE] [restartedMain] [                                                 ] j.LocalContainerEntityManagerFactoryBean : Initialized JPA EntityManagerFactory for persistence unit 'default'
2025-08-15T20:43:46.848+05:30  WARN [HOTEL-MANAGEMENT-APPLICATION-ROOMSERVICE,,] 23396 --- [HOTEL-MANAGEMENT-APPLICATION-ROOMSERVICE] [restartedMain] [                                                 ] JpaBaseConfiguration$JpaWebConfiguration : spring.jpa.open-in-view is enabled by default. Therefore, database queries may be performed during view rendering. Explicitly configure spring.jpa.open-in-view to disable this warning
2025-08-15T20:43:46.968+05:30  WARN [HOTEL-MANAGEMENT-APPLICATION-ROOMSERVICE,,] 23396 --- [HOTEL-MANAGEMENT-APPLICATION-ROOMSERVICE] [restartedMain] [                                                 ] o.s.b.d.a.OptionalLiveReloadServer       : Unable to start LiveReload server
2025-08-15T20:43:47.041+05:30  INFO [HOTEL-MANAGEMENT-APPLICATION-ROOMSERVICE,,] 23396 --- [HOTEL-MANAGEMENT-APPLICATION-ROOMSERVICE] [restartedMain] [                                                 ] o.s.c.openfeign.FeignClientFactoryBean   : For 'HOTEL-MANAGEMENT-APPLICATION-HOTELSERVICE' URL not provided. Will try picking an instance via load-balancing.
2025-08-15T20:43:47.122+05:30  INFO [HOTEL-MANAGEMENT-APPLICATION-ROOMSERVICE,,] 23396 --- [HOTEL-MANAGEMENT-APPLICATION-ROOMSERVICE] [restartedMain] [                                                 ] o.s.c.openfeign.FeignClientFactoryBean   : For 'HOTEL-MANAGEMENT-APPLICATION-USERSERVICE' URL not provided. Will try picking an instance via load-balancing.
2025-08-15T20:43:48.833+05:30  INFO [HOTEL-MANAGEMENT-APPLICATION-ROOMSERVICE,,] 23396 --- [HOTEL-MANAGEMENT-APPLICATION-ROOMSERVICE] [restartedMain] [                                                 ] DiscoveryClientOptionalArgsConfiguration : Eureka HTTP Client uses RestTemplate.
2025-08-15T20:43:48.899+05:30  WARN [HOTEL-MANAGEMENT-APPLICATION-ROOMSERVICE,,] 23396 --- [HOTEL-MANAGEMENT-APPLICATION-ROOMSERVICE] [restartedMain] [                                                 ] iguration$LoadBalancerCaffeineWarnLogger : Spring Cloud LoadBalancer is currently working with the default cache. While this cache implementation is useful for development and tests, it's recommended to use Caffeine cache in production.You can switch to using Caffeine cache, by adding it and org.springframework.cache.caffeine.CaffeineCacheManager to the classpath.
2025-08-15T20:43:48.936+05:30  INFO [HOTEL-MANAGEMENT-APPLICATION-ROOMSERVICE,,] 23396 --- [HOTEL-MANAGEMENT-APPLICATION-ROOMSERVICE] [restartedMain] [                                                 ] o.s.b.a.e.web.EndpointLinksResolver      : Exposing 27 endpoints beneath base path '/actuator'
2025-08-15T20:43:49.051+05:30  INFO [HOTEL-MANAGEMENT-APPLICATION-ROOMSERVICE,,] 23396 --- [HOTEL-MANAGEMENT-APPLICATION-ROOMSERVICE] [restartedMain] [                                                 ] o.s.c.n.eureka.InstanceInfoFactory       : Setting initial instance status as: STARTING
2025-08-15T20:43:49.079+05:30  INFO [HOTEL-MANAGEMENT-APPLICATION-ROOMSERVICE,,] 23396 --- [HOTEL-MANAGEMENT-APPLICATION-ROOMSERVICE] [restartedMain] [                                                 ] com.netflix.discovery.DiscoveryClient    : Initializing Eureka in region us-east-1
2025-08-15T20:43:49.084+05:30  INFO [HOTEL-MANAGEMENT-APPLICATION-ROOMSERVICE,,] 23396 --- [HOTEL-MANAGEMENT-APPLICATION-ROOMSERVICE] [restartedMain] [                                                 ] c.n.d.s.r.aws.ConfigClusterResolver      : Resolving eureka endpoints via configuration
2025-08-15T20:43:49.092+05:30  INFO [HOTEL-MANAGEMENT-APPLICATION-ROOMSERVICE,,] 23396 --- [HOTEL-MANAGEMENT-APPLICATION-ROOMSERVICE] [restartedMain] [                                                 ] com.netflix.discovery.DiscoveryClient    : Disable delta property : false
2025-08-15T20:43:49.092+05:30  INFO [HOTEL-MANAGEMENT-APPLICATION-ROOMSERVICE,,] 23396 --- [HOTEL-MANAGEMENT-APPLICATION-ROOMSERVICE] [restartedMain] [                                                 ] com.netflix.discovery.DiscoveryClient    : Single vip registry refresh property : null
2025-08-15T20:43:49.092+05:30  INFO [HOTEL-MANAGEMENT-APPLICATION-ROOMSERVICE,,] 23396 --- [HOTEL-MANAGEMENT-APPLICATION-ROOMSERVICE] [restartedMain] [                                                 ] com.netflix.discovery.DiscoveryClient    : Force full registry fetch : false
2025-08-15T20:43:49.092+05:30  INFO [HOTEL-MANAGEMENT-APPLICATION-ROOMSERVICE,,] 23396 --- [HOTEL-MANAGEMENT-APPLICATION-ROOMSERVICE] [restartedMain] [                                                 ] com.netflix.discovery.DiscoveryClient    : Application is null : false
2025-08-15T20:43:49.092+05:30  INFO [HOTEL-MANAGEMENT-APPLICATION-ROOMSERVICE,,] 23396 --- [HOTEL-MANAGEMENT-APPLICATION-ROOMSERVICE] [restartedMain] [                                                 ] com.netflix.discovery.DiscoveryClient    : Registered Applications size is zero : true
2025-08-15T20:43:49.092+05:30  INFO [HOTEL-MANAGEMENT-APPLICATION-ROOMSERVICE,,] 23396 --- [HOTEL-MANAGEMENT-APPLICATION-ROOMSERVICE] [restartedMain] [                                                 ] com.netflix.discovery.DiscoveryClient    : Application version is -1: true
2025-08-15T20:43:49.093+05:30  INFO [HOTEL-MANAGEMENT-APPLICATION-ROOMSERVICE,,] 23396 --- [HOTEL-MANAGEMENT-APPLICATION-ROOMSERVICE] [restartedMain] [                                                 ] com.netflix.discovery.DiscoveryClient    : Getting all instance registry info from the eureka server
2025-08-15T20:43:49.357+05:30  INFO [HOTEL-MANAGEMENT-APPLICATION-ROOMSERVICE,,] 23396 --- [HOTEL-MANAGEMENT-APPLICATION-ROOMSERVICE] [restartedMain] [                                                 ] com.netflix.discovery.DiscoveryClient    : The response status is 200
2025-08-15T20:43:49.359+05:30  INFO [HOTEL-MANAGEMENT-APPLICATION-ROOMSERVICE,,] 23396 --- [HOTEL-MANAGEMENT-APPLICATION-ROOMSERVICE] [restartedMain] [                                                 ] com.netflix.discovery.DiscoveryClient    : Starting heartbeat executor: renew interval is: 30
2025-08-15T20:43:49.361+05:30  INFO [HOTEL-MANAGEMENT-APPLICATION-ROOMSERVICE,,] 23396 --- [HOTEL-MANAGEMENT-APPLICATION-ROOMSERVICE] [restartedMain] [                                                 ] c.n.discovery.InstanceInfoReplicator     : InstanceInfoReplicator onDemand update allowed rate per min is 4
2025-08-15T20:43:49.362+05:30  INFO [HOTEL-MANAGEMENT-APPLICATION-ROOMSERVICE,,] 23396 --- [HOTEL-MANAGEMENT-APPLICATION-ROOMSERVICE] [restartedMain] [                                                 ] com.netflix.discovery.DiscoveryClient    : Discovery Client initialized at timestamp 1755270829362 with initial instances count: 3
2025-08-15T20:43:49.376+05:30  INFO [HOTEL-MANAGEMENT-APPLICATION-ROOMSERVICE,,] 23396 --- [HOTEL-MANAGEMENT-APPLICATION-ROOMSERVICE] [restartedMain] [                                                 ] o.s.c.n.e.s.EurekaServiceRegistry        : Registering application HOTEL-MANAGEMENT-APPLICATION-ROOMSERVICE with eureka with status UP
2025-08-15T20:43:49.377+05:30  INFO [HOTEL-MANAGEMENT-APPLICATION-ROOMSERVICE,,] 23396 --- [HOTEL-MANAGEMENT-APPLICATION-ROOMSERVICE] [restartedMain] [                                                 ] com.netflix.discovery.DiscoveryClient    : Saw local status change event StatusChangeEvent [timestamp=1755270829377, current=UP, previous=STARTING]
2025-08-15T20:43:49.379+05:30  INFO [HOTEL-MANAGEMENT-APPLICATION-ROOMSERVICE,,] 23396 --- [HOTEL-MANAGEMENT-APPLICATION-ROOMSERVICE] [DiscoveryClient-InstanceInfoReplicator-%d] [                                                 ] com.netflix.discovery.DiscoveryClient    : DiscoveryClient_HOTEL-MANAGEMENT-APPLICATION-ROOMSERVICE/Shobhit:HOTEL-MANAGEMENT-APPLICATION-ROOMSERVICE:9093: registering service...
2025-08-15T20:43:49.389+05:30  INFO [HOTEL-MANAGEMENT-APPLICATION-ROOMSERVICE,,] 23396 --- [HOTEL-MANAGEMENT-APPLICATION-ROOMSERVICE] [restartedMain] [                                                 ] o.s.b.w.embedded.tomcat.TomcatWebServer  : Tomcat started on port 9093 (http) with context path '/'
2025-08-15T20:43:49.390+05:30  INFO [HOTEL-MANAGEMENT-APPLICATION-ROOMSERVICE,,] 23396 --- [HOTEL-MANAGEMENT-APPLICATION-ROOMSERVICE] [restartedMain] [                                                 ] .s.c.n.e.s.EurekaAutoServiceRegistration : Updating port to 9093
2025-08-15T20:43:49.414+05:30  INFO [HOTEL-MANAGEMENT-APPLICATION-ROOMSERVICE,,] 23396 --- [HOTEL-MANAGEMENT-APPLICATION-ROOMSERVICE] [restartedMain] [                                                 ] nagemntApplicationRoomServiceApplication : Started HotelManagemntApplicationRoomServiceApplication in 9.704 seconds (process running for 10.547)
2025-08-15T20:43:49.426+05:30  INFO [HOTEL-MANAGEMENT-APPLICATION-ROOMSERVICE,,] 23396 --- [HOTEL-MANAGEMENT-APPLICATION-ROOMSERVICE] [DiscoveryClient-InstanceInfoReplicator-%d] [                                                 ] com.netflix.discovery.DiscoveryClient    : DiscoveryClient_HOTEL-MANAGEMENT-APPLICATION-ROOMSERVICE/Shobhit:HOTEL-MANAGEMENT-APPLICATION-ROOMSERVICE:9093 - registration status: 204
2025-08-15T20:43:49.833+05:30  INFO [HOTEL-MANAGEMENT-APPLICATION-ROOMSERVICE,,] 23396 --- [HOTEL-MANAGEMENT-APPLICATION-ROOMSERVICE] [RMI TCP Connection(9)-127.0.0.1] [                                                 ] o.a.c.c.C.[Tomcat].[localhost].[/]       : Initializing Spring DispatcherServlet 'dispatcherServlet'
2025-08-15T20:43:49.833+05:30  INFO [HOTEL-MANAGEMENT-APPLICATION-ROOMSERVICE,,] 23396 --- [HOTEL-MANAGEMENT-APPLICATION-ROOMSERVICE] [RMI TCP Connection(9)-127.0.0.1] [                                                 ] o.s.web.servlet.DispatcherServlet        : Initializing Servlet 'dispatcherServlet'
2025-08-15T20:43:49.835+05:30  INFO [HOTEL-MANAGEMENT-APPLICATION-ROOMSERVICE,,] 23396 --- [HOTEL-MANAGEMENT-APPLICATION-ROOMSERVICE] [RMI TCP Connection(9)-127.0.0.1] [                                                 ] o.s.web.servlet.DispatcherServlet        : Completed initialization in 2 ms
2025-08-15T20:48:49.097+05:30  INFO [HOTEL-MANAGEMENT-APPLICATION-ROOMSERVICE,,] 23396 --- [HOTEL-MANAGEMENT-APPLICATION-ROOMSERVICE] [AsyncResolver-bootstrap-executor-%d] [                                                 ] c.n.d.s.r.aws.ConfigClusterResolver      : Resolving eureka endpoints via configuration
2025-08-15T20:53:49.107+05:30  INFO [HOTEL-MANAGEMENT-APPLICATION-ROOMSERVICE,,] 23396 --- [HOTEL-MANAGEMENT-APPLICATION-ROOMSERVICE] [AsyncResolver-bootstrap-executor-%d] [                                                 ] c.n.d.s.r.aws.ConfigClusterResolver      : Resolving eureka endpoints via configuration
2025-08-15T20:58:49.108+05:30  INFO [HOTEL-MANAGEMENT-APPLICATION-ROOMSERVICE,,] 23396 --- [HOTEL-MANAGEMENT-APPLICATION-ROOMSERVICE] [AsyncResolver-bootstrap-executor-%d] [                                                 ] c.n.d.s.r.aws.ConfigClusterResolver      : Resolving eureka endpoints via configuration
2025-08-15T21:47:56.705+05:30  WARN [HOTEL-MANAGEMENT-APPLICATION-ROOMSERVICE,,] 23396 --- [HOTEL-MANAGEMENT-APPLICATION-ROOMSERVICE] [HikariPool-1:housekeeper] [                                                 ] com.zaxxer.hikari.pool.HikariPool        : HikariPool-1 - Thread starvation or clock leap detected (housekeeper delta=45m10s921ms809s900ns).
2025-08-15T21:48:37.399+05:30  INFO [HOTEL-MANAGEMENT-APPLICATION-ROOMSERVICE,,] 23396 --- [HOTEL-MANAGEMENT-APPLICATION-ROOMSERVICE] [AsyncResolver-bootstrap-executor-%d] [                                                 ] c.n.d.s.r.aws.ConfigClusterResolver      : Resolving eureka endpoints via configuration
2025-08-15T21:49:24.443+05:30  INFO [HOTEL-MANAGEMENT-APPLICATION-ROOMSERVICE,,] 23396 --- [HOTEL-MANAGEMENT-APPLICATION-ROOMSERVICE] [RMI TCP Connection(35)-127.0.0.1] [                                                 ] inMXBeanRegistrar$SpringApplicationAdmin : Application shutdown requested.
2025-08-15T21:49:24.492+05:30  INFO [HOTEL-MANAGEMENT-APPLICATION-ROOMSERVICE,,] 23396 --- [HOTEL-MANAGEMENT-APPLICATION-ROOMSERVICE] [RMI TCP Connection(35)-127.0.0.1] [                                                 ] o.s.c.n.e.s.EurekaServiceRegistry        : Unregistering application HOTEL-MANAGEMENT-APPLICATION-ROOMSERVICE with eureka with status DOWN
2025-08-15T21:49:24.493+05:30  INFO [HOTEL-MANAGEMENT-APPLICATION-ROOMSERVICE,,] 23396 --- [HOTEL-MANAGEMENT-APPLICATION-ROOMSERVICE] [RMI TCP Connection(35)-127.0.0.1] [                                                 ] com.netflix.discovery.DiscoveryClient    : Saw local status change event StatusChangeEvent [timestamp=1755274764493, current=DOWN, previous=UP]
2025-08-15T21:49:24.494+05:30  INFO [HOTEL-MANAGEMENT-APPLICATION-ROOMSERVICE,,] 23396 --- [HOTEL-MANAGEMENT-APPLICATION-ROOMSERVICE] [DiscoveryClient-InstanceInfoReplicator-%d] [                                                 ] com.netflix.discovery.DiscoveryClient    : DiscoveryClient_HOTEL-MANAGEMENT-APPLICATION-ROOMSERVICE/Shobhit:HOTEL-MANAGEMENT-APPLICATION-ROOMSERVICE:9093: registering service...
2025-08-15T21:49:24.524+05:30  INFO [HOTEL-MANAGEMENT-APPLICATION-ROOMSERVICE,,] 23396 --- [HOTEL-MANAGEMENT-APPLICATION-ROOMSERVICE] [DiscoveryClient-InstanceInfoReplicator-%d] [                                                 ] com.netflix.discovery.DiscoveryClient    : DiscoveryClient_HOTEL-MANAGEMENT-APPLICATION-ROOMSERVICE/Shobhit:HOTEL-MANAGEMENT-APPLICATION-ROOMSERVICE:9093 - registration status: 204
2025-08-15T21:49:24.611+05:30  INFO [HOTEL-MANAGEMENT-APPLICATION-ROOMSERVICE,,] 23396 --- [HOTEL-MANAGEMENT-APPLICATION-ROOMSERVICE] [RMI TCP Connection(35)-127.0.0.1] [                                                 ] o.s.b.w.e.tomcat.GracefulShutdown        : Commencing graceful shutdown. Waiting for active requests to complete
2025-08-15T21:49:24.649+05:30  INFO [HOTEL-MANAGEMENT-APPLICATION-ROOMSERVICE,,] 23396 --- [HOTEL-MANAGEMENT-APPLICATION-ROOMSERVICE] [tomcat-shutdown] [                                                 ] o.s.b.w.e.tomcat.GracefulShutdown        : Graceful shutdown complete
2025-08-15T21:49:24.718+05:30  INFO [HOTEL-MANAGEMENT-APPLICATION-ROOMSERVICE,,] 23396 --- [HOTEL-MANAGEMENT-APPLICATION-ROOMSERVICE] [RMI TCP Connection(35)-127.0.0.1] [                                                 ] j.LocalContainerEntityManagerFactoryBean : Closing JPA EntityManagerFactory for persistence unit 'default'
2025-08-15T21:49:24.787+05:30  INFO [HOTEL-MANAGEMENT-APPLICATION-ROOMSERVICE,,] 23396 --- [HOTEL-MANAGEMENT-APPLICATION-ROOMSERVICE] [RMI TCP Connection(35)-127.0.0.1] [                                                 ] com.zaxxer.hikari.HikariDataSource       : HikariPool-1 - Shutdown initiated...
2025-08-15T21:49:24.792+05:30  INFO [HOTEL-MANAGEMENT-APPLICATION-ROOMSERVICE,,] 23396 --- [HOTEL-MANAGEMENT-APPLICATION-ROOMSERVICE] [RMI TCP Connection(35)-127.0.0.1] [                                                 ] com.zaxxer.hikari.HikariDataSource       : HikariPool-1 - Shutdown completed.
2025-08-15T21:49:25.598+05:30  INFO [HOTEL-MANAGEMENT-APPLICATION-ROOMSERVICE,,] 23396 --- [HOTEL-MANAGEMENT-APPLICATION-ROOMSERVICE] [RMI TCP Connection(35)-127.0.0.1] [                                                 ] com.netflix.discovery.DiscoveryClient    : Shutting down DiscoveryClient ...
2025-08-15T21:49:28.601+05:30  INFO [HOTEL-MANAGEMENT-APPLICATION-ROOMSERVICE,,] 23396 --- [HOTEL-MANAGEMENT-APPLICATION-ROOMSERVICE] [RMI TCP Connection(35)-127.0.0.1] [                                                 ] com.netflix.discovery.DiscoveryClient    : Unregistering ...
2025-08-15T21:49:28.613+05:30  INFO [HOTEL-MANAGEMENT-APPLICATION-ROOMSERVICE,,] 23396 --- [HOTEL-MANAGEMENT-APPLICATION-ROOMSERVICE] [RMI TCP Connection(35)-127.0.0.1] [                                                 ] com.netflix.discovery.DiscoveryClient    : DiscoveryClient_HOTEL-MANAGEMENT-APPLICATION-ROOMSERVICE/Shobhit:HOTEL-MANAGEMENT-APPLICATION-ROOMSERVICE:9093 - deregister  status: 200
2025-08-15T21:49:28.615+05:30  INFO [HOTEL-MANAGEMENT-APPLICATION-ROOMSERVICE,,] 23396 --- [HOTEL-MANAGEMENT-APPLICATION-ROOMSERVICE] [RMI TCP Connection(35)-127.0.0.1] [                                                 ] com.netflix.discovery.DiscoveryClient    : Completed shut down of DiscoveryClient
2025-08-15T22:11:34.802+05:30  INFO [HOTEL-MANAGEMENT-APPLICATION-ROOMSERVICE,,] 26140 --- [HOTEL-MANAGEMENT-APPLICATION-ROOMSERVICE] [restartedMain] [                                                 ] nagemntApplicationRoomServiceApplication : Starting HotelManagemntApplicationRoomServiceApplication using Java 21.0.7 with PID 26140 (E:\Wipro\Microservices\Hotel-Management-Microservice\Hotel-Management-Application-RoomService\target\classes started by Shobhit PC in E:\Wipro\Microservices\Hotel-Management-Microservice\Hotel-Management-Application-RoomService)
2025-08-15T22:11:34.815+05:30  INFO [HOTEL-MANAGEMENT-APPLICATION-ROOMSERVICE,,] 26140 --- [HOTEL-MANAGEMENT-APPLICATION-ROOMSERVICE] [restartedMain] [                                                 ] nagemntApplicationRoomServiceApplication : No active profile set, falling back to 1 default profile: "default"
2025-08-15T22:11:34.850+05:30  INFO [HOTEL-MANAGEMENT-APPLICATION-ROOMSERVICE,,] 26140 --- [HOTEL-MANAGEMENT-APPLICATION-ROOMSERVICE] [restartedMain] [                                                 ] o.s.c.c.c.ConfigServerConfigDataLoader   : Fetching config from server at : http://localhost:9053
2025-08-15T22:11:34.857+05:30  INFO [HOTEL-MANAGEMENT-APPLICATION-ROOMSERVICE,,] 26140 --- [HOTEL-MANAGEMENT-APPLICATION-ROOMSERVICE] [restartedMain] [                                                 ] o.s.c.c.c.ConfigServerConfigDataLoader   : Located environment: name=HOTEL-MANAGEMENT-APPLICATION-ROOMSERVICE, profiles=[default], label=null, version=67dbd04e6efed51f737a4b0f2094eae5b4d304e5, state=
2025-08-15T22:11:34.860+05:30  INFO [HOTEL-MANAGEMENT-APPLICATION-ROOMSERVICE,,] 26140 --- [HOTEL-MANAGEMENT-APPLICATION-ROOMSERVICE] [restartedMain] [                                                 ] .e.DevToolsPropertyDefaultsPostProcessor : Devtools property defaults active! Set 'spring.devtools.add-properties' to 'false' to disable
2025-08-15T22:11:34.860+05:30  INFO [HOTEL-MANAGEMENT-APPLICATION-ROOMSERVICE,,] 26140 --- [HOTEL-MANAGEMENT-APPLICATION-ROOMSERVICE] [restartedMain] [                                                 ] .e.DevToolsPropertyDefaultsPostProcessor : For additional web related logging consider setting the 'logging.level.web' property to 'DEBUG'
2025-08-15T22:11:35.878+05:30  INFO [HOTEL-MANAGEMENT-APPLICATION-ROOMSERVICE,,] 26140 --- [HOTEL-MANAGEMENT-APPLICATION-ROOMSERVICE] [restartedMain] [                                                 ] .s.d.r.c.RepositoryConfigurationDelegate : Bootstrapping Spring Data JPA repositories in DEFAULT mode.
2025-08-15T22:11:36.002+05:30  INFO [HOTEL-MANAGEMENT-APPLICATION-ROOMSERVICE,,] 26140 --- [HOTEL-MANAGEMENT-APPLICATION-ROOMSERVICE] [restartedMain] [                                                 ] .s.d.r.c.RepositoryConfigurationDelegate : Finished Spring Data repository scanning in 115 ms. Found 1 JPA repository interface.
2025-08-15T22:11:36.289+05:30  INFO [HOTEL-MANAGEMENT-APPLICATION-ROOMSERVICE,,] 26140 --- [HOTEL-MANAGEMENT-APPLICATION-ROOMSERVICE] [restartedMain] [                                                 ] o.s.cloud.context.scope.GenericScope     : BeanFactory id=f86c010b-5e0e-3c95-ae1f-133e2214ab8c
2025-08-15T22:11:37.091+05:30  INFO [HOTEL-MANAGEMENT-APPLICATION-ROOMSERVICE,,] 26140 --- [HOTEL-MANAGEMENT-APPLICATION-ROOMSERVICE] [restartedMain] [                                                 ] o.s.b.w.embedded.tomcat.TomcatWebServer  : Tomcat initialized with port 9093 (http)
2025-08-15T22:11:37.102+05:30  INFO [HOTEL-MANAGEMENT-APPLICATION-ROOMSERVICE,,] 26140 --- [HOTEL-MANAGEMENT-APPLICATION-ROOMSERVICE] [restartedMain] [                                                 ] o.apache.catalina.core.StandardService   : Starting service [Tomcat]
2025-08-15T22:11:37.103+05:30  INFO [HOTEL-MANAGEMENT-APPLICATION-ROOMSERVICE,,] 26140 --- [HOTEL-MANAGEMENT-APPLICATION-ROOMSERVICE] [restartedMain] [                                                 ] o.apache.catalina.core.StandardEngine    : Starting Servlet engine: [Apache Tomcat/10.1.43]
2025-08-15T22:11:37.173+05:30  INFO [HOTEL-MANAGEMENT-APPLICATION-ROOMSERVICE,,] 26140 --- [HOTEL-MANAGEMENT-APPLICATION-ROOMSERVICE] [restartedMain] [                                                 ] o.a.c.c.C.[Tomcat].[localhost].[/]       : Initializing Spring embedded WebApplicationContext
2025-08-15T22:11:37.174+05:30  INFO [HOTEL-MANAGEMENT-APPLICATION-ROOMSERVICE,,] 26140 --- [HOTEL-MANAGEMENT-APPLICATION-ROOMSERVICE] [restartedMain] [                                                 ] w.s.c.ServletWebServerApplicationContext : Root WebApplicationContext: initialization completed in 2314 ms
2025-08-15T22:11:37.898+05:30  INFO [HOTEL-MANAGEMENT-APPLICATION-ROOMSERVICE,,] 26140 --- [HOTEL-MANAGEMENT-APPLICATION-ROOMSERVICE] [restartedMain] [                                                 ] o.hibernate.jpa.internal.util.LogHelper  : HHH000204: Processing PersistenceUnitInfo [name: default]
2025-08-15T22:11:37.947+05:30  INFO [HOTEL-MANAGEMENT-APPLICATION-ROOMSERVICE,,] 26140 --- [HOTEL-MANAGEMENT-APPLICATION-ROOMSERVICE] [restartedMain] [                                                 ] org.hibernate.Version                    : HHH000412: Hibernate ORM core version 6.6.22.Final
2025-08-15T22:11:37.981+05:30  INFO [HOTEL-MANAGEMENT-APPLICATION-ROOMSERVICE,,] 26140 --- [HOTEL-MANAGEMENT-APPLICATION-ROOMSERVICE] [restartedMain] [                                                 ] o.h.c.internal.RegionFactoryInitiator    : HHH000026: Second-level cache disabled
2025-08-15T22:11:38.299+05:30  INFO [HOTEL-MANAGEMENT-APPLICATION-ROOMSERVICE,,] 26140 --- [HOTEL-MANAGEMENT-APPLICATION-ROOMSERVICE] [restartedMain] [                                                 ] o.s.o.j.p.SpringPersistenceUnitInfo      : No LoadTimeWeaver setup: ignoring JPA class transformer
2025-08-15T22:11:38.326+05:30  INFO [HOTEL-MANAGEMENT-APPLICATION-ROOMSERVICE,,] 26140 --- [HOTEL-MANAGEMENT-APPLICATION-ROOMSERVICE] [restartedMain] [                                                 ] com.zaxxer.hikari.HikariDataSource       : HikariPool-1 - Starting...
2025-08-15T22:11:38.468+05:30  INFO [HOTEL-MANAGEMENT-APPLICATION-ROOMSERVICE,,] 26140 --- [HOTEL-MANAGEMENT-APPLICATION-ROOMSERVICE] [restartedMain] [                                                 ] com.zaxxer.hikari.pool.HikariPool        : HikariPool-1 - Added connection com.mysql.cj.jdbc.ConnectionImpl@3bee67fe
2025-08-15T22:11:38.469+05:30  INFO [HOTEL-MANAGEMENT-APPLICATION-ROOMSERVICE,,] 26140 --- [HOTEL-MANAGEMENT-APPLICATION-ROOMSERVICE] [restartedMain] [                                                 ] com.zaxxer.hikari.HikariDataSource       : HikariPool-1 - Start completed.
2025-08-15T22:11:38.503+05:30  WARN [HOTEL-MANAGEMENT-APPLICATION-ROOMSERVICE,,] 26140 --- [HOTEL-MANAGEMENT-APPLICATION-ROOMSERVICE] [restartedMain] [                                                 ] org.hibernate.dialect.Dialect            : HHH000511: The 5.5.27 version for [org.hibernate.dialect.MySQLDialect] is no longer supported, hence certain features may not work properly. The minimum supported version is 8.0.0. Check the community dialects project for available legacy versions.
2025-08-15T22:11:38.507+05:30  WARN [HOTEL-MANAGEMENT-APPLICATION-ROOMSERVICE,,] 26140 --- [HOTEL-MANAGEMENT-APPLICATION-ROOMSERVICE] [restartedMain] [                                                 ] org.hibernate.orm.deprecation            : HHH90000025: MySQLDialect does not need to be specified explicitly using 'hibernate.dialect' (remove the property setting and it will be selected by default)
2025-08-15T22:11:38.532+05:30  INFO [HOTEL-MANAGEMENT-APPLICATION-ROOMSERVICE,,] 26140 --- [HOTEL-MANAGEMENT-APPLICATION-ROOMSERVICE] [restartedMain] [                                                 ] org.hibernate.orm.connections.pooling    : HHH10001005: Database info:
	Database JDBC URL [Connecting through datasource 'HikariDataSource (HikariPool-1)']
	Database driver: undefined/unknown
	Database version: 5.5.27
	Autocommit mode: undefined/unknown
	Isolation level: undefined/unknown
	Minimum pool size: undefined/unknown
	Maximum pool size: undefined/unknown
2025-08-15T22:11:39.239+05:30  INFO [HOTEL-MANAGEMENT-APPLICATION-ROOMSERVICE,,] 26140 --- [HOTEL-MANAGEMENT-APPLICATION-ROOMSERVICE] [restartedMain] [                                                 ] o.h.e.t.j.p.i.JtaPlatformInitiator       : HHH000489: No JTA platform available (set 'hibernate.transaction.jta.platform' to enable JTA platform integration)
2025-08-15T22:11:39.281+05:30  INFO [HOTEL-MANAGEMENT-APPLICATION-ROOMSERVICE,,] 26140 --- [HOTEL-MANAGEMENT-APPLICATION-ROOMSERVICE] [restartedMain] [                                                 ] j.LocalContainerEntityManagerFactoryBean : Initialized JPA EntityManagerFactory for persistence unit 'default'
2025-08-15T22:11:39.714+05:30  WARN [HOTEL-MANAGEMENT-APPLICATION-ROOMSERVICE,,] 26140 --- [HOTEL-MANAGEMENT-APPLICATION-ROOMSERVICE] [restartedMain] [                                                 ] JpaBaseConfiguration$JpaWebConfiguration : spring.jpa.open-in-view is enabled by default. Therefore, database queries may be performed during view rendering. Explicitly configure spring.jpa.open-in-view to disable this warning
2025-08-15T22:11:39.844+05:30  WARN [HOTEL-MANAGEMENT-APPLICATION-ROOMSERVICE,,] 26140 --- [HOTEL-MANAGEMENT-APPLICATION-ROOMSERVICE] [restartedMain] [                                                 ] o.s.b.d.a.OptionalLiveReloadServer       : Unable to start LiveReload server
2025-08-15T22:11:39.906+05:30  INFO [HOTEL-MANAGEMENT-APPLICATION-ROOMSERVICE,,] 26140 --- [HOTEL-MANAGEMENT-APPLICATION-ROOMSERVICE] [restartedMain] [                                                 ] o.s.c.openfeign.FeignClientFactoryBean   : For 'HOTEL-MANAGEMENT-APPLICATION-HOTELSERVICE' URL not provided. Will try picking an instance via load-balancing.
2025-08-15T22:11:39.987+05:30  INFO [HOTEL-MANAGEMENT-APPLICATION-ROOMSERVICE,,] 26140 --- [HOTEL-MANAGEMENT-APPLICATION-ROOMSERVICE] [restartedMain] [                                                 ] o.s.c.openfeign.FeignClientFactoryBean   : For 'HOTEL-MANAGEMENT-APPLICATION-USERSERVICE' URL not provided. Will try picking an instance via load-balancing.
2025-08-15T22:11:41.827+05:30  INFO [HOTEL-MANAGEMENT-APPLICATION-ROOMSERVICE,,] 26140 --- [HOTEL-MANAGEMENT-APPLICATION-ROOMSERVICE] [restartedMain] [                                                 ] DiscoveryClientOptionalArgsConfiguration : Eureka HTTP Client uses RestTemplate.
2025-08-15T22:11:41.897+05:30  WARN [HOTEL-MANAGEMENT-APPLICATION-ROOMSERVICE,,] 26140 --- [HOTEL-MANAGEMENT-APPLICATION-ROOMSERVICE] [restartedMain] [                                                 ] iguration$LoadBalancerCaffeineWarnLogger : Spring Cloud LoadBalancer is currently working with the default cache. While this cache implementation is useful for development and tests, it's recommended to use Caffeine cache in production.You can switch to using Caffeine cache, by adding it and org.springframework.cache.caffeine.CaffeineCacheManager to the classpath.
2025-08-15T22:11:41.924+05:30  INFO [HOTEL-MANAGEMENT-APPLICATION-ROOMSERVICE,,] 26140 --- [HOTEL-MANAGEMENT-APPLICATION-ROOMSERVICE] [restartedMain] [                                                 ] o.s.b.a.e.web.EndpointLinksResolver      : Exposing 27 endpoints beneath base path '/actuator'
2025-08-15T22:11:42.029+05:30  INFO [HOTEL-MANAGEMENT-APPLICATION-ROOMSERVICE,,] 26140 --- [HOTEL-MANAGEMENT-APPLICATION-ROOMSERVICE] [restartedMain] [                                                 ] o.s.c.n.eureka.InstanceInfoFactory       : Setting initial instance status as: STARTING
2025-08-15T22:11:42.052+05:30  INFO [HOTEL-MANAGEMENT-APPLICATION-ROOMSERVICE,,] 26140 --- [HOTEL-MANAGEMENT-APPLICATION-ROOMSERVICE] [restartedMain] [                                                 ] com.netflix.discovery.DiscoveryClient    : Initializing Eureka in region us-east-1
2025-08-15T22:11:42.055+05:30  INFO [HOTEL-MANAGEMENT-APPLICATION-ROOMSERVICE,,] 26140 --- [HOTEL-MANAGEMENT-APPLICATION-ROOMSERVICE] [restartedMain] [                                                 ] c.n.d.s.r.aws.ConfigClusterResolver      : Resolving eureka endpoints via configuration
2025-08-15T22:11:42.062+05:30  INFO [HOTEL-MANAGEMENT-APPLICATION-ROOMSERVICE,,] 26140 --- [HOTEL-MANAGEMENT-APPLICATION-ROOMSERVICE] [restartedMain] [                                                 ] com.netflix.discovery.DiscoveryClient    : Disable delta property : false
2025-08-15T22:11:42.063+05:30  INFO [HOTEL-MANAGEMENT-APPLICATION-ROOMSERVICE,,] 26140 --- [HOTEL-MANAGEMENT-APPLICATION-ROOMSERVICE] [restartedMain] [                                                 ] com.netflix.discovery.DiscoveryClient    : Single vip registry refresh property : null
2025-08-15T22:11:42.063+05:30  INFO [HOTEL-MANAGEMENT-APPLICATION-ROOMSERVICE,,] 26140 --- [HOTEL-MANAGEMENT-APPLICATION-ROOMSERVICE] [restartedMain] [                                                 ] com.netflix.discovery.DiscoveryClient    : Force full registry fetch : false
2025-08-15T22:11:42.063+05:30  INFO [HOTEL-MANAGEMENT-APPLICATION-ROOMSERVICE,,] 26140 --- [HOTEL-MANAGEMENT-APPLICATION-ROOMSERVICE] [restartedMain] [                                                 ] com.netflix.discovery.DiscoveryClient    : Application is null : false
2025-08-15T22:11:42.063+05:30  INFO [HOTEL-MANAGEMENT-APPLICATION-ROOMSERVICE,,] 26140 --- [HOTEL-MANAGEMENT-APPLICATION-ROOMSERVICE] [restartedMain] [                                                 ] com.netflix.discovery.DiscoveryClient    : Registered Applications size is zero : true
2025-08-15T22:11:42.063+05:30  INFO [HOTEL-MANAGEMENT-APPLICATION-ROOMSERVICE,,] 26140 --- [HOTEL-MANAGEMENT-APPLICATION-ROOMSERVICE] [restartedMain] [                                                 ] com.netflix.discovery.DiscoveryClient    : Application version is -1: true
2025-08-15T22:11:42.064+05:30  INFO [HOTEL-MANAGEMENT-APPLICATION-ROOMSERVICE,,] 26140 --- [HOTEL-MANAGEMENT-APPLICATION-ROOMSERVICE] [restartedMain] [                                                 ] com.netflix.discovery.DiscoveryClient    : Getting all instance registry info from the eureka server
2025-08-15T22:11:42.310+05:30  INFO [HOTEL-MANAGEMENT-APPLICATION-ROOMSERVICE,,] 26140 --- [HOTEL-MANAGEMENT-APPLICATION-ROOMSERVICE] [restartedMain] [                                                 ] com.netflix.discovery.DiscoveryClient    : The response status is 200
2025-08-15T22:11:42.312+05:30  INFO [HOTEL-MANAGEMENT-APPLICATION-ROOMSERVICE,,] 26140 --- [HOTEL-MANAGEMENT-APPLICATION-ROOMSERVICE] [restartedMain] [                                                 ] com.netflix.discovery.DiscoveryClient    : Starting heartbeat executor: renew interval is: 30
2025-08-15T22:11:42.313+05:30  INFO [HOTEL-MANAGEMENT-APPLICATION-ROOMSERVICE,,] 26140 --- [HOTEL-MANAGEMENT-APPLICATION-ROOMSERVICE] [restartedMain] [                                                 ] c.n.discovery.InstanceInfoReplicator     : InstanceInfoReplicator onDemand update allowed rate per min is 4
2025-08-15T22:11:42.314+05:30  INFO [HOTEL-MANAGEMENT-APPLICATION-ROOMSERVICE,,] 26140 --- [HOTEL-MANAGEMENT-APPLICATION-ROOMSERVICE] [restartedMain] [                                                 ] com.netflix.discovery.DiscoveryClient    : Discovery Client initialized at timestamp 1755276102314 with initial instances count: 3
2025-08-15T22:11:42.327+05:30  INFO [HOTEL-MANAGEMENT-APPLICATION-ROOMSERVICE,,] 26140 --- [HOTEL-MANAGEMENT-APPLICATION-ROOMSERVICE] [restartedMain] [                                                 ] o.s.c.n.e.s.EurekaServiceRegistry        : Registering application HOTEL-MANAGEMENT-APPLICATION-ROOMSERVICE with eureka with status UP
2025-08-15T22:11:42.328+05:30  INFO [HOTEL-MANAGEMENT-APPLICATION-ROOMSERVICE,,] 26140 --- [HOTEL-MANAGEMENT-APPLICATION-ROOMSERVICE] [restartedMain] [                                                 ] com.netflix.discovery.DiscoveryClient    : Saw local status change event StatusChangeEvent [timestamp=1755276102328, current=UP, previous=STARTING]
2025-08-15T22:11:42.330+05:30  INFO [HOTEL-MANAGEMENT-APPLICATION-ROOMSERVICE,,] 26140 --- [HOTEL-MANAGEMENT-APPLICATION-ROOMSERVICE] [DiscoveryClient-InstanceInfoReplicator-%d] [                                                 ] com.netflix.discovery.DiscoveryClient    : DiscoveryClient_HOTEL-MANAGEMENT-APPLICATION-ROOMSERVICE/Shobhit:HOTEL-MANAGEMENT-APPLICATION-ROOMSERVICE:9093: registering service...
2025-08-15T22:11:42.338+05:30  INFO [HOTEL-MANAGEMENT-APPLICATION-ROOMSERVICE,,] 26140 --- [HOTEL-MANAGEMENT-APPLICATION-ROOMSERVICE] [restartedMain] [                                                 ] o.s.b.w.embedded.tomcat.TomcatWebServer  : Tomcat started on port 9093 (http) with context path '/'
2025-08-15T22:11:42.339+05:30  INFO [HOTEL-MANAGEMENT-APPLICATION-ROOMSERVICE,,] 26140 --- [HOTEL-MANAGEMENT-APPLICATION-ROOMSERVICE] [restartedMain] [                                                 ] .s.c.n.e.s.EurekaAutoServiceRegistration : Updating port to 9093
2025-08-15T22:11:42.361+05:30  INFO [HOTEL-MANAGEMENT-APPLICATION-ROOMSERVICE,,] 26140 --- [HOTEL-MANAGEMENT-APPLICATION-ROOMSERVICE] [restartedMain] [                                                 ] nagemntApplicationRoomServiceApplication : Started HotelManagemntApplicationRoomServiceApplication in 16.333 seconds (process running for 17.332)
2025-08-15T22:11:42.369+05:30  INFO [HOTEL-MANAGEMENT-APPLICATION-ROOMSERVICE,,] 26140 --- [HOTEL-MANAGEMENT-APPLICATION-ROOMSERVICE] [DiscoveryClient-InstanceInfoReplicator-%d] [                                                 ] com.netflix.discovery.DiscoveryClient    : DiscoveryClient_HOTEL-MANAGEMENT-APPLICATION-ROOMSERVICE/Shobhit:HOTEL-MANAGEMENT-APPLICATION-ROOMSERVICE:9093 - registration status: 204
2025-08-15T22:11:42.718+05:30  INFO [HOTEL-MANAGEMENT-APPLICATION-ROOMSERVICE,,] 26140 --- [HOTEL-MANAGEMENT-APPLICATION-ROOMSERVICE] [RMI TCP Connection(6)-127.0.0.1] [                                                 ] o.a.c.c.C.[Tomcat].[localhost].[/]       : Initializing Spring DispatcherServlet 'dispatcherServlet'
2025-08-15T22:11:42.718+05:30  INFO [HOTEL-MANAGEMENT-APPLICATION-ROOMSERVICE,,] 26140 --- [HOTEL-MANAGEMENT-APPLICATION-ROOMSERVICE] [RMI TCP Connection(6)-127.0.0.1] [                                                 ] o.s.web.servlet.DispatcherServlet        : Initializing Servlet 'dispatcherServlet'
2025-08-15T22:11:42.720+05:30  INFO [HOTEL-MANAGEMENT-APPLICATION-ROOMSERVICE,,] 26140 --- [HOTEL-MANAGEMENT-APPLICATION-ROOMSERVICE] [RMI TCP Connection(6)-127.0.0.1] [                                                 ] o.s.web.servlet.DispatcherServlet        : Completed initialization in 2 ms
2025-08-15T22:16:42.073+05:30  INFO [HOTEL-MANAGEMENT-APPLICATION-ROOMSERVICE,,] 26140 --- [HOTEL-MANAGEMENT-APPLICATION-ROOMSERVICE] [AsyncResolver-bootstrap-executor-%d] [                                                 ] c.n.d.s.r.aws.ConfigClusterResolver      : Resolving eureka endpoints via configuration
2025-08-15T22:18:12.534+05:30  INFO [HOTEL-MANAGEMENT-APPLICATION-ROOMSERVICE,689f64cb247ad2ae810357b3bdb2b168,ab83a295c7bb60a9] 26140 --- [HOTEL-MANAGEMENT-APPLICATION-ROOMSERVICE] [http-nio-9093-exec-1] [689f64cb247ad2ae810357b3bdb2b168-ab83a295c7bb60a9] c.w.m.h.r.aop.RoomLoggingAspect          : Entering method: getRoomById with arguments: [2]
2025-08-15T22:18:12.792+05:30  INFO [HOTEL-MANAGEMENT-APPLICATION-ROOMSERVICE,689f64cb247ad2ae810357b3bdb2b168,ab83a295c7bb60a9] 26140 --- [HOTEL-MANAGEMENT-APPLICATION-ROOMSERVICE] [http-nio-9093-exec-1] [689f64cb247ad2ae810357b3bdb2b168-ab83a295c7bb60a9] c.w.m.h.r.aop.RoomLoggingAspect          : Exiting method: getRoomById
2025-08-15T22:18:20.373+05:30  INFO [HOTEL-MANAGEMENT-APPLICATION-ROOMSERVICE,689f64d4b38516f2e801f4644c607d30,82daa3bbcc48573a] 26140 --- [HOTEL-MANAGEMENT-APPLICATION-ROOMSERVICE] [http-nio-9093-exec-2] [689f64d4b38516f2e801f4644c607d30-82daa3bbcc48573a] c.w.m.h.r.aop.RoomLoggingAspect          : Entering method: getRoomById with arguments: [4]
2025-08-15T22:18:20.376+05:30  INFO [HOTEL-MANAGEMENT-APPLICATION-ROOMSERVICE,689f64d4b38516f2e801f4644c607d30,82daa3bbcc48573a] 26140 --- [HOTEL-MANAGEMENT-APPLICATION-ROOMSERVICE] [http-nio-9093-exec-2] [689f64d4b38516f2e801f4644c607d30-82daa3bbcc48573a] c.w.m.h.r.aop.RoomLoggingAspect          : Exiting method: getRoomById
2025-08-15T22:21:42.086+05:30  INFO [HOTEL-MANAGEMENT-APPLICATION-ROOMSERVICE,,] 26140 --- [HOTEL-MANAGEMENT-APPLICATION-ROOMSERVICE] [AsyncResolver-bootstrap-executor-%d] [                                                 ] c.n.d.s.r.aws.ConfigClusterResolver      : Resolving eureka endpoints via configuration
